
elastix is started at Fri Jun  5 04:08:48 2020.

which elastix:   /Users/abhijitc/Documents/Software/elastix-5.0.0-mac/bin/elastix
elastix runs at: Abhijits-MacBook-Air.local
  Mac OS X 10.15.4 (x64), 19E287
  with 8192 MB memory, and 2 cores @ 1600 MHz.
-------------------------------------------------------------------------

Running elastix with parameter file 0: "output/Image61_Green_Channel/2D_Rigid_2D_BSpline/Elastix_2D_Rigid_Dir/Parameters_Rigid.txt".

Current time: Fri Jun  5 04:08:48 2020.
Reading the elastix parameters from file ...

Installing all components.
InstallingComponents was successful.

ELASTIX version: 5.000
Command line options from ElastixBase:
-f        output/Image61_Green_Channel/2D_Rigid_2D_BSpline/Elastix_2D_Rigid_Dir/Elastix_2D_Rigid_Dir_target.mhd
-m        output/Image61_Green_Channel/2D_Rigid_2D_BSpline/Elastix_2D_Rigid_Dir/Elastix_2D_Rigid_Dir_moving.mhd
-fMask    unspecified, so no fixed mask used
-mMask    unspecified, so no moving mask used
-out      output/Image61_Green_Channel/2D_Rigid_2D_BSpline/Elastix_2D_Rigid_Dir/
-p        output/Image61_Green_Channel/2D_Rigid_2D_BSpline/Elastix_2D_Rigid_Dir/Parameters_Rigid.txt
-threads  unspecified, so all available threads are used
Command line options from TransformBase:
-t0       unspecified, so no initial transform used

=============== start of ParameterFile: output/Image61_Green_Channel/2D_Rigid_2D_BSpline/Elastix_2D_Rigid_Dir/Parameters_Rigid.txt ===============
// Example parameter file for rotation registration
// C-style comments: //

// The internal pixel type, used for internal computations
// Leave to float in general. 
// NB: this is not the type of the input images! The pixel 
// type of the input images is automatically read from the 
// images themselves.
// This setting can be changed to "short" to save some memory
// in case of very large 3D images.
(FixedInternalImagePixelType "float")
(MovingInternalImagePixelType "float")

// The dimensions of the fixed and moving image
// NB: This has to be specified by the user. The dimension of
// the images is currently NOT read from the images.
// Also note that some other settings may have to specified
// for each dimension separately.
(FixedImageDimension 2)
(MovingImageDimension 2)

// Specify whether you want to take into account the so-called
// direction cosines of the images. Recommended: true.
// In some cases, the direction cosines of the image are corrupt,
// due to image format conversions for example. In that case, you 
// may want to set this option to "false".
(UseDirectionCosines "true")

// **************** Main Components **************************

// The following components should usually be left as they are:
(Registration "MultiResolutionRegistration")
(Interpolator "BSplineInterpolator")
(ResampleInterpolator "FinalBSplineInterpolator")
(Resampler "DefaultResampler")

// These may be changed to Fixed/MovingSmoothingImagePyramid.
// See the manual.
(FixedImagePyramid "FixedRecursiveImagePyramid")
(MovingImagePyramid "MovingRecursiveImagePyramid")

// The following components are most important:
// The optimizer AdaptiveStochasticGradientDescent (ASGD) works
// quite ok in general. The Transform and Metric are important
// and need to be chosen careful for each application. See manual.
(Optimizer "AdaptiveStochasticGradientDescent")
(Transform "EulerTransform")
(Metric "AdvancedMattesMutualInformation")

// ***************** Transformation **************************

// Scales the rotations compared to the translations, to make
// sure they are in the same range. In general, it's best to  
// use automatic scales estimation:
(AutomaticScalesEstimation "true")

// Automatically guess an initial translation by aligning the
// geometric centers of the fixed and moving.
(AutomaticTransformInitialization "true")

// Whether transforms are combined by composition or by addition.
// In generally, Compose is the best option in most cases.
// It does not influence the results very much.
(HowToCombineTransforms "Compose")

// ******************* Similarity measure *********************

// Number of grey level bins in each resolution level,
// for the mutual information. 16 or 32 usually works fine.
// You could also employ a hierarchical strategy:
//(NumberOfHistogramBins 16 32 64)
(NumberOfHistogramBins 32)

// If you use a mask, this option is important. 
// If the mask serves as region of interest, set it to false.
// If the mask indicates which pixels are valid, then set it to true.
// If you do not use a mask, the option doesn't matter.
(ErodeMask "false")

// ******************** Multiresolution **********************

// The number of resolutions. 1 Is only enough if the expected
// deformations are small. 3 or 4 mostly works fine. For large
// images and large deformations, 5 or 6 may even be useful.
(NumberOfResolutions 4)

// The downsampling/blurring factors for the image pyramids.
// By default, the images are downsampled by a factor of 2
// compared to the next resolution.
// So, in 2D, with 4 resolutions, the following schedule is used:
//(ImagePyramidSchedule 8 8  4 4  2 2  1 1 )
// And in 3D:
//(ImagePyramidSchedule 8 8 8  4 4 4  2 2 2  1 1 1 )
// You can specify any schedule, for example:
//(ImagePyramidSchedule 4 4  4 3  2 1  1 1 )
// Make sure that the number of elements equals the number
// of resolutions times the image dimension.

// ******************* Optimizer ****************************

// Maximum number of iterations in each resolution level:
// 200-500 works usually fine for rigid registration.
// For more robustness, you may increase this to 1000-2000.
(MaximumNumberOfIterations 250)

// The step size of the optimizer, in mm. By default the voxel size is used.
// which usually works well. In case of unusual high-resolution images
// (eg histology) it is necessary to increase this value a bit, to the size
// of the "smallest visible structure" in the image:
//(MaximumStepLength 1.0)

// **************** Image sampling **********************

// Number of spatial samples used to compute the mutual
// information (and its derivative) in each iteration.
// With an AdaptiveStochasticGradientDescent optimizer,
// in combination with the two options below, around 2000
// samples may already suffice.
(NumberOfSpatialSamples 2048)

// Refresh these spatial samples in every iteration, and select
// them randomly. See the manual for information on other sampling
// strategies.
(NewSamplesEveryIteration "true")
(ImageSampler "Random")

// ************* Interpolation and Resampling ****************

// Order of B-Spline interpolation used during registration/optimisation.
// It may improve accuracy if you set this to 3. Never use 0.
// An order of 1 gives linear interpolation. This is in most 
// applications a good choice.
(BSplineInterpolationOrder 1)

// Order of B-Spline interpolation used for applying the final
// deformation.
// 3 gives good accuracy; recommended in most cases.
// 1 gives worse accuracy (linear interpolation)
// 0 gives worst accuracy, but is appropriate for binary images
// (masks, segmentations); equivalent to nearest neighbor interpolation.
(FinalBSplineInterpolationOrder 3)

//Default pixel value for pixels that come from outside the picture:
(DefaultPixelValue 0)

// Choose whether to generate the deformed moving image.
// You can save some time by setting this to false, if you are
// only interested in the final (nonrigidly) deformed moving image
// for example.
(WriteResultImage "true")

// The pixel type and format of the resulting deformed moving image
(ResultImagePixelType "short")
(ResultImageFormat "mhd")




=============== end of ParameterFile: output/Image61_Green_Channel/2D_Rigid_2D_BSpline/Elastix_2D_Rigid_Dir/Parameters_Rigid.txt ===============


Reading images...
Reading images took 7 ms.

WARNING: the fixed pyramid schedule is not fully specified!
  A default pyramid schedule is used.
WARNING: the moving pyramid schedule is not fully specified!
  A default pyramid schedule is used.
WARNING: The parameter "AutomaticTransformInitializationMethod", requested at entry number 0, does not exist at all.
  The default value "GeometricalCenter" is used instead.
Transform parameters are initialized as: [0, 0, 0]
Scales are estimated automatically.
Scales for transform parameters are: [44200.5, 1, 1]
Initialization of all components (before registration) took: 15 ms.
Preparation of the image pyramids took: 46 ms.

Resolution: 0
WARNING: The parameter "ShowExactMetricValue", requested at entry number 0, does not exist at all.
  The default value "false" is used instead.
WARNING: The parameter "CheckNumberOfSamples", requested at entry number 0, does not exist at all.
  The default value "true" is used instead.
WARNING: The parameter "UseMultiThreadingForMetrics", requested at entry number 0, does not exist at all.
  The default value "true" is used instead.
Setting the fixed masks took: 0 ms.
Setting the moving masks took: 0 ms.
WARNING: The parameter "NumberOfFixedHistogramBins", requested at entry number 0, does not exist at all.
  The default value "32" is used instead.
WARNING: The parameter "NumberOfMovingHistogramBins", requested at entry number 0, does not exist at all.
  The default value "32" is used instead.
WARNING: The parameter "FixedLimitRangeRatio", requested at entry number 0, does not exist at all.
  The default value "0.01" is used instead.
WARNING: The parameter "MovingLimitRangeRatio", requested at entry number 0, does not exist at all.
  The default value "0.01" is used instead.
WARNING: The parameter "FixedKernelBSplineOrder", requested at entry number 0, does not exist at all.
  The default value "0" is used instead.
WARNING: The parameter "MovingKernelBSplineOrder", requested at entry number 0, does not exist at all.
  The default value "3" is used instead.
WARNING: The parameter "UseFastAndLowMemoryVersion", requested at entry number 0, does not exist at all.
  The default value "true" is used instead.
WARNING: The parameter "UseJacobianPreconditioning", requested at entry number 0, does not exist at all.
  The default value "false" is used instead.
WARNING: The parameter "FiniteDifferenceDerivative", requested at entry number 0, does not exist at all.
  The default value "false" is used instead.
WARNING: The parameter "SP_A", requested at entry number 0, does not exist at all.
  The default value "20" is used instead.
WARNING: The parameter "MaximumNumberOfSamplingAttempts", requested at entry number 0, does not exist at all.
  The default value "0" is used instead.
WARNING: The parameter "SigmoidInitialTime", requested at entry number 0, does not exist at all.
  The default value "0" is used instead.
WARNING: The parameter "MaxBandCovSize", requested at entry number 0, does not exist at all.
  The default value "192" is used instead.
WARNING: The parameter "NumberOfBandStructureSamples", requested at entry number 0, does not exist at all.
  The default value "10" is used instead.
WARNING: The parameter "UseAdaptiveStepSizes", requested at entry number 0, does not exist at all.
  The default value "true" is used instead.
WARNING: The parameter "AutomaticParameterEstimation", requested at entry number 0, does not exist at all.
  The default value "true" is used instead.
WARNING: The parameter "UseConstantStep", requested at entry number 0, does not exist at all.
  The default value "false" is used instead.
WARNING: The parameter "MaximumStepLengthRatio", requested at entry number 0, does not exist at all.
  The default value "1" is used instead.
WARNING: The parameter "MaximumStepLength", requested at entry number 0, does not exist at all.
  The default value "1" is used instead.
WARNING: The parameter "NumberOfGradientMeasurements", requested at entry number 0, does not exist at all.
  The default value "0" is used instead.
WARNING: The parameter "NumberOfJacobianMeasurements", requested at entry number 0, does not exist at all.
  The default value "1000" is used instead.
WARNING: The parameter "NumberOfSamplesForExactGradient", requested at entry number 0, does not exist at all.
  The default value "100000" is used instead.
WARNING: The parameter "SigmoidScaleFactor", requested at entry number 0, does not exist at all.
  The default value "0.1" is used instead.
Elastix initialization of all components (for this resolution) took: 1 ms.
  Computing the fixed image extrema took 0 ms.
  Computing the moving image extrema took 0 ms.
Initialization of AdvancedMattesMutualInformation metric took: 1 ms.
Starting automatic parameter estimation for AdaptiveStochasticGradientDescent ...
WARNING: The parameter "ASGDParameterEstimationMethod", requested at entry number 0, does not exist at all.
  The default value "Original" is used instead.
  Computing JacobianTerms ...
  Computing the Jacobian terms took 0.002017s
  NumberOfGradientMeasurements to estimate sigma_i: 11
  Sampling gradients ...
  Sampling the gradients took 0.129733s
Automatic parameter estimation took 0.13s
1:ItNr	2:Metric	3a:Time	3b:StepSize	4:||Gradient||	Time[ms]
0	-0.243830	0.000000	43.089163	0.010185	139.0
1	-0.278223	0.000000	43.089163	0.008157	4.8
2	-0.253557	0.000000	43.089163	0.007145	5.0
3	-0.278474	0.000000	43.089163	0.007812	4.6
4	-0.269475	0.000000	43.089163	0.007521	8.0
5	-0.282253	0.000000	43.089163	0.005277	6.1
6	-0.272485	0.000000	43.089163	0.009675	6.7
7	-0.282576	0.000000	43.089163	0.005470	13.8
8	-0.270886	0.000000	43.089163	0.008506	10.9
9	-0.282946	0.000000	43.089163	0.007414	4.5
10	-0.296954	0.000000	43.089163	0.006476	4.2
11	-0.293044	0.000000	43.089163	0.005725	4.5
12	-0.293635	0.000000	43.089163	0.015485	4.9
13	-0.324504	0.000000	43.089163	0.008648	3.7
14	-0.329909	0.000000	43.089163	0.012564	3.6
15	-0.284486	0.000000	43.089163	0.009545	3.9
16	-0.292612	0.000000	43.089163	0.006731	5.8
17	-0.317599	0.000000	43.089163	0.011904	4.1
18	-0.307257	0.000000	43.089163	0.005309	3.8
19	-0.298540	0.000000	43.089163	0.011586	4.7
20	-0.337830	0.000000	43.089163	0.009216	6.3
21	-0.335297	0.000000	43.089163	0.007425	4.1
22	-0.331320	0.000000	43.089163	0.007223	4.2
23	-0.338611	0.000000	43.089163	0.010612	3.9
24	-0.324234	0.000000	43.089163	0.007535	4.1
25	-0.346948	0.000000	43.089163	0.003543	4.8
26	-0.324173	0.000000	43.089163	0.005659	4.3
27	-0.326340	0.000000	43.089163	0.007022	3.8
28	-0.341396	0.000000	43.089163	0.007411	3.7
29	-0.347699	0.000000	43.089163	0.005384	3.7
30	-0.309945	0.000000	43.089163	0.007841	5.7
31	-0.357614	0.000000	43.089163	0.011061	4.4
32	-0.321899	0.000000	43.089163	0.009588	3.8
33	-0.342511	0.000000	43.089163	0.005068	4.2
34	-0.355197	0.000000	43.089163	0.007844	4.9
35	-0.355417	0.000000	43.089163	0.009369	3.8
36	-0.348545	0.000000	43.089163	0.010134	3.6
37	-0.365429	0.000000	43.089163	0.006252	3.8
38	-0.338325	0.000000	43.089163	0.005288	4.4
39	-0.333776	0.000000	43.089163	0.004451	4.4
40	-0.366837	1.000000	41.130565	0.007899	3.7
41	-0.374455	0.737156	41.627913	0.011402	4.5
42	-0.372414	0.474080	42.137889	0.002575	5.3
43	-0.360761	0.211005	42.660516	0.004331	5.4
44	-0.349653	0.612999	41.867046	0.006884	3.8
45	-0.333875	1.598213	40.041768	0.004997	3.6
46	-0.349418	1.335138	40.513402	0.004435	3.7
47	-0.339375	1.072590	40.995298	0.010915	4.4
48	-0.347785	0.809822	41.489216	0.008281	5.1
49	-0.366881	0.546747	41.995779	0.007478	4.6
50	-0.388713	0.283671	42.514865	0.010121	4.4
51	-0.363195	0.020596	43.046944	0.004572	4.7
52	-0.370989	0.000000	43.089163	0.008973	5.5
53	-0.386575	0.000000	43.089163	0.010876	4.4
54	-0.374935	0.000000	43.089163	0.008115	3.5
55	-0.356403	0.000000	43.089163	0.002959	4.9
56	-0.398676	0.823592	41.463038	0.007728	4.2
57	-0.390089	1.823592	39.646364	0.007651	3.7
58	-0.355195	1.560516	40.108675	0.002233	3.7
59	-0.386350	2.525074	38.464168	0.004609	4.1
60	-0.404074	2.321447	38.800012	0.010309	6.9
61	-0.407601	2.058372	39.242685	0.002783	5.2
62	-0.372093	1.795296	39.695576	0.011650	4.9
63	-0.393908	1.532221	40.159043	0.005518	6.0
64	-0.373723	1.269145	40.633459	0.004245	4.0
65	-0.371140	1.006070	41.119219	0.005690	3.6
66	-0.389667	0.824506	41.461301	0.003050	3.5
67	-0.361349	0.759189	41.585761	0.004211	4.5
68	-0.368400	1.759119	39.758676	0.007273	4.5
69	-0.381338	2.408917	38.655031	0.006198	4.0
70	-0.391509	2.145842	39.094384	0.002355	4.3
71	-0.376202	3.060123	37.608803	0.004722	4.4
72	-0.391808	2.985542	37.725745	0.008438	5.2
73	-0.384696	2.722466	38.144112	0.005558	5.7
74	-0.389115	2.459391	38.571863	0.001552	5.4
75	-0.391837	2.197844	39.006746	0.002520	3.6
76	-0.384491	1.987830	39.363107	0.007206	4.8
77	-0.386216	1.725601	39.817315	0.003769	4.0
78	-0.351684	1.462526	40.283645	0.000243	3.5
79	-0.382289	1.426091	40.349093	0.005603	3.5
80	-0.367912	1.248725	40.670754	0.002789	9.2
81	-0.391798	2.248723	38.921382	0.003947	9.7
82	-0.353382	3.211004	37.374428	0.003257	5.5
83	-0.390503	3.794952	36.494219	0.004568	6.0
84	-0.375954	3.531893	36.885552	0.002535	3.8
85	-0.388171	3.268826	37.285381	0.005335	3.7
86	-0.391352	3.005751	37.693985	0.006812	4.8
87	-0.359141	2.744159	38.109264	0.006878	5.0
88	-0.370037	2.481084	38.536229	0.004364	5.0
89	-0.379244	2.218008	38.972870	0.002113	4.7
90	-0.366704	2.221308	38.967331	0.006970	7.2
91	-0.401869	2.044113	39.266967	0.003308	7.6
92	-0.397223	1.782833	39.717291	0.003256	4.5
93	-0.392546	2.158754	39.072587	0.007742	3.9
94	-0.384519	3.149737	37.469246	0.003383	5.3
95	-0.403648	2.886671	37.881898	0.009610	4.4
96	-0.368862	2.623595	38.303756	0.007953	3.6
97	-0.405605	2.360520	38.735115	0.007413	3.6
98	-0.386366	2.097444	39.176300	0.003707	8.3
99	-0.370354	2.694307	38.189444	0.009483	4.7
100	-0.425245	2.431232	38.618218	0.005502	6.2
101	-0.392099	3.431232	37.037527	0.001956	6.7
102	-0.406208	3.168221	37.440588	0.007223	4.5
103	-0.401473	4.168200	35.953005	0.005732	4.0
104	-0.408243	5.168200	34.579085	0.001745	4.0
105	-0.396965	6.167434	33.307247	0.005308	4.7
106	-0.411385	7.165500	32.126978	0.006371	4.4
107	-0.385926	6.903476	32.428663	0.006617	3.8
108	-0.395041	6.755445	32.601618	0.011608	4.6
109	-0.386449	7.755445	31.467863	0.008183	6.2
110	-0.411387	8.755445	30.410313	0.010392	7.4
111	-0.380882	8.492370	30.681577	0.002078	4.9
112	-0.416882	8.229296	30.957722	0.003693	3.4
113	-0.369834	9.197964	29.964683	0.003623	4.7
114	-0.374604	8.934889	30.228019	0.010619	4.2
115	-0.413791	8.671815	30.496025	0.007701	3.5
116	-0.418912	8.408739	30.768827	0.006948	3.5
117	-0.394950	8.145664	31.046553	0.001431	3.5
118	-0.371033	9.145157	30.017174	0.001987	4.6
119	-0.411614	9.504143	29.663919	0.005292	6.4
120	-0.381849	9.663993	29.509283	0.006055	5.5
121	-0.401413	10.663993	28.577332	0.001913	5.4
122	-0.434086	10.549854	28.680717	0.003563	6.2
123	-0.384808	11.020056	28.259551	0.005213	4.2
124	-0.379462	10.815826	28.440953	0.004975	3.7
125	-0.410277	10.552802	28.678037	0.004405	4.3
126	-0.414749	10.302927	28.906959	0.004313	5.0
127	-0.414304	10.039853	29.151956	0.004131	3.6
128	-0.375444	11.039788	28.242148	0.008089	5.5
129	-0.404722	10.776712	28.475961	0.007627	4.5
130	-0.404998	10.513637	28.713678	0.005523	5.0
131	-0.416925	11.513002	27.831094	0.008924	4.7
132	-0.395490	12.512805	27.000796	0.008919	4.0
133	-0.395705	12.249730	27.214429	0.001537	3.6
134	-0.385995	13.249669	26.419888	0.004222	4.2
135	-0.388429	13.251074	26.418804	0.006326	5.0
136	-0.414096	14.251074	25.669357	0.001730	3.6
137	-0.379165	13.988149	25.862255	0.003451	3.5
138	-0.402379	13.748870	26.040341	0.007545	3.6
139	-0.377615	14.748845	25.311934	0.005658	11.3
140	-0.399978	15.748845	24.623153	0.008866	6.0
141	-0.405543	16.748845	23.970864	0.005725	5.0
142	-0.411178	16.485770	24.139091	0.010153	4.7
143	-0.399581	16.222694	24.309697	0.004310	3.9
144	-0.406544	15.959619	24.482731	0.004557	3.5
145	-0.399860	15.696544	24.658247	0.005474	3.5
146	-0.415055	16.696543	24.004122	0.004663	3.7
147	-0.387581	16.434431	24.172196	0.002691	5.3
148	-0.394226	16.172716	24.342381	0.001839	3.9
149	-0.403515	16.074450	24.406900	0.004140	3.7
150	-0.408710	15.812773	24.580393	0.002652	4.1
151	-0.393876	16.781566	23.950104	0.003315	5.0
152	-0.402498	16.525057	24.113819	0.005560	3.7
153	-0.420922	16.261986	24.284063	0.004451	4.2
154	-0.410422	15.998912	24.456731	0.006064	3.6
155	-0.406866	15.761946	24.614377	0.004305	4.7
156	-0.390275	15.498876	24.791788	0.004442	3.8
157	-0.408872	15.235805	24.971777	0.005766	3.5
158	-0.422840	14.972729	25.154400	0.005262	3.5
159	-0.406263	14.709654	25.339714	0.009203	3.7
160	-0.406758	15.709417	24.649599	0.004104	5.2
161	-0.415039	15.446342	24.827524	0.011509	5.1
162	-0.417533	15.984506	24.466257	0.003271	3.9
163	-0.402728	16.911055	23.868299	0.008011	4.7
164	-0.395863	17.911055	23.254893	0.009232	5.2
165	-0.420330	18.911055	22.672225	0.007360	4.8
166	-0.398678	18.647980	22.822661	0.002013	3.7
167	-0.389510	19.254945	22.478540	0.002968	3.5
168	-0.414403	20.146416	21.991525	0.003798	3.5
169	-0.405104	21.128671	21.478779	0.002941	4.7
170	-0.420163	22.128596	20.980799	0.002104	4.6
171	-0.404549	21.970969	21.057762	0.004077	3.8
172	-0.399705	22.025317	21.031162	0.002917	4.5
173	-0.419672	21.762353	21.160492	0.005364	4.1
174	-0.375759	22.762304	20.676983	0.007527	5.0
175	-0.414237	22.499228	20.802034	0.002608	4.7
176	-0.413910	23.498128	20.335067	0.007070	3.6
177	-0.441198	24.498127	19.888124	0.004699	3.9
178	-0.406628	25.479349	19.468268	0.001811	4.4
179	-0.367282	25.246472	19.566302	0.003903	3.8
180	-0.399163	26.214559	19.165114	0.004337	3.5
181	-0.412245	25.955030	19.271044	0.008244	3.6
182	-0.412260	25.691957	19.379621	0.002365	5.4
183	-0.427180	26.691957	18.973271	0.002145	6.3
184	-0.385727	26.544288	19.032200	0.005838	5.2
185	-0.406778	26.281648	19.137921	0.003344	5.4
186	-0.458008	27.281491	18.741601	0.002476	5.6
187	-0.397099	28.241883	18.376072	0.005532	4.6
188	-0.407629	27.978809	18.474774	0.006306	6.8
189	-0.397016	28.978809	18.105122	0.008660	6.2
190	-0.363193	29.978809	17.749972	0.004062	4.2
191	-0.392497	30.897449	17.435778	0.003961	4.9
192	-0.418898	31.418142	17.262581	0.002338	4.6
193	-0.417768	32.400132	16.945134	0.006207	9.0
194	-0.388353	32.137061	17.029027	0.001924	6.3
195	-0.405570	31.873990	17.113753	0.004833	3.4
196	-0.403452	31.610955	17.199316	0.001576	4.9
197	-0.385198	32.585661	16.886466	0.006784	4.3
198	-0.398340	33.566319	16.582984	0.007917	3.6
199	-0.374517	33.303244	16.663322	0.005918	3.4
200	-0.396616	33.040186	16.744436	0.005110	3.7
201	-0.411861	32.777110	16.826349	0.001673	5.8
202	-0.409035	32.514155	16.909029	0.005483	3.9
203	-0.398899	32.252766	16.992027	0.004829	3.7
204	-0.415789	33.252766	16.678826	0.007150	3.9
205	-0.449327	34.252766	16.376961	0.008071	4.3
206	-0.404744	35.252766	16.085830	0.002304	5.2
207	-0.412290	36.252651	15.804900	0.002195	3.7
208	-0.397057	36.071237	15.855139	0.007232	3.6
209	-0.400228	35.905732	15.901252	0.006813	3.5
210	-0.417593	35.662981	15.969375	0.002376	4.5
211	-0.406545	35.399973	16.043845	0.004981	4.1
212	-0.415659	35.136935	16.119021	0.004654	3.5
213	-0.401917	34.875501	16.194439	0.005286	3.5
214	-0.404402	34.612469	16.271035	0.006068	3.5
215	-0.403594	35.612469	15.983624	0.005988	4.2
216	-0.378961	35.349393	16.058246	0.002703	5.1
217	-0.385798	35.086884	16.133405	0.003529	3.8
218	-0.403975	34.823959	16.209392	0.005249	3.7
219	-0.376536	34.560884	16.286141	0.004303	3.4
220	-0.406212	35.560884	15.998201	0.007001	4.9
221	-0.409808	36.560884	15.720266	0.008923	4.1
222	-0.413052	37.559250	15.452254	0.002844	3.5
223	-0.392847	37.296175	15.521986	0.007535	3.5
224	-0.412712	37.054067	15.586719	0.006476	3.8
225	-0.417014	38.054067	15.322779	0.006012	8.9
226	-0.397797	39.054067	15.067629	0.004336	5.7
227	-0.433454	40.054066	14.820838	0.006506	7.7
228	-0.426834	39.791010	14.884971	0.002743	6.0
229	-0.389248	39.527946	14.949663	0.006435	3.9
230	-0.420826	40.527946	14.706690	0.004766	3.4
231	-0.385609	41.527946	14.471488	0.003213	3.4
232	-0.439598	42.517156	14.246111	0.002780	4.6
233	-0.424741	43.495808	14.029942	0.003730	4.4
234	-0.401625	43.402832	14.050196	0.001782	8.0
235	-0.409637	43.205673	14.093341	0.007494	4.5
236	-0.389961	42.944939	14.150806	0.003919	5.1
237	-0.405104	43.944939	13.932917	0.000999	4.7
238	-0.423229	43.873902	13.948173	0.007039	4.3
239	-0.418310	43.611248	14.004874	0.001748	3.7
240	-0.417157	44.394937	13.837041	0.006296	5.0
241	-0.417828	45.394148	13.628798	0.006037	5.1
242	-0.404376	46.394148	13.426573	0.006483	3.6
243	-0.406172	46.131073	13.479189	0.005704	3.8
244	-0.433228	45.868669	13.532084	0.002639	10.1
245	-0.391865	45.605627	13.585525	0.005835	4.1
246	-0.430302	45.430348	13.621371	0.006761	4.0
247	-0.434752	45.167273	13.675528	0.007351	4.9
248	-0.406960	44.904197	13.730118	0.005482	4.4
249	-0.394771	44.641122	13.785146	0.001683	3.8
Time spent in resolution 0 (ITK initialization and iterating): 1.364 s.
Stopping condition: Maximum number of iterations has been reached.
Settings of AdaptiveStochasticGradientDescent in resolution 0:
( SP_a 904.872419 )
( SP_A 20.000000 )
( SP_alpha 1.000000 )
( SigmoidMax 1.000000 )
( SigmoidMin -0.263075 )
( SigmoidScale 0.000001 )


Resolution: 1
WARNING: The parameter "ShowExactMetricValue", requested at entry number 1, does not exist at all.
  The default value "false" is used instead.
WARNING: The parameter "CheckNumberOfSamples", requested at entry number 1, does not exist at all.
  The default value "true" is used instead.
WARNING: The parameter "UseMultiThreadingForMetrics", requested at entry number 1, does not exist at all.
  The default value "true" is used instead.
Setting the fixed masks took: 0 ms.
Setting the moving masks took: 0 ms.
WARNING: The parameter "NumberOfFixedHistogramBins", requested at entry number 1, does not exist at all.
  The default value "32" is used instead.
WARNING: The parameter "NumberOfMovingHistogramBins", requested at entry number 1, does not exist at all.
  The default value "32" is used instead.
WARNING: The parameter "FixedLimitRangeRatio", requested at entry number 1, does not exist at all.
  The default value "0.01" is used instead.
WARNING: The parameter "MovingLimitRangeRatio", requested at entry number 1, does not exist at all.
  The default value "0.01" is used instead.
WARNING: The parameter "FixedKernelBSplineOrder", requested at entry number 1, does not exist at all.
  The default value "0" is used instead.
WARNING: The parameter "MovingKernelBSplineOrder", requested at entry number 1, does not exist at all.
  The default value "3" is used instead.
WARNING: The parameter "UseFastAndLowMemoryVersion", requested at entry number 1, does not exist at all.
  The default value "true" is used instead.
WARNING: The parameter "UseJacobianPreconditioning", requested at entry number 1, does not exist at all.
  The default value "false" is used instead.
WARNING: The parameter "FiniteDifferenceDerivative", requested at entry number 1, does not exist at all.
  The default value "false" is used instead.
WARNING: The parameter "SP_A", requested at entry number 1, does not exist at all.
  The default value "20" is used instead.
WARNING: The parameter "MaximumNumberOfSamplingAttempts", requested at entry number 1, does not exist at all.
  The default value "0" is used instead.
WARNING: The parameter "SigmoidInitialTime", requested at entry number 1, does not exist at all.
  The default value "0" is used instead.
WARNING: The parameter "MaxBandCovSize", requested at entry number 1, does not exist at all.
  The default value "192" is used instead.
WARNING: The parameter "NumberOfBandStructureSamples", requested at entry number 1, does not exist at all.
  The default value "10" is used instead.
WARNING: The parameter "UseAdaptiveStepSizes", requested at entry number 1, does not exist at all.
  The default value "true" is used instead.
WARNING: The parameter "AutomaticParameterEstimation", requested at entry number 1, does not exist at all.
  The default value "true" is used instead.
WARNING: The parameter "UseConstantStep", requested at entry number 1, does not exist at all.
  The default value "false" is used instead.
WARNING: The parameter "MaximumStepLengthRatio", requested at entry number 1, does not exist at all.
  The default value "1" is used instead.
WARNING: The parameter "MaximumStepLength", requested at entry number 1, does not exist at all.
  The default value "1" is used instead.
WARNING: The parameter "NumberOfGradientMeasurements", requested at entry number 1, does not exist at all.
  The default value "0" is used instead.
WARNING: The parameter "NumberOfJacobianMeasurements", requested at entry number 1, does not exist at all.
  The default value "1000" is used instead.
WARNING: The parameter "NumberOfSamplesForExactGradient", requested at entry number 1, does not exist at all.
  The default value "100000" is used instead.
WARNING: The parameter "SigmoidScaleFactor", requested at entry number 1, does not exist at all.
  The default value "0.1" is used instead.
Elastix initialization of all components (for this resolution) took: 0 ms.
  Computing the fixed image extrema took 0 ms.
  Computing the moving image extrema took 0 ms.
Initialization of AdvancedMattesMutualInformation metric took: 1 ms.
Starting automatic parameter estimation for AdaptiveStochasticGradientDescent ...
WARNING: The parameter "ASGDParameterEstimationMethod", requested at entry number 0, does not exist at all.
  The default value "Original" is used instead.
  Computing JacobianTerms ...
  Computing the Jacobian terms took 0.001229s
  NumberOfGradientMeasurements to estimate sigma_i: 11
  Sampling gradients ...
  Sampling the gradients took 0.433358s
Automatic parameter estimation took 0.43s
1:ItNr	2:Metric	3a:Time	3b:StepSize	4:||Gradient||	Time[ms]
0	-0.302634	0.000000	8.310128	0.010708	441.7
1	-0.310733	0.000000	8.310128	0.001938	3.6
2	-0.327618	0.000000	8.310128	0.009495	4.6
3	-0.314169	0.245329	8.214167	0.003921	5.1
4	-0.315251	1.010149	7.928737	0.018013	3.5
5	-0.308279	0.072247	8.281637	0.012606	3.6
6	-0.312282	1.072247	7.906431	0.004167	3.5
7	-0.296227	1.093269	7.898908	0.003501	6.6
8	-0.264682	0.646362	8.061987	0.008337	3.9
9	-0.310940	0.000000	8.310128	0.007891	4.1
10	-0.305685	0.956336	7.948170	0.007404	4.8
11	-0.306270	1.872552	7.629787	0.012133	5.4
12	-0.288360	2.866539	7.312023	0.008459	4.1
13	-0.306457	1.957403	7.601587	0.009102	3.5
14	-0.286866	1.171616	7.870996	0.013254	3.6
15	-0.295137	0.233921	8.218581	0.013218	4.1
16	-0.296018	0.000000	8.310128	0.010453	5.6
17	-0.317026	0.000000	8.310128	0.006670	3.7
18	-0.291337	0.000000	8.310128	0.007143	3.4
19	-0.300303	0.952705	7.949485	0.012352	3.6
20	-0.307748	0.406891	8.152174	0.012324	4.8
21	-0.296171	1.406891	7.788349	0.005614	5.4
22	-0.300758	0.468753	8.128683	0.008237	4.3
23	-0.296442	1.463513	7.768718	0.012624	3.7
24	-0.317397	0.526743	8.106786	0.005335	4.7
25	-0.305184	0.000000	8.310128	0.015015	4.5
26	-0.303957	0.000000	8.310128	0.008360	3.6
27	-0.295842	0.043765	8.292846	0.003708	3.6
28	-0.296206	0.936638	7.955307	0.006487	3.7
29	-0.314526	0.650607	8.060407	0.002307	5.4
30	-0.305669	1.140168	7.882176	0.010940	10.6
31	-0.286951	1.336173	7.813008	0.006797	5.7
32	-0.297282	2.334910	7.478610	0.013003	6.0
33	-0.285615	1.396564	7.791940	0.005763	3.7
34	-0.288263	2.393719	7.459810	0.009260	3.6
35	-0.286621	3.363941	7.162745	0.007650	3.6
36	-0.311596	2.440644	7.444876	0.015018	4.7
37	-0.316691	1.505702	7.754155	0.000700	4.1
38	-0.324983	1.351317	7.807714	0.002925	5.3
39	-0.314691	1.424955	7.782076	0.002825	3.6
40	-0.302279	1.427418	7.781221	0.007584	4.7
41	-0.324831	1.735968	7.675622	0.001501	4.9
42	-0.296935	2.016611	7.582032	0.003212	4.4
43	-0.308391	1.858796	7.634378	0.008454	4.5
44	-0.317642	1.070300	7.907128	0.011968	4.3
45	-0.316180	0.131831	8.258285	0.010932	5.2
46	-0.307041	0.965787	7.944750	0.004935	4.0
47	-0.330081	1.961985	7.600070	0.002334	3.6
48	-0.306851	2.112554	7.550558	0.012977	3.7
49	-0.325374	1.211330	7.856922	0.008139	4.9
50	-0.306870	2.074244	7.563095	0.006503	4.8
51	-0.307647	2.994351	7.273074	0.011544	3.5
52	-0.307907	3.986266	6.984345	0.007093	6.4
53	-0.320761	3.240787	7.199135	0.007726	6.9
54	-0.311889	4.238195	6.914627	0.005466	3.5
55	-0.319904	3.572592	7.101925	0.010778	3.7
56	-0.321046	2.812038	7.328759	0.003288	3.9
57	-0.305031	3.624494	7.086956	0.007966	4.6
58	-0.290448	3.680291	7.070934	0.005059	4.0
59	-0.324003	4.673370	6.797421	0.008229	4.1
60	-0.312833	3.747120	7.051838	0.006364	3.5
61	-0.284931	2.815714	7.327628	0.010341	3.6
62	-0.309851	1.878387	7.627841	0.004827	6.5
63	-0.287672	0.941917	7.953393	0.010159	8.0
64	-0.309894	0.016379	8.303652	0.009005	3.5
65	-0.309831	0.668273	8.053835	0.005888	4.9
66	-0.326602	0.000000	8.310128	0.010305	4.0
67	-0.288748	0.946275	7.951814	0.011213	3.6
68	-0.300746	1.833110	7.642966	0.002844	3.5
69	-0.289919	1.108188	7.893577	0.011589	4.1
70	-0.308089	0.845495	7.988498	0.007149	6.3
71	-0.304479	1.500031	7.756109	0.010679	4.4
72	-0.324845	0.888757	7.972709	0.002612	4.4
73	-0.299589	1.693154	7.690103	0.006633	6.8
74	-0.312778	1.627116	7.712547	0.003179	4.1
75	-0.294714	0.839041	7.990859	0.007790	3.6
76	-0.304523	0.342714	8.176687	0.005839	3.6
77	-0.303674	1.211953	7.856702	0.005616	3.7
78	-0.314264	2.188666	7.525776	0.009658	4.8
79	-0.292975	3.148973	7.226506	0.007753	4.4
80	-0.313638	2.217174	7.516535	0.010654	3.8
81	-0.291599	3.217135	7.206166	0.006683	3.7
82	-0.289435	4.216952	6.920452	0.008667	3.6
83	-0.310305	3.279929	7.187529	0.005974	7.5
84	-0.326842	2.342887	7.476055	0.012899	5.2
85	-0.281678	1.404472	7.789190	0.004229	3.7
86	-0.296236	0.467416	8.129190	0.007501	4.3
87	-0.300260	0.000000	8.310128	0.003643	5.0
88	-0.324620	0.000000	8.310128	0.010295	3.7
89	-0.313467	0.000000	8.310128	0.005425	3.5
90	-0.324699	0.000000	8.310128	0.014419	3.7
91	-0.303982	0.000000	8.310128	0.009368	4.4
92	-0.289847	0.999856	7.932447	0.003237	4.9
93	-0.278755	1.827229	7.644936	0.021823	4.0
94	-0.308554	2.825241	7.324698	0.005138	4.0
95	-0.330850	3.825191	7.029662	0.002541	4.4
96	-0.317353	4.232775	6.916112	0.007067	4.9
97	-0.304177	4.009666	6.977810	0.005281	3.7
98	-0.318155	3.121579	7.234713	0.009827	3.6
99	-0.315681	2.214199	7.517498	0.005476	3.6
100	-0.323702	3.212920	7.207420	0.008215	5.0
101	-0.322468	4.205523	6.923589	0.006835	4.4
102	-0.280560	3.338655	7.170187	0.006636	3.9
103	-0.312377	3.778340	7.042953	0.007592	3.7
104	-0.297605	4.367847	6.879287	0.005686	3.4
105	-0.303801	3.550887	7.108203	0.001670	3.7
106	-0.312027	3.377487	7.158765	0.012247	4.8
107	-0.316881	4.266706	6.906824	0.013216	4.0
108	-0.290962	3.328236	7.173257	0.006377	3.6
109	-0.314152	4.211865	6.921848	0.010345	3.5
110	-0.318522	4.370828	6.878478	0.013203	4.7
111	-0.311915	5.370828	6.617642	0.004040	4.3
112	-0.308486	6.276937	6.397811	0.004513	3.5
113	-0.316616	6.188268	6.418676	0.012685	3.5
114	-0.287137	6.721267	6.295264	0.003180	3.5
115	-0.295795	5.828954	6.504640	0.008104	4.1
116	-0.291040	6.690470	6.302266	0.006807	4.7
117	-0.268529	7.689072	6.082898	0.006021	3.9
118	-0.306477	6.892857	6.256537	0.005607	3.5
119	-0.289896	6.935939	6.246889	0.016295	3.6
120	-0.312452	5.997474	6.464038	0.007690	4.8
121	-0.310893	6.028146	6.456702	0.014166	4.3
122	-0.293078	7.027772	6.226420	0.005784	3.4
123	-0.318349	6.132692	6.431824	0.008724	3.6
124	-0.289921	5.199742	6.660856	0.003396	4.2
125	-0.305955	6.071914	6.446264	0.002779	5.1
126	-0.296936	6.142738	6.429443	0.004794	3.5
127	-0.279435	5.564590	6.569373	0.004176	3.6
128	-0.323580	4.938170	6.728026	0.008439	3.4
129	-0.315279	4.069751	6.961086	0.002844	3.8
130	-0.301994	4.213119	6.921504	0.005719	4.7
131	-0.321524	4.014374	6.976497	0.008941	3.9
132	-0.299499	4.875078	6.744432	0.011365	3.5
133	-0.323775	5.875076	6.493477	0.004164	3.5
134	-0.311083	4.940315	6.727470	0.007295	3.5
135	-0.304689	4.162663	6.935383	0.008309	4.6
136	-0.299854	4.849842	6.751016	0.005456	4.1
137	-0.322512	3.914312	7.004516	0.009874	3.4
138	-0.310620	3.010536	7.268171	0.010257	3.5
139	-0.293204	2.072473	7.563675	0.018640	4.8
140	-0.319192	1.166543	7.872797	0.014480	4.7
141	-0.318201	2.166543	7.532962	0.006380	3.5
142	-0.312462	3.166060	7.221396	0.009030	3.6
143	-0.307514	2.229105	7.512674	0.007029	4.0
144	-0.334148	3.221408	7.204895	0.012171	4.6
145	-0.294466	4.215145	6.920948	0.013526	4.3
146	-0.289957	3.276675	7.188492	0.007486	3.5
147	-0.297795	4.272634	6.905204	0.007601	3.6
148	-0.302733	5.269541	6.643157	0.016890	3.5
149	-0.305171	6.269528	6.399550	0.008603	4.6
150	-0.319136	7.269528	6.173173	0.006829	4.3
151	-0.286808	7.352907	6.155019	0.003305	3.8
152	-0.314505	6.535623	6.337706	0.006293	3.7
153	-0.297144	5.725884	6.529726	0.009889	3.7
154	-0.309508	4.789386	6.766842	0.011074	4.7
155	-0.305206	5.583085	6.564802	0.013759	4.5
156	-0.341514	6.583085	6.326801	0.007444	3.6
157	-0.324157	7.582942	6.105484	0.005220	3.5
158	-0.285474	8.550208	5.905633	0.008347	4.0
159	-0.298276	7.615440	6.098550	0.006457	4.8
160	-0.311023	8.611089	5.893491	0.003914	3.6
161	-0.307954	7.842718	6.050494	0.012723	3.6
162	-0.294357	7.994519	6.018817	0.005606	3.5
163	-0.313506	7.379365	6.149281	0.007606	4.2
164	-0.293034	6.637879	6.314258	0.005548	4.6
165	-0.285122	6.148462	6.428088	0.016765	4.0
166	-0.306780	7.132622	6.203215	0.003097	3.8
167	-0.318102	6.986765	6.235544	0.007498	3.8
168	-0.318823	7.857290	6.047439	0.012251	4.9
169	-0.287278	8.841563	5.847974	0.007048	4.2
170	-0.307688	9.838570	5.658910	0.013801	3.5
171	-0.331521	10.019250	5.625948	0.010611	3.6
172	-0.324634	11.017747	5.450499	0.012300	3.7
173	-0.282726	12.017745	5.285421	0.008575	4.6
174	-0.299850	12.560942	5.199875	0.007892	4.1
175	-0.299203	11.634836	5.347436	0.011065	3.7
176	-0.309140	10.698597	5.505376	0.012700	3.4
177	-0.313032	11.632019	5.347898	0.009109	3.5
178	-0.318469	12.631542	5.188959	0.008911	4.6
179	-0.309917	13.626269	5.039893	0.009706	4.4
180	-0.319207	12.687842	5.180287	0.004938	3.5
181	-0.298480	12.288701	5.242400	0.014128	3.6
182	-0.305038	11.528706	5.364883	0.014324	3.6
183	-0.312280	10.590237	5.524260	0.007035	4.7
184	-0.314318	11.569438	5.358173	0.013366	4.6
185	-0.301828	10.631542	5.517047	0.009733	3.6
186	-0.301316	11.631542	5.347976	0.011172	3.4
187	-0.306229	10.693073	5.506335	0.013422	3.7
188	-0.299921	9.754603	5.674360	0.010963	4.9
189	-0.297222	10.754011	5.495769	0.012991	4.0
190	-0.307924	11.753995	5.327982	0.004589	3.5
191	-0.283271	12.752428	5.170374	0.004734	3.4
192	-0.292638	12.404833	5.224175	0.008802	4.4
193	-0.286274	12.309519	5.239124	0.004814	4.7
194	-0.286375	11.376889	5.390039	0.005854	3.5
195	-0.304574	11.222847	5.415806	0.010561	3.5
196	-0.326126	10.286655	5.577864	0.006334	3.6
197	-0.280255	11.285414	5.405311	0.005740	4.2
198	-0.303770	10.374302	5.562281	0.011817	4.7
199	-0.304840	9.436058	5.733748	0.004670	3.7
200	-0.302848	9.000143	5.817062	0.004724	3.6
201	-0.318566	9.050194	5.807373	0.004919	3.5
202	-0.300779	9.425585	5.735722	0.004220	3.5
203	-0.303915	8.831683	5.849911	0.004999	4.2
204	-0.289120	7.995436	6.018626	0.014707	7.6
205	-0.306851	8.995336	5.817994	0.010360	3.9
206	-0.296824	8.056866	6.005902	0.008784	4.8
207	-0.304276	8.947779	5.827233	0.006486	4.3
208	-0.286550	8.224338	5.971485	0.013931	3.4
209	-0.311080	9.224277	5.773925	0.006237	3.5
210	-0.307851	10.224220	5.589017	0.003794	3.4
211	-0.285224	9.598017	5.703399	0.005079	6.3
212	-0.300140	8.793302	5.857447	0.005694	3.8
213	-0.295232	7.929291	6.032387	0.005803	3.4
214	-0.303081	8.062763	6.004683	0.002646	3.4
215	-0.314646	7.436013	6.137031	0.004120	3.7
216	-0.304729	7.613954	6.098867	0.003309	4.8
217	-0.300740	7.147920	6.199843	0.008733	4.0
218	-0.274666	6.434329	6.361107	0.009757	3.5
219	-0.295620	7.434315	6.137397	0.008706	3.5
220	-0.308812	6.496235	6.346785	0.002626	3.4
221	-0.295737	6.569188	6.329990	0.006781	4.0
222	-0.331776	7.336560	6.158570	0.010618	4.7
223	-0.294440	8.310256	5.953981	0.001649	3.8
224	-0.313064	8.249038	5.966442	0.008345	3.4
225	-0.281879	8.048629	6.007605	0.005426	3.5
226	-0.322284	7.255522	6.176233	0.013911	4.5
227	-0.299963	8.254786	5.965270	0.009301	4.5
228	-0.291511	9.254764	5.768106	0.005918	4.0
229	-0.304134	8.348826	5.946156	0.004816	3.4
230	-0.301385	7.498234	6.123632	0.005272	3.5
231	-0.316616	8.014382	6.014696	0.006578	4.7
232	-0.287607	7.252944	6.176797	0.013121	4.4
233	-0.335122	8.252792	5.965677	0.010704	3.6
234	-0.322750	9.198297	5.778892	0.008754	3.5
235	-0.278442	10.198290	5.593662	0.010941	3.6
236	-0.282527	11.168950	5.424880	0.008481	4.5
237	-0.282280	10.494629	5.541030	0.009291	4.6
238	-0.314590	11.494579	5.370517	0.011340	3.5
239	-0.311353	12.494306	5.210220	0.013585	3.5
240	-0.296162	13.494306	5.059174	0.007262	4.2
241	-0.296888	14.494302	4.916640	0.005948	4.4
242	-0.283026	13.749302	5.022049	0.009845	3.7
243	-0.284097	14.703909	4.887776	0.006457	3.6
244	-0.303280	13.868988	5.004811	0.012168	3.6
245	-0.312443	12.930564	5.143230	0.005547	4.7
246	-0.287732	12.809141	5.161702	0.005763	4.5
247	-0.290516	12.736485	5.172818	0.005810	3.5
248	-0.286805	13.674568	5.032873	0.006182	3.6
249	-0.308543	14.402408	4.929402	0.008822	3.5
Time spent in resolution 1 (ITK initialization and iterating): 1.526 s.
Stopping condition: Maximum number of iterations has been reached.
Settings of AdaptiveStochasticGradientDescent in resolution 1:
( SP_a 174.512694 )
( SP_A 20.000000 )
( SP_alpha 1.000000 )
( SigmoidMax 1.000000 )
( SigmoidMin -0.938470 )
( SigmoidScale 0.000007 )


Resolution: 2
WARNING: The parameter "ShowExactMetricValue", requested at entry number 2, does not exist at all.
  The default value "false" is used instead.
WARNING: The parameter "CheckNumberOfSamples", requested at entry number 2, does not exist at all.
  The default value "true" is used instead.
WARNING: The parameter "UseMultiThreadingForMetrics", requested at entry number 2, does not exist at all.
  The default value "true" is used instead.
Setting the fixed masks took: 0 ms.
Setting the moving masks took: 0 ms.
WARNING: The parameter "NumberOfFixedHistogramBins", requested at entry number 2, does not exist at all.
  The default value "32" is used instead.
WARNING: The parameter "NumberOfMovingHistogramBins", requested at entry number 2, does not exist at all.
  The default value "32" is used instead.
WARNING: The parameter "FixedLimitRangeRatio", requested at entry number 2, does not exist at all.
  The default value "0.01" is used instead.
WARNING: The parameter "MovingLimitRangeRatio", requested at entry number 2, does not exist at all.
  The default value "0.01" is used instead.
WARNING: The parameter "FixedKernelBSplineOrder", requested at entry number 2, does not exist at all.
  The default value "0" is used instead.
WARNING: The parameter "MovingKernelBSplineOrder", requested at entry number 2, does not exist at all.
  The default value "3" is used instead.
WARNING: The parameter "UseFastAndLowMemoryVersion", requested at entry number 2, does not exist at all.
  The default value "true" is used instead.
WARNING: The parameter "UseJacobianPreconditioning", requested at entry number 2, does not exist at all.
  The default value "false" is used instead.
WARNING: The parameter "FiniteDifferenceDerivative", requested at entry number 2, does not exist at all.
  The default value "false" is used instead.
WARNING: The parameter "SP_A", requested at entry number 2, does not exist at all.
  The default value "20" is used instead.
WARNING: The parameter "MaximumNumberOfSamplingAttempts", requested at entry number 2, does not exist at all.
  The default value "0" is used instead.
WARNING: The parameter "SigmoidInitialTime", requested at entry number 2, does not exist at all.
  The default value "0" is used instead.
WARNING: The parameter "MaxBandCovSize", requested at entry number 2, does not exist at all.
  The default value "192" is used instead.
WARNING: The parameter "NumberOfBandStructureSamples", requested at entry number 2, does not exist at all.
  The default value "10" is used instead.
WARNING: The parameter "UseAdaptiveStepSizes", requested at entry number 2, does not exist at all.
  The default value "true" is used instead.
WARNING: The parameter "AutomaticParameterEstimation", requested at entry number 2, does not exist at all.
  The default value "true" is used instead.
WARNING: The parameter "UseConstantStep", requested at entry number 2, does not exist at all.
  The default value "false" is used instead.
WARNING: The parameter "MaximumStepLengthRatio", requested at entry number 2, does not exist at all.
  The default value "1" is used instead.
WARNING: The parameter "MaximumStepLength", requested at entry number 2, does not exist at all.
  The default value "1" is used instead.
WARNING: The parameter "NumberOfGradientMeasurements", requested at entry number 2, does not exist at all.
  The default value "0" is used instead.
WARNING: The parameter "NumberOfJacobianMeasurements", requested at entry number 2, does not exist at all.
  The default value "1000" is used instead.
WARNING: The parameter "NumberOfSamplesForExactGradient", requested at entry number 2, does not exist at all.
  The default value "100000" is used instead.
WARNING: The parameter "SigmoidScaleFactor", requested at entry number 2, does not exist at all.
  The default value "0.1" is used instead.
Elastix initialization of all components (for this resolution) took: 1 ms.
  Computing the fixed image extrema took 0 ms.
  Computing the moving image extrema took 0 ms.
Initialization of AdvancedMattesMutualInformation metric took: 3 ms.
Starting automatic parameter estimation for AdaptiveStochasticGradientDescent ...
WARNING: The parameter "ASGDParameterEstimationMethod", requested at entry number 0, does not exist at all.
  The default value "Original" is used instead.
  Computing JacobianTerms ...
  Computing the Jacobian terms took 0.001255s
  NumberOfGradientMeasurements to estimate sigma_i: 11
  Sampling gradients ...
  Sampling the gradients took 1.337327s
Automatic parameter estimation took 1.34s
1:ItNr	2:Metric	3a:Time	3b:StepSize	4:||Gradient||	Time[ms]
0	-0.214307	0.000000	3.587419	0.013477	1347.0
1	-0.235710	0.000000	3.587419	0.018325	4.0
2	-0.224301	0.000000	3.587419	0.016938	3.6
3	-0.213254	0.000000	3.587419	0.013130	3.6
4	-0.217910	0.000000	3.587419	0.012042	4.6
5	-0.238385	0.923317	3.436332	0.013278	4.5
6	-0.209925	0.000000	3.587419	0.009519	3.5
7	-0.225188	0.000000	3.587419	0.020415	3.6
8	-0.237170	0.999971	3.424359	0.016187	3.5
9	-0.238901	0.019570	3.584079	0.020981	4.7
10	-0.239375	1.019570	3.421311	0.008548	4.4
11	-0.235510	2.019570	3.272685	0.020131	3.7
12	-0.224001	1.105990	3.407936	0.005007	3.5
13	-0.243154	0.125592	3.566092	0.007787	3.4
14	-0.240689	0.000000	3.587419	0.017538	3.6
15	-0.246492	0.998933	3.424521	0.035924	4.6
16	-0.254833	1.998933	3.275622	0.006497	4.3
17	-0.236531	1.018531	3.421473	0.012223	3.6
18	-0.227953	1.475165	3.351958	0.012900	3.7
19	-0.239538	2.475165	3.209170	0.007890	4.6
20	-0.225618	1.858119	3.295801	0.013291	4.1
21	-0.232687	0.877720	3.443494	0.015221	3.5
22	-0.218230	0.000000	3.587419	0.007827	3.4
23	-0.241295	0.999999	3.424355	0.025502	3.5
24	-0.226191	0.019778	3.584044	0.016123	4.3
25	-0.226532	0.000000	3.587419	0.005754	4.9
26	-0.245139	0.998436	3.424598	0.009290	3.6
27	-0.231534	1.989610	3.276950	0.024486	3.5
28	-0.249963	2.989610	3.140351	0.014421	4.1
29	-0.223432	3.989610	3.014685	0.022398	4.7
30	-0.214286	4.989610	2.898689	0.017123	3.9
31	-0.237219	5.989610	2.791289	0.010585	3.5
32	-0.228413	5.009208	2.896505	0.012879	3.7
33	-0.248779	6.009188	2.789266	0.012615	4.1
34	-0.230620	7.008320	2.689765	0.015877	4.7
35	-0.227133	8.008284	2.597044	0.020928	3.9
36	-0.230817	9.008284	2.510500	0.011412	3.5
37	-0.230843	10.008284	2.429538	0.017539	3.5
38	-0.226520	11.007185	2.353715	0.009774	3.4
39	-0.228408	10.027748	2.428014	0.014788	5.6
40	-0.229969	10.363249	2.402041	0.017832	4.3
41	-0.242983	9.382855	2.479550	0.010467	3.6
42	-0.219815	10.381961	2.400609	0.010866	3.5
43	-0.215942	10.782220	2.370376	0.013390	4.7
44	-0.234343	11.782220	2.298069	0.005636	4.3
45	-0.219968	12.777756	2.230338	0.004303	3.6
46	-0.210708	13.516429	2.182607	0.017492	3.5
47	-0.236663	14.511884	2.121425	0.014635	3.5
48	-0.205793	15.511884	2.063323	0.004849	5.0
49	-0.249770	14.560236	2.118541	0.016881	4.0
50	-0.240014	13.579910	2.178600	0.018251	3.7
51	-0.230848	13.538076	2.181239	0.010077	3.5
52	-0.264743	12.557728	2.244961	0.009129	4.3
53	-0.267154	11.712188	2.302989	0.025370	4.8
54	-0.237495	10.731786	2.374143	0.027674	3.5
55	-0.252909	11.731786	2.301610	0.017196	3.5
56	-0.224949	10.751385	2.372678	0.009335	3.9
57	-0.230041	9.772456	2.448157	0.028589	4.2
58	-0.239581	8.792055	2.528721	0.009403	4.9
59	-0.232505	9.790031	2.446760	0.013927	3.6
60	-0.213850	8.809700	2.527224	0.004679	3.6
61	-0.208767	7.835857	2.612574	0.014995	3.7
62	-0.242655	8.801436	2.527925	0.013906	3.4
63	-0.229275	7.821035	2.613917	0.010612	4.6
64	-0.254223	6.934696	2.696854	0.006207	4.4
65	-0.202157	7.845939	2.611661	0.017091	3.5
66	-0.231414	6.865541	2.703547	0.008264	3.5
67	-0.219825	7.865540	2.609887	0.007567	4.6
68	-0.206588	8.648783	2.540941	0.008427	4.4
69	-0.220530	7.670576	2.627635	0.010014	3.6
70	-0.227020	7.742442	2.621065	0.014952	3.5
71	-0.251287	8.742442	2.532939	0.018545	3.6
72	-0.208429	9.742442	2.450547	0.015952	4.8
73	-0.238661	10.742442	2.373346	0.008827	4.3
74	-0.240152	11.742435	2.300861	0.009672	4.0
75	-0.220162	10.765668	2.371611	0.010942	3.7
76	-0.223898	9.785274	2.447138	0.010531	4.8
77	-0.234468	8.806892	2.527463	0.010092	5.4
78	-0.243191	9.645098	2.458331	0.033267	3.7
79	-0.222165	10.645098	2.380647	0.012420	3.7
80	-0.210511	11.645098	2.307722	0.003390	3.8
81	-0.244081	11.137891	2.344143	0.015227	4.7
82	-0.220692	10.966153	2.356737	0.023838	4.1
83	-0.225128	9.985751	2.431305	0.010667	3.8
84	-0.238893	10.985751	2.355293	0.011205	3.7
85	-0.238151	11.984224	2.283995	0.016002	3.5
86	-0.235685	12.984224	2.216788	0.010417	3.5
87	-0.249323	12.006255	2.282470	0.010433	4.8
88	-0.258203	12.980611	2.217023	0.029550	5.3
89	-0.241642	13.980611	2.153645	0.007215	3.7
90	-0.219717	14.980611	2.093789	0.007367	5.0
91	-0.228840	14.019554	2.151250	0.009827	4.7
92	-0.238159	13.060467	2.211825	0.013770	3.8
93	-0.239449	12.083682	2.277129	0.017388	3.6
94	-0.241696	11.103280	2.346670	0.008484	3.5
95	-0.239339	12.103279	2.275781	0.026731	4.4
96	-0.240588	11.122877	2.345238	0.016153	4.8
97	-0.226116	12.122877	2.274434	0.016794	3.7
98	-0.238744	11.142476	2.343808	0.024112	4.4
99	-0.231275	10.162074	2.417548	0.009542	4.7
100	-0.222705	9.181672	2.496078	0.013308	5.4
101	-0.232235	10.181532	2.416039	0.026341	3.6
102	-0.254080	9.201135	2.494469	0.013624	3.6
103	-0.242332	8.220733	2.578163	0.012325	3.6
104	-0.213596	7.242276	2.667483	0.019668	4.7
105	-0.228557	8.242276	2.576263	0.007641	4.1
106	-0.251022	7.262617	2.665564	0.009345	4.1
107	-0.236631	6.287904	2.760776	0.017216	3.5
108	-0.245693	7.287904	2.663181	0.021251	3.7
109	-0.234689	6.307502	2.758795	0.026803	4.8
110	-0.238247	5.327100	2.861531	0.011679	4.7
111	-0.231297	6.327100	2.756817	0.011680	3.7
112	-0.264927	5.346705	2.859401	0.015375	3.5
113	-0.231828	6.125365	2.777319	0.018174	4.0
114	-0.220483	5.629893	2.828994	0.007825	4.8
115	-0.227176	5.188786	2.876644	0.019326	3.9
116	-0.234324	6.175750	2.772170	0.008813	3.6
117	-0.231087	7.175474	2.673808	0.009581	3.5
118	-0.237791	6.195382	2.770169	0.014847	3.8
119	-0.232204	6.917116	2.698553	0.014163	5.4
120	-0.229302	5.936714	2.796770	0.006430	4.0
121	-0.238331	5.567932	2.835592	0.016004	3.6
122	-0.226870	4.587535	2.944238	0.009855	4.1
123	-0.228030	3.608579	3.061363	0.019673	8.5
124	-0.242422	4.608579	2.941819	0.019608	3.8
125	-0.223154	3.628177	3.058927	0.010020	3.6
126	-0.235833	4.628177	2.939569	0.017459	3.7
127	-0.236102	5.628177	2.829176	0.008022	4.8
128	-0.227695	4.650327	2.937031	0.014287	4.4
129	-0.233763	5.650326	2.826825	0.010011	7.1
130	-0.231388	4.677690	2.933901	0.016925	7.3
131	-0.226552	3.697289	3.050367	0.007695	6.1
132	-0.243595	4.697233	2.931670	0.022102	4.3
133	-0.229512	3.810378	3.036463	0.009667	4.2
134	-0.233288	4.810378	2.918818	0.014110	4.8
135	-0.202917	3.830037	3.034059	0.017982	3.8
136	-0.236294	4.830037	2.916597	0.019400	3.6
137	-0.221842	5.830037	2.807890	0.018402	3.5
138	-0.241093	4.849635	2.914386	0.015285	6.7
139	-0.225595	3.869234	3.029277	0.005622	4.6
140	-0.250874	2.889499	3.153511	0.006570	8.0
141	-0.242877	3.293299	3.101094	0.012115	4.8
142	-0.242091	4.291929	2.978650	0.012908	4.5
143	-0.229754	3.312149	3.098690	0.004188	3.6
144	-0.258051	3.595096	3.063042	0.007261	3.6
145	-0.237685	2.698891	3.178875	0.016296	3.6
146	-0.221354	1.719428	3.315920	0.023015	7.8
147	-0.246413	0.739030	3.465463	0.016863	4.3
148	-0.245623	0.000000	3.587419	0.010754	4.5
149	-0.228384	0.000000	3.587419	0.013445	3.6
150	-0.237333	0.999680	3.424405	0.011323	9.5
151	-0.228196	1.999668	3.275517	0.007960	5.9
152	-0.243657	2.251907	3.239984	0.002773	3.7
153	-0.255242	1.996655	3.275946	0.009683	4.6
154	-0.220388	1.619459	3.330575	0.018224	4.3
155	-0.228760	0.639918	3.481335	0.017501	3.6
156	-0.224414	0.000000	3.587419	0.016929	3.5
157	-0.217899	0.000000	3.587419	0.018047	3.5
158	-0.240147	0.000000	3.587419	0.012645	4.3
159	-0.230145	0.000000	3.587419	0.007859	4.9
160	-0.240576	0.996203	3.424946	0.009633	3.5
161	-0.215615	0.015992	3.584689	0.008123	4.0
162	-0.230434	0.000000	3.587419	0.013537	4.9
163	-0.225539	0.000000	3.587419	0.021080	5.0
164	-0.239993	0.000000	3.587419	0.015469	3.7
165	-0.251588	0.000000	3.587419	0.017771	3.7
166	-0.236815	0.000000	3.587419	0.010909	4.2
167	-0.246960	0.999993	3.424356	0.010533	4.8
168	-0.254196	1.999830	3.275494	0.012632	3.9
169	-0.234114	1.019444	3.421331	0.016658	3.7
170	-0.223718	2.019444	3.272703	0.019032	3.6
171	-0.240902	1.039043	3.418288	0.007211	3.6
172	-0.234748	2.039042	3.269919	0.017879	5.4
173	-0.252456	3.039041	3.133894	0.014774	5.0
174	-0.251971	2.620928	3.189367	0.024245	3.7
175	-0.236903	1.640528	3.327476	0.013331	3.7
176	-0.243904	0.660126	3.478087	0.018233	4.8
177	-0.220318	0.000000	3.587419	0.013417	4.0
178	-0.246879	1.000000	3.424355	0.003930	3.5
179	-0.243904	0.035087	3.581435	0.025240	3.5
180	-0.252377	0.696729	3.472219	0.017588	3.5
181	-0.231394	0.000000	3.587419	0.019151	4.5
182	-0.233940	0.741657	3.465044	0.015078	5.0
183	-0.248917	1.664296	3.323986	0.005685	3.9
184	-0.222456	2.587780	3.193849	0.037430	4.0
185	-0.252512	3.587763	3.063955	0.007043	5.3
186	-0.228220	2.607361	3.191200	0.018755	4.4
187	-0.222685	3.597386	3.062756	0.022604	3.6
188	-0.233671	2.616997	3.189898	0.032333	3.7
189	-0.240575	1.636595	3.328054	0.023927	3.7
190	-0.231780	2.636595	3.187253	0.010169	4.5
191	-0.254775	1.656194	3.325175	0.014535	4.2
192	-0.216149	2.656183	3.184614	0.009046	3.7
193	-0.251108	3.656153	3.055456	0.007594	3.5
194	-0.244622	4.623999	2.940049	0.015701	4.0
195	-0.211244	5.623945	2.829626	0.009537	4.9
196	-0.226766	4.898438	2.908894	0.004167	7.2
197	-0.237529	5.837600	2.807099	0.008884	3.6
198	-0.231042	6.550602	2.734452	0.017670	4.2
199	-0.227494	7.550602	2.638677	0.006392	5.6
200	-0.233502	6.570222	2.732506	0.030571	3.8
201	-0.220897	7.570137	2.636872	0.008659	3.6
202	-0.227484	6.604561	2.729107	0.008403	3.5
203	-0.248338	7.602506	2.633888	0.015545	3.9
204	-0.236360	8.602506	2.544913	0.007842	4.6
205	-0.236019	7.685331	2.626283	0.010434	3.9
206	-0.231943	8.674246	2.538760	0.012041	4.0
207	-0.234266	9.640218	2.458723	0.005803	3.8
208	-0.237557	8.660333	2.539951	0.018700	4.9
209	-0.241723	9.639834	2.458754	0.013716	4.2
210	-0.240382	10.639834	2.381043	0.023745	3.6
211	-0.233192	11.639834	2.308094	0.022819	3.6
212	-0.237899	10.659432	2.379569	0.037360	4.1
213	-0.223019	9.679031	2.455612	0.018825	4.9
214	-0.227957	8.698630	2.536676	0.018645	3.8
215	-0.240361	9.214563	2.493361	0.023755	3.8
216	-0.228466	8.234161	2.576978	0.020891	3.7
217	-0.230669	7.253777	2.666398	0.021110	3.6
218	-0.257848	8.253777	2.575250	0.008246	4.9
219	-0.217688	7.273376	2.664549	0.023845	4.4
220	-0.246742	6.292985	2.760263	0.007279	3.5
221	-0.226955	7.292982	2.662703	0.015746	3.5
222	-0.241576	8.292727	2.571826	0.011672	4.7
223	-0.253370	7.312325	2.660884	0.014266	4.5
224	-0.240885	8.312295	2.570109	0.006149	3.6
225	-0.249181	9.310186	2.485495	0.016754	3.7
226	-0.220548	8.331266	2.568447	0.009204	3.7
227	-0.230327	7.351010	2.657253	0.005142	5.0
228	-0.240728	8.346764	2.567091	0.021377	4.3
229	-0.224037	9.346740	2.482501	0.019574	3.6
230	-0.247264	10.346739	2.403306	0.004086	4.4
231	-0.250715	9.687103	2.454966	0.013406	4.9
232	-0.229478	9.106654	2.502297	0.001906	4.3
233	-0.261567	10.024780	2.428246	0.013775	3.5
234	-0.231788	10.864375	2.364264	0.011191	3.6
235	-0.243525	9.883974	2.439317	0.007328	3.6
236	-0.222524	10.858621	2.364691	0.006168	4.9
237	-0.243621	11.777975	2.298367	0.009348	3.9
238	-0.259791	12.631657	2.240026	0.016817	3.9
239	-0.233774	11.651256	2.307287	0.004853	3.5
240	-0.233112	11.073024	2.348884	0.015838	3.6
241	-0.235003	10.109573	2.421628	0.014640	3.8
242	-0.239600	9.129171	2.500427	0.009546	4.8
243	-0.252932	10.105307	2.421960	0.009086	3.8
244	-0.238473	9.128294	2.500500	0.011653	3.6
245	-0.244562	10.128279	2.420172	0.024424	4.1
246	-0.237878	11.128279	2.344844	0.021968	4.8
247	-0.225844	12.128279	2.274063	0.019781	3.8
248	-0.234754	11.147878	2.343415	0.012049	3.5
249	-0.224762	12.147877	2.272719	0.010408	3.5
Time spent in resolution 2 (ITK initialization and iterating): 2.439 s.
Stopping condition: Maximum number of iterations has been reached.
Settings of AdaptiveStochasticGradientDescent in resolution 2:
( SP_a 75.335803 )
( SP_A 20.000000 )
( SP_alpha 1.000000 )
( SigmoidMax 1.000000 )
( SigmoidMin -0.980402 )
( SigmoidScale 0.000007 )


Resolution: 3
WARNING: The parameter "ShowExactMetricValue", requested at entry number 3, does not exist at all.
  The default value "false" is used instead.
WARNING: The parameter "CheckNumberOfSamples", requested at entry number 3, does not exist at all.
  The default value "true" is used instead.
WARNING: The parameter "UseMultiThreadingForMetrics", requested at entry number 3, does not exist at all.
  The default value "true" is used instead.
Setting the fixed masks took: 0 ms.
Setting the moving masks took: 0 ms.
WARNING: The parameter "NumberOfFixedHistogramBins", requested at entry number 3, does not exist at all.
  The default value "32" is used instead.
WARNING: The parameter "NumberOfMovingHistogramBins", requested at entry number 3, does not exist at all.
  The default value "32" is used instead.
WARNING: The parameter "FixedLimitRangeRatio", requested at entry number 3, does not exist at all.
  The default value "0.01" is used instead.
WARNING: The parameter "MovingLimitRangeRatio", requested at entry number 3, does not exist at all.
  The default value "0.01" is used instead.
WARNING: The parameter "FixedKernelBSplineOrder", requested at entry number 3, does not exist at all.
  The default value "0" is used instead.
WARNING: The parameter "MovingKernelBSplineOrder", requested at entry number 3, does not exist at all.
  The default value "3" is used instead.
WARNING: The parameter "UseFastAndLowMemoryVersion", requested at entry number 3, does not exist at all.
  The default value "true" is used instead.
WARNING: The parameter "UseJacobianPreconditioning", requested at entry number 3, does not exist at all.
  The default value "false" is used instead.
WARNING: The parameter "FiniteDifferenceDerivative", requested at entry number 3, does not exist at all.
  The default value "false" is used instead.
WARNING: The parameter "SP_A", requested at entry number 3, does not exist at all.
  The default value "20" is used instead.
WARNING: The parameter "MaximumNumberOfSamplingAttempts", requested at entry number 3, does not exist at all.
  The default value "0" is used instead.
WARNING: The parameter "SigmoidInitialTime", requested at entry number 3, does not exist at all.
  The default value "0" is used instead.
WARNING: The parameter "MaxBandCovSize", requested at entry number 3, does not exist at all.
  The default value "192" is used instead.
WARNING: The parameter "NumberOfBandStructureSamples", requested at entry number 3, does not exist at all.
  The default value "10" is used instead.
WARNING: The parameter "UseAdaptiveStepSizes", requested at entry number 3, does not exist at all.
  The default value "true" is used instead.
WARNING: The parameter "AutomaticParameterEstimation", requested at entry number 3, does not exist at all.
  The default value "true" is used instead.
WARNING: The parameter "UseConstantStep", requested at entry number 3, does not exist at all.
  The default value "false" is used instead.
WARNING: The parameter "MaximumStepLengthRatio", requested at entry number 3, does not exist at all.
  The default value "1" is used instead.
WARNING: The parameter "MaximumStepLength", requested at entry number 3, does not exist at all.
  The default value "1" is used instead.
WARNING: The parameter "NumberOfGradientMeasurements", requested at entry number 3, does not exist at all.
  The default value "0" is used instead.
WARNING: The parameter "NumberOfJacobianMeasurements", requested at entry number 3, does not exist at all.
  The default value "1000" is used instead.
WARNING: The parameter "NumberOfSamplesForExactGradient", requested at entry number 3, does not exist at all.
  The default value "100000" is used instead.
WARNING: The parameter "SigmoidScaleFactor", requested at entry number 3, does not exist at all.
  The default value "0.1" is used instead.
Elastix initialization of all components (for this resolution) took: 1 ms.
  Computing the fixed image extrema took 1 ms.
  Computing the moving image extrema took 1 ms.
Initialization of AdvancedMattesMutualInformation metric took: 10 ms.
Starting automatic parameter estimation for AdaptiveStochasticGradientDescent ...
WARNING: The parameter "ASGDParameterEstimationMethod", requested at entry number 0, does not exist at all.
  The default value "Original" is used instead.
  Computing JacobianTerms ...
  Computing the Jacobian terms took 0.001184s
  NumberOfGradientMeasurements to estimate sigma_i: 11
  Sampling gradients ...
  Sampling the gradients took 1.341534s
Automatic parameter estimation took 1.34s
1:ItNr	2:Metric	3a:Time	3b:StepSize	4:||Gradient||	Time[ms]
0	-0.152733	0.000000	0.785237	0.019150	1357.6
1	-0.182994	0.000000	0.785237	0.035248	3.6
2	-0.157686	0.999838	0.749550	0.027745	4.0
3	-0.172736	1.999834	0.716960	0.017403	4.8
4	-0.147457	2.474878	0.702452	0.020910	4.0
5	-0.155280	1.532091	0.731844	0.033536	3.6
6	-0.174001	0.548839	0.765237	0.046221	4.8
7	-0.150312	1.548839	0.731300	0.011775	4.3
8	-0.164417	0.572285	0.764405	0.047306	3.7
9	-0.165568	1.084863	0.746664	0.034440	3.6
10	-0.181545	2.084863	0.714320	0.009109	3.6
11	-0.157525	3.005090	0.686936	0.019092	4.3
12	-0.165805	3.253823	0.679892	0.019428	4.9
13	-0.160925	2.281421	0.708289	0.022884	3.7
14	-0.151340	3.117620	0.683731	0.019265	4.1
15	-0.175536	2.150499	0.712294	0.047374	3.6
16	-0.164191	1.171094	0.743760	0.028404	4.5
17	-0.166082	0.660311	0.761299	0.011296	4.8
18	-0.163075	0.000000	0.785237	0.023401	3.7
19	-0.152286	0.000000	0.785237	0.030671	3.6
20	-0.171710	0.000000	0.785237	0.023790	4.6
21	-0.162042	0.000000	0.785237	0.032704	4.7
22	-0.157348	0.000000	0.785237	0.016943	3.7
23	-0.150993	0.000000	0.785237	0.014808	3.6
24	-0.166770	0.000000	0.785237	0.020817	3.6
25	-0.169761	0.000000	0.785237	0.018492	3.5
26	-0.159466	0.000000	0.785237	0.013430	4.7
27	-0.175222	0.000000	0.785237	0.015292	4.4
28	-0.156426	0.723631	0.759080	0.026699	3.6
29	-0.175768	0.905417	0.752781	0.015035	3.5
30	-0.157687	1.879553	0.720730	0.023508	4.8
31	-0.145785	2.416740	0.704196	0.033479	4.2
32	-0.166544	1.430704	0.735152	0.044266	3.6
33	-0.175864	0.444654	0.768955	0.050946	3.5
34	-0.179935	0.000000	0.785237	0.010888	3.6
35	-0.166195	0.000000	0.785237	0.033515	8.7
36	-0.151920	0.957971	0.750979	0.023004	3.5
37	-0.165688	0.000000	0.785237	0.054557	3.4
38	-0.180963	0.999997	0.749544	0.009395	4.2
39	-0.165686	1.996622	0.717061	0.047365	5.2
40	-0.155412	2.415253	0.704241	0.035432	3.8
41	-0.142044	1.429203	0.735201	0.035504	3.6
42	-0.169150	0.444678	0.768954	0.035446	3.6
43	-0.176274	1.443464	0.734734	0.031313	4.8
44	-0.160946	2.440726	0.703475	0.039235	4.5
45	-0.139202	1.454677	0.734367	0.045261	3.6
46	-0.165028	2.454677	0.703057	0.048256	3.6
47	-0.184349	3.454677	0.674307	0.043691	3.6
48	-0.169882	2.468628	0.702639	0.018945	4.7
49	-0.157631	2.943418	0.688706	0.043806	4.2
50	-0.155751	3.922204	0.661658	0.037475	3.8
51	-0.157021	4.922125	0.636135	0.020673	3.7
52	-0.177610	5.886926	0.613308	0.019833	3.7
53	-0.188026	4.917654	0.636245	0.031392	4.8
54	-0.161026	5.917463	0.612612	0.025822	4.3
55	-0.152494	4.934017	0.635843	0.039450	3.6
56	-0.163979	4.008107	0.659385	0.026362	3.6
57	-0.175486	5.008107	0.634032	0.045133	3.8
58	-0.174174	6.008077	0.610557	0.022980	4.7
59	-0.161133	5.022031	0.633693	0.029407	4.1
60	-0.169234	5.955681	0.611744	0.018992	3.7
61	-0.153701	5.081168	0.632256	0.059894	3.6
62	-0.141791	4.101115	0.656942	0.014009	4.2
63	-0.145086	3.117156	0.683744	0.034124	5.0
64	-0.166028	4.111340	0.656674	0.052993	3.6
65	-0.158003	3.125290	0.683514	0.026293	3.6
66	-0.167955	4.124555	0.656329	0.026342	3.6
67	-0.151765	4.749998	0.640387	0.038470	4.9
68	-0.157518	5.749995	0.616448	0.024703	4.2
69	-0.169635	4.763949	0.640041	0.022196	3.8
70	-0.155712	3.783083	0.665372	0.033712	3.8
71	-0.168402	4.771765	0.639846	0.052864	3.6
72	-0.163454	5.771765	0.615946	0.026831	4.8
73	-0.178878	4.851559	0.637871	0.035632	4.2
74	-0.166967	5.851557	0.614116	0.034248	3.8
75	-0.164898	6.851556	0.592066	0.037519	3.6
76	-0.168260	5.865507	0.613797	0.023216	4.1
77	-0.169737	4.887608	0.636983	0.018405	4.8
78	-0.164216	3.908661	0.662018	0.013544	3.9
79	-0.165048	3.892519	0.662447	0.040056	3.5
80	-0.173928	4.824205	0.638547	0.024763	3.5
81	-0.162677	3.839993	0.663848	0.010687	4.3
82	-0.161701	3.243995	0.680167	0.025575	5.2
83	-0.157772	2.419643	0.704109	0.024026	3.6
84	-0.166133	3.419032	0.675292	0.026329	3.6
85	-0.157303	2.445329	0.703337	0.016976	4.1
86	-0.165385	3.363119	0.676842	0.024682	5.2
87	-0.166364	4.250197	0.653063	0.029398	4.8
88	-0.159778	5.250150	0.628186	0.022073	3.6
89	-0.172707	6.242790	0.605297	0.029196	3.6
90	-0.154880	7.242670	0.583867	0.027458	4.4
91	-0.166518	8.232225	0.564103	0.022102	4.8
92	-0.157632	9.186292	0.546274	0.025519	3.5
93	-0.164806	8.202745	0.564672	0.034881	3.6
94	-0.155389	9.201354	0.546001	0.019446	4.2
95	-0.166124	8.218064	0.564376	0.046928	3.7
96	-0.166405	9.071308	0.548362	0.020479	4.8
97	-0.152261	10.067265	0.530783	0.022805	4.6
98	-0.165096	9.142961	0.547059	0.035840	3.6
99	-0.185102	9.352597	0.543280	0.020336	3.6
100	-0.166452	10.352558	0.525953	0.045086	4.2
101	-0.166797	9.366905	0.543024	0.031782	5.0
102	-0.166855	10.366905	0.525712	0.029653	3.8
103	-0.167662	9.478743	0.541032	0.044000	3.6
104	-0.168455	10.438438	0.524516	0.027831	3.7
105	-0.165723	11.438423	0.508347	0.036119	5.0
106	-0.176438	11.458509	0.508032	0.069192	4.1
107	-0.162654	12.458509	0.492848	0.044744	3.6
108	-0.171832	13.458509	0.478546	0.034332	3.6
109	-0.169254	12.472592	0.492641	0.032321	4.3
110	-0.169713	11.486543	0.507594	0.029281	5.1
111	-0.164847	11.663642	0.504842	0.037832	3.7
112	-0.173735	12.663625	0.489845	0.021117	3.6
113	-0.160927	11.691269	0.504415	0.026444	3.7
114	-0.190241	10.712406	0.519985	0.039035	4.7
115	-0.179075	9.726360	0.536672	0.035959	4.0
116	-0.162013	10.726359	0.519756	0.022334	3.6
117	-0.144723	9.740567	0.536424	0.034049	3.7
118	-0.163888	10.589356	0.522010	0.024444	3.6
119	-0.165019	11.550756	0.506593	0.038669	3.8
120	-0.175846	10.564711	0.522418	0.024189	4.7
121	-0.165604	11.462131	0.507976	0.036943	4.2
122	-0.181537	12.462090	0.492796	0.017098	3.8
123	-0.169250	13.429770	0.478945	0.024646	4.2
124	-0.166976	12.448350	0.492998	0.016525	4.8
125	-0.165069	12.188906	0.496852	0.027204	3.7
126	-0.145561	11.250972	0.511302	0.043837	3.6
127	-0.176248	10.273789	0.527278	0.036326	3.6
128	-0.172378	11.273772	0.510940	0.048204	3.7
129	-0.151636	12.253168	0.495892	0.024914	4.9
130	-0.177058	13.253163	0.481415	0.032503	4.3
131	-0.192475	14.246191	0.467851	0.020443	3.7
132	-0.166007	13.446238	0.478716	0.022080	3.6
133	-0.184838	13.062674	0.484107	0.038033	8.2
134	-0.152996	14.062328	0.470305	0.023073	4.9
135	-0.180201	15.030027	0.457673	0.025901	3.6
136	-0.169504	16.029528	0.445320	0.017382	3.8
137	-0.185739	15.101719	0.456764	0.044221	4.7
138	-0.169687	14.274765	0.467472	0.033843	4.1
139	-0.161322	15.274703	0.454586	0.018620	3.7
140	-0.187505	14.289188	0.467281	0.030011	3.7
141	-0.145783	15.169530	0.455908	0.036714	3.5
142	-0.170000	14.183491	0.468685	0.022900	4.8
143	-0.164227	13.269700	0.481182	0.030920	4.1
144	-0.169128	13.190310	0.482300	0.025383	3.8
145	-0.174369	13.297249	0.480796	0.036703	3.8
146	-0.164568	12.311208	0.495028	0.037401	4.9
147	-0.149382	11.325159	0.510128	0.041452	4.1
148	-0.168642	10.421194	0.524804	0.028261	3.8
149	-0.140358	11.416437	0.508692	0.018093	3.6
150	-0.182179	10.433413	0.524600	0.017603	3.6
151	-0.167364	9.649914	0.538010	0.015619	4.3
152	-0.150314	10.144043	0.529474	0.010228	4.8
153	-0.162205	10.427746	0.524695	0.037434	3.8
154	-0.180166	11.355842	0.509644	0.033645	3.6
155	-0.160583	10.369793	0.525664	0.021424	3.5
156	-0.156396	9.383926	0.542720	0.040367	4.4
157	-0.174854	8.674749	0.555690	0.024080	5.5
158	-0.161404	7.688703	0.574790	0.055156	3.6
159	-0.157819	8.686664	0.555467	0.029066	3.9
160	-0.153637	7.700615	0.574551	0.045020	4.8
161	-0.174610	6.716097	0.594960	0.031726	4.0
162	-0.157943	7.716097	0.574241	0.041033	3.6
163	-0.162887	6.730954	0.594641	0.018865	3.8
164	-0.153376	5.753743	0.616361	0.049090	3.6
165	-0.150986	6.515419	0.599299	0.013514	4.8
166	-0.152978	5.531699	0.621520	0.037361	4.8
167	-0.167455	5.411650	0.624345	0.033962	3.8
168	-0.152282	4.519684	0.646167	0.022281	3.6
169	-0.149251	5.517612	0.621850	0.052347	3.5
170	-0.185537	6.517610	0.599252	0.064153	4.1
171	-0.149462	7.517610	0.578238	0.054616	4.8
172	-0.157942	8.485197	0.559263	0.021908	3.6
173	-0.164176	9.484010	0.540938	0.006352	3.5
174	-0.167418	9.512503	0.540433	0.020897	4.2
175	-0.141087	10.206924	0.528407	0.020961	5.2
176	-0.147866	9.249740	0.545128	0.023711	3.7
177	-0.161222	10.247718	0.527718	0.049508	3.7
178	-0.163878	11.247718	0.511353	0.034004	3.6
179	-0.166271	12.247718	0.495973	0.041220	5.1
180	-0.179209	13.245140	0.481527	0.016595	4.1
181	-0.162685	12.259246	0.495801	0.019385	3.7
182	-0.171733	13.234684	0.481674	0.009813	3.6
183	-0.163574	13.955051	0.471748	0.030111	4.3
184	-0.157411	14.651677	0.462530	0.041886	4.9
185	-0.169362	14.703504	0.461859	0.028279	3.9
186	-0.169633	15.703504	0.449275	0.024907	3.8
187	-0.167891	14.718504	0.461665	0.061910	3.8
188	-0.159794	15.718504	0.449092	0.026455	5.0
189	-0.145249	14.732454	0.461484	0.034212	4.9
190	-0.162393	13.746407	0.474581	0.019063	4.1
191	-0.162059	13.407280	0.479258	0.024643	4.2
192	-0.170813	14.354142	0.466423	0.030950	4.3
193	-0.149578	13.391008	0.479485	0.057880	4.9
194	-0.183004	12.408381	0.493588	0.018254	3.7
195	-0.141679	13.408035	0.479248	0.016675	3.4
196	-0.148804	12.538380	0.491675	0.032011	3.6
197	-0.178161	13.489149	0.478121	0.036825	4.1
198	-0.166178	14.489149	0.464648	0.033744	5.1
199	-0.155589	15.488929	0.451917	0.039324	3.6
200	-0.164596	14.502880	0.464469	0.034115	4.7
201	-0.164654	14.942251	0.458791	0.028938	6.5
202	-0.164722	15.942248	0.446372	0.025321	4.1
203	-0.164871	16.942188	0.434608	0.015645	3.6
204	-0.169325	15.961849	0.446135	0.049322	3.5
205	-0.174818	14.975895	0.458362	0.023031	3.8
206	-0.165908	15.975894	0.445965	0.026540	3.8
207	-0.159630	14.992864	0.458146	0.010617	4.8
208	-0.157557	15.836191	0.447657	0.025230	3.8
209	-0.156495	14.952142	0.458665	0.020939	3.9
210	-0.161341	15.913426	0.446720	0.026417	3.7
211	-0.162626	14.937066	0.458857	0.033216	4.8
212	-0.152565	15.713937	0.449147	0.029664	4.0
213	-0.160105	16.713885	0.437239	0.017508	4.0
214	-0.171062	15.734257	0.448899	0.024877	3.7
215	-0.146884	16.008542	0.445572	0.017415	4.1
216	-0.182780	17.002052	0.433923	0.030379	5.0
217	-0.159425	16.132864	0.444080	0.017672	3.7
218	-0.153653	17.128950	0.432479	0.028122	3.8
219	-0.155608	16.145499	0.443929	0.056866	3.6
220	-0.178116	17.144524	0.432302	0.040440	4.4
221	-0.165027	16.158915	0.443769	0.027307	4.8
222	-0.173616	15.173008	0.455864	0.018574	3.7
223	-0.160089	14.198034	0.468491	0.024139	3.7
224	-0.184125	15.189605	0.455655	0.005451	3.6
225	-0.165087	15.136412	0.456326	0.019888	4.5
226	-0.160202	14.478724	0.464785	0.042542	4.8
227	-0.170606	13.602436	0.476555	0.033207	3.6
228	-0.154334	14.602436	0.463170	0.030545	3.6
229	-0.160912	15.602433	0.450516	0.017160	4.6
230	-0.163951	14.618704	0.462958	0.027483	4.7
231	-0.185407	13.902356	0.472460	0.016175	3.6
232	-0.190135	12.923496	0.486093	0.057464	3.6
233	-0.164568	11.937449	0.500645	0.024785	4.2
234	-0.158320	10.953708	0.516058	0.046420	5.0
235	-0.135987	11.953025	0.500408	0.025020	4.0
236	-0.163123	10.966975	0.515844	0.015442	3.7
237	-0.179508	11.961415	0.500281	0.027819	3.6
238	-0.156328	10.978953	0.515651	0.021797	3.6
239	-0.155425	10.240024	0.527848	0.023347	4.9
240	-0.166522	9.259748	0.544947	0.039241	4.2
241	-0.172470	8.273708	0.563303	0.006788	3.5
242	-0.172860	7.611307	0.576345	0.053692	3.6
243	-0.178746	6.776672	0.593663	0.037122	4.2
244	-0.169268	7.772209	0.573122	0.045151	5.0
245	-0.184687	6.786727	0.593448	0.025974	3.4
246	-0.174211	5.800718	0.615281	0.020941	3.5
247	-0.172439	4.816186	0.638745	0.029671	3.7
248	-0.174068	5.815796	0.614935	0.022198	5.5
249	-0.146203	4.829831	0.638408	0.005253	3.9
Time spent in resolution 3 (ITK initialization and iterating): 2.429 s.
Stopping condition: Maximum number of iterations has been reached.
Settings of AdaptiveStochasticGradientDescent in resolution 3:
( SP_a 16.489972 )
( SP_A 20.000000 )
( SP_alpha 1.000000 )
( SigmoidMax 1.000000 )
( SigmoidMin -0.986050 )
( SigmoidScale 0.000064 )



=============== start of TransformParameterFile ===============
(Transform "EulerTransform")
(NumberOfParameters 3)
(TransformParameters 0.066911 19.177193 -9.361607)
(InitialTransformParametersFileName "NoInitialTransform")
(UseBinaryFormatForTransformationParameters "false")
(HowToCombineTransforms "Compose")

// Image specific
(FixedImageDimension 2)
(MovingImageDimension 2)
(FixedInternalImagePixelType "float")
(MovingInternalImagePixelType "float")
(Size 512 512)
(Index 0 0)
(Spacing 1.0000000000 1.0000000000)
(Origin 0.0000000000 0.0000000000)
(Direction 1.0000000000 0.0000000000 0.0000000000 1.0000000000)
(UseDirectionCosines "true")

// EulerTransform specific
(CenterOfRotationPoint 255.5000000000 255.5000000000)

// ResampleInterpolator specific
(ResampleInterpolator "FinalBSplineInterpolator")
(FinalBSplineInterpolationOrder 3)

// Resampler specific
(Resampler "DefaultResampler")
(DefaultPixelValue 0.000000)
(ResultImageFormat "mhd")
(ResultImagePixelType "short")
(CompressResultImage "false")

=============== end of TransformParameterFile ===============

Creating the TransformParameterFile took 0.00s

Registration result checksum: 3536740511

Applying final transform ...
  Applying final transform took 0.16s

Final metric value  = -0.146203
Settings of AdaptiveStochasticGradientDescent for all resolutions:
( SP_a 904.872419 174.512694 75.335803 16.489972 )
( SP_A 20.000000 20.000000 20.000000 20.000000 )
( SP_alpha 1.000000 1.000000 1.000000 1.000000 )
( SigmoidMax 1.000000 1.000000 1.000000 1.000000 )
( SigmoidMin -0.263075 -0.938470 -0.980402 -0.986050 )
( SigmoidScale 0.000001 0.000007 0.000007 0.000064 )

Time spent on saving the results, applying the final transform etc.: 158 ms.
Running elastix with parameter file 0: "output/Image61_Green_Channel/2D_Rigid_2D_BSpline/Elastix_2D_Rigid_Dir/Parameters_Rigid.txt", has finished.


Current time: Fri Jun  5 04:08:56 2020.
Time used for running elastix with this parameter file:
  8.0s.

-------------------------------------------------------------------------

Total time elapsed: 8.1s.

