
elastix is started at Fri Jun  5 04:37:16 2020.

which elastix:   /Users/abhijitc/Documents/Software/elastix-5.0.0-mac/bin/elastix
elastix runs at: Abhijits-MacBook-Air.local
  Mac OS X 10.15.4 (x64), 19E287
  with 8192 MB memory, and 2 cores @ 1600 MHz.
-------------------------------------------------------------------------

Running elastix with parameter file 0: "output/Image62_Green_Channel/2D_Rigid_2D_BSpline/Elastix_2D_Rigid_Dir/Parameters_Rigid.txt".

Current time: Fri Jun  5 04:37:16 2020.
Reading the elastix parameters from file ...

Installing all components.
InstallingComponents was successful.

ELASTIX version: 5.000
Command line options from ElastixBase:
-f        output/Image62_Green_Channel/2D_Rigid_2D_BSpline/Elastix_2D_Rigid_Dir/Elastix_2D_Rigid_Dir_target.mhd
-m        output/Image62_Green_Channel/2D_Rigid_2D_BSpline/Elastix_2D_Rigid_Dir/Elastix_2D_Rigid_Dir_moving.mhd
-fMask    unspecified, so no fixed mask used
-mMask    unspecified, so no moving mask used
-out      output/Image62_Green_Channel/2D_Rigid_2D_BSpline/Elastix_2D_Rigid_Dir/
-p        output/Image62_Green_Channel/2D_Rigid_2D_BSpline/Elastix_2D_Rigid_Dir/Parameters_Rigid.txt
-threads  unspecified, so all available threads are used
Command line options from TransformBase:
-t0       unspecified, so no initial transform used

=============== start of ParameterFile: output/Image62_Green_Channel/2D_Rigid_2D_BSpline/Elastix_2D_Rigid_Dir/Parameters_Rigid.txt ===============
// Example parameter file for rotation registration
// C-style comments: //

// The internal pixel type, used for internal computations
// Leave to float in general. 
// NB: this is not the type of the input images! The pixel 
// type of the input images is automatically read from the 
// images themselves.
// This setting can be changed to "short" to save some memory
// in case of very large 3D images.
(FixedInternalImagePixelType "float")
(MovingInternalImagePixelType "float")

// The dimensions of the fixed and moving image
// NB: This has to be specified by the user. The dimension of
// the images is currently NOT read from the images.
// Also note that some other settings may have to specified
// for each dimension separately.
(FixedImageDimension 2)
(MovingImageDimension 2)

// Specify whether you want to take into account the so-called
// direction cosines of the images. Recommended: true.
// In some cases, the direction cosines of the image are corrupt,
// due to image format conversions for example. In that case, you 
// may want to set this option to "false".
(UseDirectionCosines "true")

// **************** Main Components **************************

// The following components should usually be left as they are:
(Registration "MultiResolutionRegistration")
(Interpolator "BSplineInterpolator")
(ResampleInterpolator "FinalBSplineInterpolator")
(Resampler "DefaultResampler")

// These may be changed to Fixed/MovingSmoothingImagePyramid.
// See the manual.
(FixedImagePyramid "FixedRecursiveImagePyramid")
(MovingImagePyramid "MovingRecursiveImagePyramid")

// The following components are most important:
// The optimizer AdaptiveStochasticGradientDescent (ASGD) works
// quite ok in general. The Transform and Metric are important
// and need to be chosen careful for each application. See manual.
(Optimizer "AdaptiveStochasticGradientDescent")
(Transform "EulerTransform")
(Metric "AdvancedMattesMutualInformation")

// ***************** Transformation **************************

// Scales the rotations compared to the translations, to make
// sure they are in the same range. In general, it's best to  
// use automatic scales estimation:
(AutomaticScalesEstimation "true")

// Automatically guess an initial translation by aligning the
// geometric centers of the fixed and moving.
(AutomaticTransformInitialization "true")

// Whether transforms are combined by composition or by addition.
// In generally, Compose is the best option in most cases.
// It does not influence the results very much.
(HowToCombineTransforms "Compose")

// ******************* Similarity measure *********************

// Number of grey level bins in each resolution level,
// for the mutual information. 16 or 32 usually works fine.
// You could also employ a hierarchical strategy:
//(NumberOfHistogramBins 16 32 64)
(NumberOfHistogramBins 32)

// If you use a mask, this option is important. 
// If the mask serves as region of interest, set it to false.
// If the mask indicates which pixels are valid, then set it to true.
// If you do not use a mask, the option doesn't matter.
(ErodeMask "false")

// ******************** Multiresolution **********************

// The number of resolutions. 1 Is only enough if the expected
// deformations are small. 3 or 4 mostly works fine. For large
// images and large deformations, 5 or 6 may even be useful.
(NumberOfResolutions 4)

// The downsampling/blurring factors for the image pyramids.
// By default, the images are downsampled by a factor of 2
// compared to the next resolution.
// So, in 2D, with 4 resolutions, the following schedule is used:
//(ImagePyramidSchedule 8 8  4 4  2 2  1 1 )
// And in 3D:
//(ImagePyramidSchedule 8 8 8  4 4 4  2 2 2  1 1 1 )
// You can specify any schedule, for example:
//(ImagePyramidSchedule 4 4  4 3  2 1  1 1 )
// Make sure that the number of elements equals the number
// of resolutions times the image dimension.

// ******************* Optimizer ****************************

// Maximum number of iterations in each resolution level:
// 200-500 works usually fine for rigid registration.
// For more robustness, you may increase this to 1000-2000.
(MaximumNumberOfIterations 250)

// The step size of the optimizer, in mm. By default the voxel size is used.
// which usually works well. In case of unusual high-resolution images
// (eg histology) it is necessary to increase this value a bit, to the size
// of the "smallest visible structure" in the image:
//(MaximumStepLength 1.0)

// **************** Image sampling **********************

// Number of spatial samples used to compute the mutual
// information (and its derivative) in each iteration.
// With an AdaptiveStochasticGradientDescent optimizer,
// in combination with the two options below, around 2000
// samples may already suffice.
(NumberOfSpatialSamples 2048)

// Refresh these spatial samples in every iteration, and select
// them randomly. See the manual for information on other sampling
// strategies.
(NewSamplesEveryIteration "true")
(ImageSampler "Random")

// ************* Interpolation and Resampling ****************

// Order of B-Spline interpolation used during registration/optimisation.
// It may improve accuracy if you set this to 3. Never use 0.
// An order of 1 gives linear interpolation. This is in most 
// applications a good choice.
(BSplineInterpolationOrder 1)

// Order of B-Spline interpolation used for applying the final
// deformation.
// 3 gives good accuracy; recommended in most cases.
// 1 gives worse accuracy (linear interpolation)
// 0 gives worst accuracy, but is appropriate for binary images
// (masks, segmentations); equivalent to nearest neighbor interpolation.
(FinalBSplineInterpolationOrder 3)

//Default pixel value for pixels that come from outside the picture:
(DefaultPixelValue 0)

// Choose whether to generate the deformed moving image.
// You can save some time by setting this to false, if you are
// only interested in the final (nonrigidly) deformed moving image
// for example.
(WriteResultImage "true")

// The pixel type and format of the resulting deformed moving image
(ResultImagePixelType "short")
(ResultImageFormat "mhd")




=============== end of ParameterFile: output/Image62_Green_Channel/2D_Rigid_2D_BSpline/Elastix_2D_Rigid_Dir/Parameters_Rigid.txt ===============


Reading images...
Reading images took 4 ms.

WARNING: the fixed pyramid schedule is not fully specified!
  A default pyramid schedule is used.
WARNING: the moving pyramid schedule is not fully specified!
  A default pyramid schedule is used.
WARNING: The parameter "AutomaticTransformInitializationMethod", requested at entry number 0, does not exist at all.
  The default value "GeometricalCenter" is used instead.
Transform parameters are initialized as: [0, 0, 0]
Scales are estimated automatically.
Scales for transform parameters are: [44200.5, 1, 1]
Initialization of all components (before registration) took: 8 ms.
Preparation of the image pyramids took: 26 ms.

Resolution: 0
WARNING: The parameter "ShowExactMetricValue", requested at entry number 0, does not exist at all.
  The default value "false" is used instead.
WARNING: The parameter "CheckNumberOfSamples", requested at entry number 0, does not exist at all.
  The default value "true" is used instead.
WARNING: The parameter "UseMultiThreadingForMetrics", requested at entry number 0, does not exist at all.
  The default value "true" is used instead.
Setting the fixed masks took: 0 ms.
Setting the moving masks took: 0 ms.
WARNING: The parameter "NumberOfFixedHistogramBins", requested at entry number 0, does not exist at all.
  The default value "32" is used instead.
WARNING: The parameter "NumberOfMovingHistogramBins", requested at entry number 0, does not exist at all.
  The default value "32" is used instead.
WARNING: The parameter "FixedLimitRangeRatio", requested at entry number 0, does not exist at all.
  The default value "0.01" is used instead.
WARNING: The parameter "MovingLimitRangeRatio", requested at entry number 0, does not exist at all.
  The default value "0.01" is used instead.
WARNING: The parameter "FixedKernelBSplineOrder", requested at entry number 0, does not exist at all.
  The default value "0" is used instead.
WARNING: The parameter "MovingKernelBSplineOrder", requested at entry number 0, does not exist at all.
  The default value "3" is used instead.
WARNING: The parameter "UseFastAndLowMemoryVersion", requested at entry number 0, does not exist at all.
  The default value "true" is used instead.
WARNING: The parameter "UseJacobianPreconditioning", requested at entry number 0, does not exist at all.
  The default value "false" is used instead.
WARNING: The parameter "FiniteDifferenceDerivative", requested at entry number 0, does not exist at all.
  The default value "false" is used instead.
WARNING: The parameter "SP_A", requested at entry number 0, does not exist at all.
  The default value "20" is used instead.
WARNING: The parameter "MaximumNumberOfSamplingAttempts", requested at entry number 0, does not exist at all.
  The default value "0" is used instead.
WARNING: The parameter "SigmoidInitialTime", requested at entry number 0, does not exist at all.
  The default value "0" is used instead.
WARNING: The parameter "MaxBandCovSize", requested at entry number 0, does not exist at all.
  The default value "192" is used instead.
WARNING: The parameter "NumberOfBandStructureSamples", requested at entry number 0, does not exist at all.
  The default value "10" is used instead.
WARNING: The parameter "UseAdaptiveStepSizes", requested at entry number 0, does not exist at all.
  The default value "true" is used instead.
WARNING: The parameter "AutomaticParameterEstimation", requested at entry number 0, does not exist at all.
  The default value "true" is used instead.
WARNING: The parameter "UseConstantStep", requested at entry number 0, does not exist at all.
  The default value "false" is used instead.
WARNING: The parameter "MaximumStepLengthRatio", requested at entry number 0, does not exist at all.
  The default value "1" is used instead.
WARNING: The parameter "MaximumStepLength", requested at entry number 0, does not exist at all.
  The default value "1" is used instead.
WARNING: The parameter "NumberOfGradientMeasurements", requested at entry number 0, does not exist at all.
  The default value "0" is used instead.
WARNING: The parameter "NumberOfJacobianMeasurements", requested at entry number 0, does not exist at all.
  The default value "1000" is used instead.
WARNING: The parameter "NumberOfSamplesForExactGradient", requested at entry number 0, does not exist at all.
  The default value "100000" is used instead.
WARNING: The parameter "SigmoidScaleFactor", requested at entry number 0, does not exist at all.
  The default value "0.1" is used instead.
Elastix initialization of all components (for this resolution) took: 0 ms.
  Computing the fixed image extrema took 0 ms.
  Computing the moving image extrema took 0 ms.
Initialization of AdvancedMattesMutualInformation metric took: 1 ms.
Starting automatic parameter estimation for AdaptiveStochasticGradientDescent ...
WARNING: The parameter "ASGDParameterEstimationMethod", requested at entry number 0, does not exist at all.
  The default value "Original" is used instead.
  Computing JacobianTerms ...
  Computing the Jacobian terms took 0.001631s
  NumberOfGradientMeasurements to estimate sigma_i: 11
  Sampling gradients ...
  Sampling the gradients took 0.110079s
Automatic parameter estimation took 0.11s
1:ItNr	2:Metric	3a:Time	3b:StepSize	4:||Gradient||	Time[ms]
0	-0.274962	0.000000	27.823276	0.002865	117.0
1	-0.280602	0.000000	27.823276	0.012183	3.5
2	-0.271493	0.000000	27.823276	0.012436	3.7
3	-0.264907	0.000000	27.823276	0.007699	3.6
4	-0.299453	0.000000	27.823276	0.008569	3.5
5	-0.289236	0.000000	27.823276	0.005968	3.6
6	-0.263366	0.000000	27.823276	0.005528	3.4
7	-0.296824	0.000000	27.823276	0.003557	3.9
8	-0.298462	0.000000	27.823276	0.001625	3.7
9	-0.271915	0.000000	27.823276	0.008050	3.6
10	-0.307144	0.129871	27.652266	0.010243	3.8
11	-0.272912	1.129865	26.402728	0.005374	3.8
12	-0.262653	0.451737	27.237365	0.003246	3.6
13	-0.296375	0.000000	27.823276	0.004573	4.0
14	-0.320472	0.000000	27.823276	0.008604	3.9
15	-0.293333	0.000000	27.823276	0.005894	3.6
16	-0.256346	0.999494	26.559193	0.013725	3.5
17	-0.296368	0.321316	27.403974	0.008134	3.5
18	-0.275357	0.000000	27.823276	0.004290	3.6
19	-0.283331	0.000000	27.823276	0.008360	3.6
20	-0.303293	0.000000	27.823276	0.002438	3.5
21	-0.300140	0.000000	27.823276	0.007776	3.5
22	-0.286928	0.000000	27.823276	0.003066	3.7
23	-0.295523	0.000000	27.823276	0.005490	3.8
24	-0.308091	0.000000	27.823276	0.005957	3.7
25	-0.283944	0.000000	27.823276	0.009104	4.3
26	-0.316233	0.000000	27.823276	0.007902	4.5
27	-0.289036	0.486626	27.193139	0.004952	4.3
28	-0.265822	1.362584	26.127964	0.005648	4.5
29	-0.289388	0.684758	26.944678	0.005276	4.2
30	-0.287083	0.006609	27.814523	0.005382	3.9
31	-0.279124	0.000000	27.823276	0.007043	4.5
32	-0.293886	0.000000	27.823276	0.005874	4.0
33	-0.289747	0.000000	27.823276	0.005388	4.5
34	-0.289883	0.990736	26.569770	0.010451	3.6
35	-0.312952	0.312567	27.415224	0.008226	4.0
36	-0.308620	0.000000	27.823276	0.006531	4.1
37	-0.290513	0.000000	27.823276	0.005854	4.2
38	-0.322684	0.000000	27.823276	0.005109	3.8
39	-0.295486	0.998199	26.560756	0.008110	4.3
40	-0.293164	1.714639	25.723006	0.006159	4.3
41	-0.293931	2.710204	24.642926	0.004249	4.4
42	-0.344359	3.529773	23.819576	0.005831	4.4
43	-0.295691	2.874014	24.473840	0.003798	4.2
44	-0.315335	2.197251	25.187847	0.007830	4.8
45	-0.276512	1.551726	25.908829	0.009767	4.6
46	-0.311143	0.873548	26.712118	0.007179	4.3
47	-0.280491	0.195384	27.566794	0.005964	4.5
48	-0.315240	0.000000	27.823276	0.009039	4.7
49	-0.311309	0.000000	27.823276	0.002440	3.7
50	-0.305381	0.980033	26.582708	0.010914	6.6
51	-0.310424	1.799699	25.627041	0.001720	6.9
52	-0.313958	2.796867	24.553182	0.005821	6.9
53	-0.303831	3.582988	23.768014	0.007662	4.3
54	-0.309717	2.904846	24.442275	0.008806	4.2
55	-0.303108	2.226668	25.155946	0.007433	5.3
56	-0.307499	1.548490	25.912547	0.010802	4.3
57	-0.319379	0.870312	26.716070	0.007663	3.9
58	-0.317011	0.192135	27.571021	0.008596	3.9
59	-0.327369	0.000000	27.823276	0.004141	6.7
60	-0.303705	0.000000	27.823276	0.004804	4.0
61	-0.326377	0.000000	27.823276	0.002951	3.5
62	-0.311782	0.000000	27.823276	0.004463	3.4
63	-0.332025	0.000000	27.823276	0.001709	3.4
64	-0.329720	0.038023	27.772991	0.008783	4.7
65	-0.322638	0.000000	27.823276	0.006513	4.2
66	-0.336095	0.000000	27.823276	0.005456	4.7
67	-0.315269	0.000000	27.823276	0.008855	3.7
68	-0.299981	0.000000	27.823276	0.004411	3.6
69	-0.332775	0.899621	26.680316	0.006698	4.6
70	-0.324456	1.899480	25.515374	0.003336	6.0
71	-0.312407	1.223564	26.291408	0.005709	3.8
72	-0.321885	2.207634	25.176578	0.009189	4.4
73	-0.276518	1.529470	25.934423	0.007059	4.5
74	-0.330829	0.851296	26.739320	0.001999	3.5
75	-0.310543	1.831883	25.590916	0.005728	3.4
76	-0.319325	2.487238	24.876863	0.002563	3.6
77	-0.317179	3.386878	23.959148	0.005191	3.4
78	-0.308420	4.361646	23.038284	0.005694	5.0
79	-0.287164	5.356306	22.168842	0.005966	4.2
80	-0.309755	4.678499	22.754009	0.009875	4.5
81	-0.310876	5.678499	21.901112	0.002618	3.6
82	-0.334243	5.000393	22.472306	0.007953	5.1
83	-0.298144	4.429565	22.976752	0.007677	3.6
84	-0.339310	5.429545	22.107411	0.002473	3.4
85	-0.282421	6.422390	21.306998	0.003586	3.3
86	-0.333162	6.085754	21.571812	0.009657	3.3
87	-0.297796	5.628709	21.942063	0.005043	3.3
88	-0.320421	4.952639	22.513656	0.003968	4.0
89	-0.290028	5.939682	21.688779	0.004778	4.4
90	-0.327034	6.400612	21.323932	0.003171	3.5
91	-0.294651	6.555505	21.204068	0.010918	4.1
92	-0.288981	6.129951	21.536670	0.004263	4.9
93	-0.286720	7.129891	20.771101	0.009455	6.5
94	-0.282861	6.451714	21.284237	0.005805	4.5
95	-0.318162	7.451714	20.536155	0.004464	3.3
96	-0.296441	6.776197	21.035594	0.005671	4.4
97	-0.326152	6.098128	21.561962	0.007933	3.8
98	-0.315349	7.097622	20.794956	0.006616	3.4
99	-0.355764	7.949487	20.183045	0.011563	3.4
100	-0.298864	7.271309	20.667200	0.007898	3.6
101	-0.291470	6.593153	21.175138	0.008082	5.2
102	-0.340212	5.914975	21.708688	0.009982	5.1
103	-0.316842	5.472552	22.071495	0.003819	4.4
104	-0.287557	4.907285	22.553069	0.007055	5.0
105	-0.322699	4.742603	22.697347	0.004756	10.8
106	-0.313402	5.742593	21.848622	0.002497	5.6
107	-0.307010	5.618632	21.950369	0.005808	3.4
108	-0.344842	5.854004	21.757977	0.004040	3.9
109	-0.323473	5.421834	22.113862	0.005473	3.4
110	-0.334064	4.744241	22.695903	0.005909	4.2
111	-0.295656	4.066256	23.309775	0.006830	5.0
112	-0.351431	3.398739	23.947500	0.003820	6.5
113	-0.295141	4.396631	23.006548	0.005568	5.0
114	-0.308990	3.719020	23.637216	0.002876	4.5
115	-0.348142	3.342745	24.002585	0.007913	3.4
116	-0.316589	4.341483	23.056614	0.007488	3.4
117	-0.302133	4.021128	23.351817	0.007473	3.8
118	-0.324930	3.342951	24.002381	0.003062	5.1
119	-0.325314	2.925701	24.420969	0.009882	3.4
120	-0.315227	2.477025	24.887685	0.005804	3.6
121	-0.312529	1.799009	25.627816	0.004337	4.2
122	-0.336953	2.473291	24.891644	0.003882	5.0
123	-0.294581	1.800790	25.625814	0.003270	3.7
124	-0.300372	2.679248	24.675142	0.009532	4.0
125	-0.335664	3.466438	23.881237	0.007161	4.0
126	-0.359643	2.788261	24.562065	0.003552	3.8
127	-0.329954	2.396018	24.973857	0.006984	4.0
128	-0.309677	1.737898	25.696694	0.005796	4.5
129	-0.334780	1.874088	25.543698	0.009038	3.5
130	-0.337943	1.269468	26.237214	0.002183	3.3
131	-0.312894	2.182415	25.203966	0.009528	4.4
132	-0.317045	3.181242	24.162895	0.011869	4.1
133	-0.325226	2.503064	24.860112	0.009552	4.1
134	-0.324353	1.824886	25.598761	0.010874	3.6
135	-0.328353	1.146708	26.382648	0.007943	3.6
136	-0.338463	0.469320	27.215059	0.006182	4.3
137	-0.324427	0.000000	27.823276	0.001340	5.4
138	-0.342117	0.581775	27.073250	0.008321	3.9
139	-0.341590	0.496045	27.181224	0.006355	3.4
140	-0.315620	0.000000	27.823276	0.002801	4.2
141	-0.313234	0.000000	27.823276	0.003704	4.2
142	-0.333678	0.318097	27.408113	0.009457	3.2
143	-0.325917	1.192467	26.328250	0.012835	3.3
144	-0.306518	0.514289	27.158174	0.009145	3.4
145	-0.322402	0.000000	27.823276	0.008297	4.3
146	-0.307346	0.000000	27.823276	0.011811	5.7
147	-0.311159	0.000000	27.823276	0.013537	4.0
148	-0.346088	0.000000	27.823276	0.012367	4.0
149	-0.334355	0.000000	27.823276	0.002561	4.4
150	-0.313612	0.999010	26.559778	0.008352	4.8
151	-0.333948	1.996699	25.407508	0.005528	3.3
152	-0.351466	1.318522	26.179548	0.007651	3.2
153	-0.373206	0.642394	26.997420	0.005666	3.2
154	-0.346419	0.000000	27.823276	0.005914	3.3
155	-0.361974	0.000000	27.823276	0.008806	4.3
156	-0.331598	0.000000	27.823276	0.007076	4.3
157	-0.349346	0.000000	27.823276	0.010027	4.1
158	-0.381469	0.998030	26.560960	0.003270	3.8
159	-0.338958	0.319864	27.405841	0.004103	3.3
160	-0.315386	0.365229	27.347650	0.005558	4.0
161	-0.321747	0.000000	27.823276	0.004611	5.1
162	-0.335815	0.000000	27.823276	0.005496	5.2
163	-0.382093	0.000000	27.823276	0.012749	3.6
164	-0.338299	0.000000	27.823276	0.006323	5.1
165	-0.310195	0.000000	27.823276	0.008112	3.8
166	-0.355847	0.000000	27.823276	0.005445	3.2
167	-0.315443	1.000000	26.558582	0.008146	3.5
168	-0.330956	0.323098	27.401685	0.009761	4.7
169	-0.323802	0.000000	27.823276	0.009851	7.3
170	-0.394078	0.000000	27.823276	0.007910	4.4
171	-0.334167	0.000000	27.823276	0.004731	5.2
172	-0.345675	0.000000	27.823276	0.005679	5.3
173	-0.326758	0.000000	27.823276	0.005725	4.4
174	-0.332188	0.787777	26.817275	0.003557	4.0
175	-0.350610	0.110608	27.677498	0.009478	3.5
176	-0.362180	0.000000	27.823276	0.002295	3.4
177	-0.342317	0.807471	26.793056	0.003875	3.4
178	-0.341624	0.472599	27.210903	0.011958	3.7
179	-0.309443	0.000000	27.823276	0.003492	10.6
180	-0.341629	0.000000	27.823276	0.006497	4.9
181	-0.316882	0.000000	27.823276	0.009616	6.6
182	-0.336923	1.000000	26.558582	0.006815	4.0
183	-0.355611	2.000000	25.403861	0.009767	3.3
184	-0.345488	2.999976	24.345391	0.006069	3.9
185	-0.360485	2.321835	25.053295	0.001665	4.3
186	-0.350400	1.903919	25.510429	0.006111	3.4
187	-0.338857	1.313662	26.185249	0.007695	3.3
188	-0.327395	0.646706	26.992042	0.003483	3.7
189	-0.357130	0.000000	27.823276	0.010323	5.2
190	-0.323775	0.000000	27.823276	0.002861	5.5
191	-0.362514	0.736400	26.880661	0.005716	6.7
192	-0.372199	0.506955	27.167435	0.005405	5.6
193	-0.322342	0.987945	26.573143	0.007000	5.1
194	-0.343589	0.309772	27.418820	0.004293	3.4
195	-0.339808	1.144168	26.385674	0.010298	3.4
196	-0.344338	0.653221	26.983920	0.006064	3.3
197	-0.337650	1.653207	25.792764	0.003192	3.3
198	-0.350257	1.049388	26.499094	0.001457	3.3
199	-0.397611	0.578413	27.077469	0.005045	3.4
200	-0.322379	0.116620	27.669618	0.008706	7.4
201	-0.348046	0.000000	27.823276	0.009586	4.1
202	-0.323292	0.000000	27.823276	0.007585	4.9
203	-0.359676	0.000000	27.823276	0.001438	8.0
204	-0.382140	0.000000	27.823276	0.003975	3.8
205	-0.337123	0.690532	26.937504	0.007329	3.3
206	-0.348322	0.157791	27.615775	0.012721	4.6
207	-0.367965	1.157780	26.369465	0.005039	4.0
208	-0.334755	0.479602	27.202031	0.004952	3.3
209	-0.346312	0.141608	27.636914	0.004626	3.3
210	-0.353667	0.000000	27.823276	0.005776	6.1
211	-0.329117	0.988990	26.571881	0.005924	5.8
212	-0.368975	1.988982	25.416036	0.005530	4.3
213	-0.344513	2.966048	24.379856	0.005683	4.5
214	-0.348777	2.896755	24.450550	0.013624	4.4
215	-0.381362	2.218578	25.164711	0.005455	4.0
216	-0.356776	1.540400	25.921847	0.005261	4.4
217	-0.336462	0.873823	26.711782	0.006517	4.0
218	-0.295080	1.860124	25.559302	0.009476	3.4
219	-0.344712	1.181946	26.340737	0.007830	3.3
220	-0.349538	0.503768	27.171461	0.008475	4.5
221	-0.371854	0.000000	27.823276	0.004405	5.6
222	-0.355171	0.000000	27.823276	0.002804	5.3
223	-0.356494	0.000000	27.823276	0.006806	4.5
224	-0.354390	0.958044	26.609328	0.010708	6.4
225	-0.331925	0.919091	26.656616	0.005933	5.0
226	-0.330723	0.240914	27.507706	0.017960	3.2
227	-0.370490	1.240914	26.270899	0.008555	3.9
228	-0.360146	2.240914	25.140526	0.005941	4.3
229	-0.317809	3.240914	24.103415	0.006395	3.4
230	-0.358860	2.576862	24.782297	0.006492	3.4
231	-0.336738	1.898690	25.516254	0.006332	3.4
232	-0.324939	1.220513	26.295019	0.003912	3.3
233	-0.371538	0.550509	27.112529	0.006947	8.5
234	-0.369850	1.321258	26.176338	0.005991	4.8
235	-0.370341	1.155448	26.372241	0.009541	4.5
236	-0.367203	2.149162	25.240171	0.004850	4.8
237	-0.360710	1.534723	25.928378	0.006241	4.4
238	-0.373898	0.856632	26.732792	0.005931	3.7
239	-0.388268	0.180676	27.585938	0.009817	3.4
240	-0.352985	0.000000	27.823276	0.005248	3.3
241	-0.386234	0.000000	27.823276	0.008457	3.4
242	-0.347842	0.000000	27.823276	0.005778	3.4
243	-0.365003	0.000000	27.823276	0.005223	4.2
244	-0.337470	0.000000	27.823276	0.002109	6.3
245	-0.381063	0.000000	27.823276	0.004975	5.5
246	-0.353113	0.000000	27.823276	0.006296	7.5
247	-0.347269	0.000000	27.823276	0.003556	4.5
248	-0.372271	0.000000	27.823276	0.003309	3.4
249	-0.340953	0.000000	27.823276	0.006414	3.4
Time spent in resolution 0 (ITK initialization and iterating): 1.234 s.
Stopping condition: Maximum number of iterations has been reached.
Settings of AdaptiveStochasticGradientDescent in resolution 0:
( SP_a 584.288803 )
( SP_A 20.000000 )
( SP_alpha 1.000000 )
( SigmoidMax 1.000000 )
( SigmoidMin -0.678178 )
( SigmoidScale 0.000003 )


Resolution: 1
WARNING: The parameter "ShowExactMetricValue", requested at entry number 1, does not exist at all.
  The default value "false" is used instead.
WARNING: The parameter "CheckNumberOfSamples", requested at entry number 1, does not exist at all.
  The default value "true" is used instead.
WARNING: The parameter "UseMultiThreadingForMetrics", requested at entry number 1, does not exist at all.
  The default value "true" is used instead.
Setting the fixed masks took: 0 ms.
Setting the moving masks took: 0 ms.
WARNING: The parameter "NumberOfFixedHistogramBins", requested at entry number 1, does not exist at all.
  The default value "32" is used instead.
WARNING: The parameter "NumberOfMovingHistogramBins", requested at entry number 1, does not exist at all.
  The default value "32" is used instead.
WARNING: The parameter "FixedLimitRangeRatio", requested at entry number 1, does not exist at all.
  The default value "0.01" is used instead.
WARNING: The parameter "MovingLimitRangeRatio", requested at entry number 1, does not exist at all.
  The default value "0.01" is used instead.
WARNING: The parameter "FixedKernelBSplineOrder", requested at entry number 1, does not exist at all.
  The default value "0" is used instead.
WARNING: The parameter "MovingKernelBSplineOrder", requested at entry number 1, does not exist at all.
  The default value "3" is used instead.
WARNING: The parameter "UseFastAndLowMemoryVersion", requested at entry number 1, does not exist at all.
  The default value "true" is used instead.
WARNING: The parameter "UseJacobianPreconditioning", requested at entry number 1, does not exist at all.
  The default value "false" is used instead.
WARNING: The parameter "FiniteDifferenceDerivative", requested at entry number 1, does not exist at all.
  The default value "false" is used instead.
WARNING: The parameter "SP_A", requested at entry number 1, does not exist at all.
  The default value "20" is used instead.
WARNING: The parameter "MaximumNumberOfSamplingAttempts", requested at entry number 1, does not exist at all.
  The default value "0" is used instead.
WARNING: The parameter "SigmoidInitialTime", requested at entry number 1, does not exist at all.
  The default value "0" is used instead.
WARNING: The parameter "MaxBandCovSize", requested at entry number 1, does not exist at all.
  The default value "192" is used instead.
WARNING: The parameter "NumberOfBandStructureSamples", requested at entry number 1, does not exist at all.
  The default value "10" is used instead.
WARNING: The parameter "UseAdaptiveStepSizes", requested at entry number 1, does not exist at all.
  The default value "true" is used instead.
WARNING: The parameter "AutomaticParameterEstimation", requested at entry number 1, does not exist at all.
  The default value "true" is used instead.
WARNING: The parameter "UseConstantStep", requested at entry number 1, does not exist at all.
  The default value "false" is used instead.
WARNING: The parameter "MaximumStepLengthRatio", requested at entry number 1, does not exist at all.
  The default value "1" is used instead.
WARNING: The parameter "MaximumStepLength", requested at entry number 1, does not exist at all.
  The default value "1" is used instead.
WARNING: The parameter "NumberOfGradientMeasurements", requested at entry number 1, does not exist at all.
  The default value "0" is used instead.
WARNING: The parameter "NumberOfJacobianMeasurements", requested at entry number 1, does not exist at all.
  The default value "1000" is used instead.
WARNING: The parameter "NumberOfSamplesForExactGradient", requested at entry number 1, does not exist at all.
  The default value "100000" is used instead.
WARNING: The parameter "SigmoidScaleFactor", requested at entry number 1, does not exist at all.
  The default value "0.1" is used instead.
Elastix initialization of all components (for this resolution) took: 0 ms.
  Computing the fixed image extrema took 0 ms.
  Computing the moving image extrema took 0 ms.
Initialization of AdvancedMattesMutualInformation metric took: 0 ms.
Starting automatic parameter estimation for AdaptiveStochasticGradientDescent ...
WARNING: The parameter "ASGDParameterEstimationMethod", requested at entry number 0, does not exist at all.
  The default value "Original" is used instead.
  Computing JacobianTerms ...
  Computing the Jacobian terms took 0.001319s
  NumberOfGradientMeasurements to estimate sigma_i: 11
  Sampling gradients ...
  Sampling the gradients took 0.350670s
Automatic parameter estimation took 0.35s
1:ItNr	2:Metric	3a:Time	3b:StepSize	4:||Gradient||	Time[ms]
0	-0.297822	0.000000	17.179249	0.007973	356.6
1	-0.267860	0.000000	17.179249	0.006405	4.2
2	-0.271184	0.000000	17.179249	0.016463	4.2
3	-0.300899	0.000000	17.179249	0.011445	3.3
4	-0.286448	1.000000	16.398374	0.004570	3.2
5	-0.275813	0.183585	17.030367	0.010601	3.2
6	-0.263340	0.688712	16.633732	0.003141	3.2
7	-0.294081	0.603771	16.699132	0.010009	9.1
8	-0.313172	0.000000	17.179249	0.018048	4.0
9	-0.270037	0.000000	17.179249	0.018411	3.2
10	-0.274630	0.000000	17.179249	0.010210	4.4
11	-0.271741	0.000000	17.179249	0.010585	3.8
12	-0.274800	0.000000	17.179249	0.011257	3.2
13	-0.297446	0.000000	17.179249	0.005069	3.3
14	-0.288667	0.769512	16.571995	0.011263	3.6
15	-0.303547	0.002562	17.177153	0.005881	3.3
16	-0.273373	0.000000	17.179249	0.011842	3.8
17	-0.285317	0.000000	17.179249	0.007205	4.3
18	-0.285925	0.000000	17.179249	0.008842	3.9
19	-0.240812	0.000000	17.179249	0.007404	4.1
20	-0.310939	0.754676	16.583296	0.014976	5.2
21	-0.284042	0.613913	16.691296	0.009863	3.9
22	-0.293933	1.613913	15.953198	0.005136	3.5
23	-0.306474	0.841623	16.517281	0.007106	3.4
24	-0.282811	1.311299	16.169575	0.011458	3.3
25	-0.303081	2.308800	15.477597	0.010901	3.3
26	-0.289158	1.473347	16.052981	0.009546	3.2
27	-0.281377	2.473346	15.369101	0.015817	4.4
28	-0.282296	1.637890	15.936301	0.009630	3.9
29	-0.305233	2.637890	15.262116	0.007517	3.1
30	-0.275363	3.305998	14.842601	0.008366	3.7
31	-0.277600	2.471065	15.370594	0.013665	7.8
32	-0.292122	1.635609	15.937907	0.006441	4.4
33	-0.308489	0.909758	16.465916	0.004785	3.4
34	-0.295670	0.081692	17.112679	0.015432	3.6
35	-0.272955	1.081348	16.337962	0.011776	4.4
36	-0.323553	2.081348	15.630119	0.011147	3.8
37	-0.276864	1.245892	16.217116	0.002161	3.2
38	-0.282734	1.278644	16.193276	0.015161	3.2
39	-0.282757	1.432182	16.082440	0.006330	3.3
40	-0.275457	2.432182	15.396100	0.008365	7.6
41	-0.291616	3.431893	14.766118	0.007619	5.5
42	-0.299497	2.602080	15.285272	0.012586	5.6
43	-0.296219	3.602080	14.663973	0.008234	5.0
44	-0.305604	4.590825	14.097405	0.007021	3.7
45	-0.283393	3.755816	14.572908	0.010547	3.4
46	-0.277301	2.920822	15.081598	0.005964	3.3
47	-0.264003	3.888533	14.495198	0.010301	3.3
48	-0.280452	3.100228	14.969328	0.005043	4.4
49	-0.261890	2.266551	15.505702	0.013082	4.1
50	-0.289450	3.192349	14.912327	0.011160	3.4
51	-0.295661	4.191496	14.320873	0.017400	3.8
52	-0.289949	4.580512	14.103088	0.013775	3.3
53	-0.300983	5.580512	13.572508	0.002534	3.2
54	-0.295621	6.547731	13.095969	0.009441	4.9
55	-0.304731	5.842953	13.439811	0.002929	4.6
56	-0.297686	5.245690	13.745656	0.005725	3.7
57	-0.267745	4.604050	14.090124	0.010196	3.2
58	-0.305655	3.773835	14.562308	0.008399	4.6
59	-0.292913	4.399877	14.203385	0.007292	4.2
60	-0.281204	5.231295	13.753199	0.006480	3.3
61	-0.291071	6.231116	13.248235	0.010448	3.3
62	-0.289319	7.225356	12.781565	0.002007	4.7
63	-0.276737	6.417212	13.158312	0.002946	4.2
64	-0.302121	6.907220	12.927272	0.008824	3.6
65	-0.292388	6.168453	13.278792	0.010719	3.4
66	-0.304690	5.610176	13.557378	0.009226	4.2
67	-0.282332	6.610176	13.066350	0.010441	4.8
68	-0.278408	5.774905	13.473968	0.011027	4.4
69	-0.265213	6.728214	13.010727	0.008612	4.6
70	-0.273501	5.892759	13.414920	0.003386	3.3
71	-0.288702	5.061056	13.843039	0.011031	3.4
72	-0.314198	4.322542	14.246762	0.009352	3.4
73	-0.289338	3.487293	14.732712	0.007199	4.3
74	-0.280053	4.487258	14.154690	0.005497	4.2
75	-0.303041	5.396695	13.667023	0.011616	3.3
76	-0.285069	6.396672	13.168177	0.011311	3.3
77	-0.319134	7.396672	12.704454	0.011256	3.3
78	-0.286358	7.989686	12.444572	0.010868	4.5
79	-0.287628	7.157403	12.812411	0.010122	5.0
80	-0.288078	8.152831	12.374929	0.006043	3.9
81	-0.290989	7.610118	12.609673	0.005441	3.2
82	-0.268500	6.852532	12.952655	0.009981	4.0
83	-0.278563	7.766287	12.541216	0.008077	4.4
84	-0.298480	6.930831	12.916344	0.000633	3.1
85	-0.292057	7.094821	12.840951	0.005539	3.4
86	-0.314751	6.942115	12.911128	0.010342	3.4
87	-0.280751	6.107904	13.308451	0.009650	3.3
88	-0.286144	7.107903	12.834975	0.018030	3.6
89	-0.279055	8.102993	12.396121	0.008149	4.4
90	-0.282824	7.267537	12.762492	0.011416	4.2
91	-0.313400	6.432081	13.151180	0.020854	4.4
92	-0.301549	5.596624	13.564286	0.007486	4.4
93	-0.270126	4.761168	14.004187	0.009971	4.0
94	-0.310566	3.949228	14.459936	0.010733	3.4
95	-0.309813	4.948806	13.902922	0.012346	3.4
96	-0.286522	5.948806	13.387021	0.012250	3.3
97	-0.271605	5.143034	13.799631	0.009646	3.8
98	-0.284908	4.307577	14.255186	0.011713	4.5
99	-0.281542	5.293830	13.720490	0.010466	3.4
100	-0.260452	6.121082	13.301985	0.005134	3.2
101	-0.321115	5.428596	13.650525	0.010104	3.1
102	-0.298698	6.428537	13.152879	0.006083	3.2
103	-0.277100	5.593199	13.566033	0.003462	4.5
104	-0.297236	5.678291	13.522764	0.016241	3.6
105	-0.313634	4.844197	13.959196	0.015727	3.2
106	-0.326813	4.008741	14.425525	0.008952	3.1
107	-0.252202	3.173285	14.924088	0.018582	3.3
108	-0.294020	4.173285	14.331233	0.009268	4.3
109	-0.296206	3.337830	14.823188	0.019498	3.8
110	-0.294662	4.337818	14.238172	0.005417	3.3
111	-0.272734	3.502362	14.723651	0.008505	3.1
112	-0.313017	4.461205	14.169173	0.003366	3.3
113	-0.306047	4.016140	14.421259	0.002880	3.7
114	-0.294953	3.402916	14.783652	0.012424	4.2
115	-0.273831	4.399782	14.203438	0.011912	3.5
116	-0.281413	3.564326	14.686510	0.014433	3.4
117	-0.294726	4.564306	14.112029	0.003333	3.3
118	-0.328840	3.730963	14.587553	0.010580	3.3
119	-0.297085	4.729959	14.021174	0.008396	3.2
120	-0.306222	5.690969	13.516340	0.019532	4.3
121	-0.280646	6.690969	13.028227	0.006990	4.2
122	-0.304797	5.855513	13.433526	0.003649	3.2
123	-0.277534	5.043222	13.852519	0.020157	3.1
124	-0.304402	4.207839	14.311589	0.012326	3.2
125	-0.313157	5.207838	13.765509	0.011132	4.5
126	-0.287071	6.207837	13.259570	0.013318	4.1
127	-0.291707	5.372381	13.679623	0.011287	3.3
128	-0.275116	5.981248	13.370924	0.011415	3.3
129	-0.285115	5.145792	13.798175	0.011102	3.3
130	-0.308288	6.145792	13.289876	0.006607	4.5
131	-0.315501	7.142693	12.819108	0.008171	4.0
132	-0.284119	6.308451	13.210717	0.010340	3.3
133	-0.310624	7.308420	12.744061	0.009895	3.2
134	-0.314752	8.308420	12.309235	0.005066	3.4
135	-0.281100	9.307264	11.903557	0.008262	4.2
136	-0.281898	8.755597	12.124248	0.009699	3.6
137	-0.280003	7.920141	12.474498	0.007900	3.2
138	-0.296932	7.088136	12.844007	0.016105	3.4
139	-0.304453	6.474210	13.131014	0.012296	3.4
140	-0.263071	7.474210	12.669859	0.010218	3.4
141	-0.279302	6.638754	13.052840	0.011887	3.3
142	-0.305182	5.803303	13.459693	0.006736	4.4
143	-0.289392	4.972115	13.890445	0.005301	4.1
144	-0.315257	5.946947	13.387945	0.008504	3.2
145	-0.302737	6.939223	12.912465	0.005464	3.2
146	-0.283686	7.927025	12.471529	0.014320	3.5
147	-0.302425	8.927025	12.054798	0.007452	4.3
148	-0.311419	9.893725	11.677589	0.017133	4.0
149	-0.303162	9.058885	12.001916	0.008971	3.2
150	-0.320441	10.028967	11.626691	0.009786	3.2
151	-0.295853	11.023979	11.265440	0.002097	3.2
152	-0.292230	10.222684	11.554555	0.008203	3.6
153	-0.288016	10.092757	11.602838	0.009515	4.8
154	-0.294023	9.257301	11.923212	0.012344	3.8
155	-0.281700	8.421845	12.261781	0.008968	3.3
156	-0.300244	7.586389	12.620140	0.023604	3.5
157	-0.296987	8.586389	12.193588	0.004860	4.3
158	-0.305697	9.585041	11.795447	0.011230	3.7
159	-0.323274	10.564610	11.429390	0.010600	3.1
160	-0.321919	9.730402	11.739652	0.011840	3.2
161	-0.301984	8.895685	12.067435	0.002229	3.6
162	-0.292024	8.129212	12.384964	0.021468	4.2
163	-0.304487	7.300079	12.747817	0.011512	3.4
164	-0.310796	8.300079	12.312739	0.010396	3.2
165	-0.284317	9.284136	11.912647	0.008655	3.4
166	-0.286931	8.467868	12.242631	0.016005	3.3
167	-0.292326	9.467594	11.840916	0.010054	4.4
168	-0.306415	10.467589	11.464629	0.002253	3.9
169	-0.277133	11.422289	11.127044	0.010163	3.3
170	-0.317247	11.930104	10.955454	0.007195	3.4
171	-0.303035	11.095663	11.240280	0.010455	3.3
172	-0.307126	10.261149	11.540338	0.010728	3.2
173	-0.312203	9.425795	11.857183	0.005381	3.7
174	-0.311784	8.590358	12.191952	0.005455	4.2
175	-0.268904	9.584077	11.795818	0.012478	3.4
176	-0.289552	10.038743	11.623030	0.008737	3.1
177	-0.311062	10.811227	11.340783	0.017461	3.2
178	-0.293690	11.811227	10.995146	0.014903	3.8
179	-0.283586	12.811227	10.669954	0.004308	4.6
180	-0.308860	11.977329	10.939765	0.010445	3.2
181	-0.275444	11.951291	10.948409	0.006395	3.2
182	-0.294840	12.951290	10.625936	0.006679	3.2
183	-0.329991	13.951160	10.321953	0.001436	3.5
184	-0.309783	14.545964	10.149232	0.008460	4.9
185	-0.302078	14.287479	10.223576	0.016026	3.6
186	-0.286608	13.874387	10.344676	0.009387	3.2
187	-0.263281	14.874387	10.056317	0.008481	3.3
188	-0.284668	15.874373	9.783603	0.011954	4.2
189	-0.307302	15.227974	9.958167	0.005774	4.2
190	-0.276896	16.227839	9.690711	0.011983	3.3
191	-0.298680	17.227755	9.437233	0.011362	3.3
192	-0.301075	18.227755	9.196657	0.006236	3.5
193	-0.295921	17.392319	9.396781	0.017014	4.2
194	-0.271981	16.557438	9.605667	0.012376	4.3
195	-0.314811	17.557438	9.356540	0.014031	3.4
196	-0.275575	18.557438	9.120010	0.013109	3.4
197	-0.303801	19.557414	8.895149	0.002075	3.3
198	-0.299482	18.732827	9.079752	0.007698	3.3
199	-0.283543	19.662705	8.872116	0.004932	3.4
200	-0.288091	19.783016	8.845943	0.012503	4.5
201	-0.308149	18.966665	9.026628	0.003709	3.8
202	-0.281051	19.094430	8.997864	0.012906	3.1
203	-0.298222	20.080546	8.781875	0.006766	3.1
204	-0.293579	19.245090	8.964180	0.003150	3.5
205	-0.294223	20.218306	8.752524	0.007583	4.8
206	-0.310996	19.390706	8.931862	0.003892	3.8
207	-0.278833	18.565993	9.118038	0.005543	3.3
208	-0.314939	17.979789	9.255161	0.007225	3.2
209	-0.266223	17.144779	9.457762	0.004125	3.1
210	-0.276001	16.873462	9.525515	0.009415	4.5
211	-0.274938	17.866647	9.282103	0.011834	4.6
212	-0.286358	17.031190	9.486009	0.005357	3.4
213	-0.261573	16.251676	9.684510	0.002438	3.3
214	-0.266977	16.820211	9.538927	0.006139	4.5
215	-0.282014	16.062267	9.734003	0.005793	4.2
216	-0.282141	15.249857	9.952156	0.008473	3.3
217	-0.282234	15.022252	10.015038	0.009746	3.4
218	-0.278807	16.022204	9.744537	0.008925	3.3
219	-0.316001	15.187704	9.969249	0.006944	3.3
220	-0.306911	14.817328	10.072338	0.014406	4.2
221	-0.313513	15.815195	9.799329	0.020636	4.0
222	-0.321200	16.815195	9.540192	0.005848	3.9
223	-0.314005	17.815186	9.294409	0.007282	3.8
224	-0.273857	17.025277	9.487485	0.005324	4.1
225	-0.305573	18.003564	9.249520	0.003512	4.6
226	-0.286096	18.948213	9.030798	0.015382	3.4
227	-0.298651	18.113217	9.223589	0.010701	3.3
228	-0.294337	17.277761	9.424904	0.010547	3.3
229	-0.316363	16.442304	9.635204	0.011879	3.3
230	-0.289305	17.442304	9.384563	0.014278	3.8
231	-0.307086	18.404786	9.155340	0.008852	4.3
232	-0.307792	17.569330	9.353655	0.011198	3.4
233	-0.301174	18.569329	9.117269	0.012001	3.2
234	-0.309578	17.733873	9.313921	0.004347	3.2
235	-0.289111	18.731772	9.079993	0.004896	3.5
236	-0.290297	18.029961	9.243264	0.005508	4.1
237	-0.287019	19.007052	9.017516	0.009748	3.7
238	-0.309863	19.999397	8.799257	0.005081	3.4
239	-0.290450	19.187265	8.977078	0.014739	3.2
240	-0.303167	18.355017	9.166918	0.006359	4.1
241	-0.277149	17.519699	9.365707	0.014943	4.5
242	-0.317122	16.684243	9.573344	0.006452	3.2
243	-0.289390	15.849089	9.790316	0.008019	3.1
244	-0.296859	15.850034	9.790065	0.010834	3.4
245	-0.294846	16.824251	9.537908	0.006283	3.2
246	-0.292448	16.054795	9.735966	0.005030	3.5
247	-0.305287	15.224174	9.959212	0.007397	7.4
248	-0.304382	16.221048	9.692479	0.003692	4.0
249	-0.331887	17.207932	9.442129	0.007438	4.1
Time spent in resolution 1 (ITK initialization and iterating): 1.338 s.
Stopping condition: Maximum number of iterations has been reached.
Settings of AdaptiveStochasticGradientDescent in resolution 1:
( SP_a 360.764225 )
( SP_A 20.000000 )
( SP_alpha 1.000000 )
( SigmoidMax 1.000000 )
( SigmoidMin -0.835456 )
( SigmoidScale 0.000004 )


Resolution: 2
WARNING: The parameter "ShowExactMetricValue", requested at entry number 2, does not exist at all.
  The default value "false" is used instead.
WARNING: The parameter "CheckNumberOfSamples", requested at entry number 2, does not exist at all.
  The default value "true" is used instead.
WARNING: The parameter "UseMultiThreadingForMetrics", requested at entry number 2, does not exist at all.
  The default value "true" is used instead.
Setting the fixed masks took: 0 ms.
Setting the moving masks took: 0 ms.
WARNING: The parameter "NumberOfFixedHistogramBins", requested at entry number 2, does not exist at all.
  The default value "32" is used instead.
WARNING: The parameter "NumberOfMovingHistogramBins", requested at entry number 2, does not exist at all.
  The default value "32" is used instead.
WARNING: The parameter "FixedLimitRangeRatio", requested at entry number 2, does not exist at all.
  The default value "0.01" is used instead.
WARNING: The parameter "MovingLimitRangeRatio", requested at entry number 2, does not exist at all.
  The default value "0.01" is used instead.
WARNING: The parameter "FixedKernelBSplineOrder", requested at entry number 2, does not exist at all.
  The default value "0" is used instead.
WARNING: The parameter "MovingKernelBSplineOrder", requested at entry number 2, does not exist at all.
  The default value "3" is used instead.
WARNING: The parameter "UseFastAndLowMemoryVersion", requested at entry number 2, does not exist at all.
  The default value "true" is used instead.
WARNING: The parameter "UseJacobianPreconditioning", requested at entry number 2, does not exist at all.
  The default value "false" is used instead.
WARNING: The parameter "FiniteDifferenceDerivative", requested at entry number 2, does not exist at all.
  The default value "false" is used instead.
WARNING: The parameter "SP_A", requested at entry number 2, does not exist at all.
  The default value "20" is used instead.
WARNING: The parameter "MaximumNumberOfSamplingAttempts", requested at entry number 2, does not exist at all.
  The default value "0" is used instead.
WARNING: The parameter "SigmoidInitialTime", requested at entry number 2, does not exist at all.
  The default value "0" is used instead.
WARNING: The parameter "MaxBandCovSize", requested at entry number 2, does not exist at all.
  The default value "192" is used instead.
WARNING: The parameter "NumberOfBandStructureSamples", requested at entry number 2, does not exist at all.
  The default value "10" is used instead.
WARNING: The parameter "UseAdaptiveStepSizes", requested at entry number 2, does not exist at all.
  The default value "true" is used instead.
WARNING: The parameter "AutomaticParameterEstimation", requested at entry number 2, does not exist at all.
  The default value "true" is used instead.
WARNING: The parameter "UseConstantStep", requested at entry number 2, does not exist at all.
  The default value "false" is used instead.
WARNING: The parameter "MaximumStepLengthRatio", requested at entry number 2, does not exist at all.
  The default value "1" is used instead.
WARNING: The parameter "MaximumStepLength", requested at entry number 2, does not exist at all.
  The default value "1" is used instead.
WARNING: The parameter "NumberOfGradientMeasurements", requested at entry number 2, does not exist at all.
  The default value "0" is used instead.
WARNING: The parameter "NumberOfJacobianMeasurements", requested at entry number 2, does not exist at all.
  The default value "1000" is used instead.
WARNING: The parameter "NumberOfSamplesForExactGradient", requested at entry number 2, does not exist at all.
  The default value "100000" is used instead.
WARNING: The parameter "SigmoidScaleFactor", requested at entry number 2, does not exist at all.
  The default value "0.1" is used instead.
Elastix initialization of all components (for this resolution) took: 1 ms.
  Computing the fixed image extrema took 0 ms.
  Computing the moving image extrema took 0 ms.
Initialization of AdvancedMattesMutualInformation metric took: 2 ms.
Starting automatic parameter estimation for AdaptiveStochasticGradientDescent ...
WARNING: The parameter "ASGDParameterEstimationMethod", requested at entry number 0, does not exist at all.
  The default value "Original" is used instead.
  Computing JacobianTerms ...
  Computing the Jacobian terms took 0.001224s
  NumberOfGradientMeasurements to estimate sigma_i: 11
  Sampling gradients ...
  Sampling the gradients took 1.194232s
Automatic parameter estimation took 1.20s
1:ItNr	2:Metric	3a:Time	3b:StepSize	4:||Gradient||	Time[ms]
0	-0.221792	0.000000	2.850727	0.015706	1201.8
1	-0.238334	0.000000	2.850727	0.021976	4.4
2	-0.212957	0.999995	2.721150	0.003409	4.1
3	-0.251660	1.950120	2.608495	0.017859	3.2
4	-0.229039	2.873615	2.507592	0.031929	3.2
5	-0.244823	1.894914	2.614785	0.009418	3.2
6	-0.239803	2.894914	2.505356	0.022778	3.2
7	-0.227862	1.918348	2.612111	0.013776	3.2
8	-0.246105	0.939647	2.728634	0.015169	9.2
9	-0.232011	0.000000	2.850727	0.013379	5.0
10	-0.223960	0.999994	2.721150	0.026701	4.3
11	-0.210391	1.999994	2.602839	0.009850	4.0
12	-0.234760	1.021309	2.718516	0.019837	3.2
13	-0.216908	2.021298	2.600430	0.011426	3.2
14	-0.230556	3.021296	2.492175	0.034811	3.3
15	-0.233493	2.042602	2.598026	0.018132	3.1
16	-0.233742	3.042602	2.489967	0.012384	4.2
17	-0.217519	4.020501	2.392649	0.016517	4.0
18	-0.211805	5.008030	2.301800	0.013467	3.5
19	-0.251703	4.060112	2.388867	0.021701	3.2
20	-0.229096	3.081412	2.485954	0.017000	3.2
21	-0.215454	2.273022	2.572304	0.008317	4.3
22	-0.255591	3.263092	2.467339	0.019767	3.9
23	-0.219350	4.262584	2.369721	0.020278	3.3
24	-0.222394	5.262584	2.279489	0.014888	3.2
25	-0.233974	6.262584	2.195877	0.018387	3.2
26	-0.237778	5.283960	2.277635	0.012741	3.2
27	-0.224152	5.084750	2.295030	0.013276	4.1
28	-0.230556	6.082780	2.210455	0.011463	4.2
29	-0.231101	7.039722	2.135017	0.007274	3.4
30	-0.227537	7.350554	2.111609	0.021351	3.2
31	-0.218666	8.350521	2.039667	0.013497	3.1
32	-0.219383	7.371821	2.110026	0.020138	3.6
33	-0.237809	6.425532	2.182830	0.011041	4.2
34	-0.228481	7.425526	2.106039	0.020656	4.0
35	-0.211832	6.447887	2.181052	0.022378	3.4
36	-0.199026	7.447813	2.104389	0.014635	3.7
37	-0.228395	6.469294	2.179353	0.013008	4.5
38	-0.215105	7.469136	2.102813	0.014366	3.7
39	-0.220358	8.469107	2.031459	0.027602	3.2
40	-0.233374	9.468551	1.964822	0.010082	3.2
41	-0.260255	10.468551	1.902384	0.012885	3.2
42	-0.228357	11.467120	1.843874	0.019163	4.1
43	-0.231859	12.467112	1.788779	0.021590	3.9
44	-0.222959	11.488411	1.842666	0.013182	3.3
45	-0.240283	10.509710	1.899899	0.011725	3.2
46	-0.223677	9.569096	1.958359	0.012279	3.2
47	-0.237543	8.592110	2.023015	0.014409	3.3
48	-0.219852	9.559982	1.958943	0.019296	4.2
49	-0.232305	8.581293	2.023755	0.017155	3.9
50	-0.242508	9.579260	1.957708	0.011058	3.3
51	-0.252676	10.579255	1.895715	0.018754	3.2
52	-0.234730	9.601404	1.956292	0.016314	3.5
53	-0.221501	9.856074	1.940146	0.021364	4.3
54	-0.235504	8.880428	2.003495	0.002993	4.2
55	-0.218052	8.021996	2.062755	0.017186	3.3
56	-0.244081	7.756532	2.081798	0.013706	3.4
57	-0.213825	8.756529	2.011837	0.022052	3.2
58	-0.251255	7.779754	2.080118	0.007517	4.0
59	-0.244538	8.741880	2.012828	0.012490	4.6
60	-0.229382	7.920723	2.069979	0.010484	3.3
61	-0.220207	8.915021	2.001178	0.014823	3.2
62	-0.239237	7.936419	2.068856	0.016432	3.4
63	-0.211242	6.957720	2.141279	0.016526	5.2
64	-0.254188	7.957719	2.067334	0.016671	4.5
65	-0.219752	8.956501	1.998407	0.010631	3.3
66	-0.247906	9.955218	1.933932	0.014772	3.2
67	-0.233245	8.979245	1.996891	0.013545	3.2
68	-0.221728	9.978845	1.932457	0.018515	3.2
69	-0.229611	10.978822	1.872029	0.004590	4.2
70	-0.220742	11.879638	1.820740	0.026870	4.0
71	-0.230572	10.902265	1.876521	0.005076	3.4
72	-0.226610	9.957227	1.933806	0.008260	3.4
73	-0.233561	9.248380	1.979123	0.009979	3.3
74	-0.238484	10.235813	1.916559	0.028871	3.2
75	-0.212996	11.235737	1.857109	0.015271	3.9
76	-0.231502	12.235737	1.801232	0.018868	4.9
77	-0.238677	13.235736	1.748620	0.010863	3.8
78	-0.232348	14.223500	1.699583	0.013283	3.2
79	-0.271830	13.244867	1.748153	0.023890	4.1
80	-0.232569	12.266168	1.799584	0.013624	4.0
81	-0.232405	13.266135	1.747068	0.008636	3.3
82	-0.209803	12.292089	1.798183	0.016637	3.3
83	-0.217473	13.291966	1.745752	0.035426	3.3
84	-0.240376	14.291966	1.696286	0.007586	4.2
85	-0.231988	15.291965	1.649546	0.015710	4.2
86	-0.238701	14.444704	1.688977	0.022286	3.2
87	-0.198512	13.466009	1.736937	0.008574	3.2
88	-0.226889	14.457646	1.688360	0.016367	3.2
89	-0.229286	13.939999	1.713374	0.002827	3.2
90	-0.223580	14.612076	1.681039	0.006599	4.2
91	-0.242009	14.183577	1.701512	0.016307	4.0
92	-0.221611	15.107874	1.657956	0.027489	3.3
93	-0.230371	16.107874	1.613277	0.013177	3.4
94	-0.219060	16.007107	1.617670	0.029381	3.3
95	-0.251991	17.007104	1.575108	0.010263	4.3
96	-0.227257	18.007100	1.534728	0.015763	4.3
97	-0.236532	17.028419	1.574225	0.013483	3.5
98	-0.225235	16.049755	1.615808	0.034333	4.7
99	-0.243371	17.049755	1.573342	0.022473	5.1
100	-0.216001	18.049752	1.533051	0.013210	4.1
101	-0.249570	17.071051	1.572462	0.015440	3.4
102	-0.226575	16.250590	1.607096	0.012986	3.2
103	-0.228611	15.277164	1.650219	0.028905	3.4
104	-0.226540	14.298474	1.695974	0.014711	4.3
105	-0.239141	15.298474	1.649251	0.016213	4.1
106	-0.223257	16.298145	1.605047	0.021312	3.4
107	-0.218000	15.319518	1.648295	0.008153	3.4
108	-0.219155	14.341450	1.693911	0.010497	3.2
109	-0.211747	15.272448	1.650434	0.025016	4.4
110	-0.235951	15.454084	1.642210	0.017760	4.1
111	-0.228266	16.454084	1.598364	0.016580	3.3
112	-0.253825	16.107973	1.613273	0.016183	3.2
113	-0.223113	17.107973	1.570938	0.008198	3.2
114	-0.239476	17.904050	1.538793	0.018092	3.2
115	-0.244286	17.027245	1.574273	0.015883	4.3
116	-0.235489	18.027245	1.533936	0.039050	3.9
117	-0.236147	17.048544	1.573392	0.018702	3.2
118	-0.258365	18.048544	1.533099	0.007830	3.3
119	-0.241326	18.580385	1.512499	0.015594	3.4
120	-0.239365	17.740210	1.545301	0.011127	3.3
121	-0.240766	16.874323	1.580630	0.010664	4.5
122	-0.240619	17.871039	1.540100	0.020658	3.9
123	-0.232510	18.870714	1.501485	0.021602	3.3
124	-0.214763	17.892013	1.539269	0.006498	3.2
125	-0.240146	17.851550	1.540872	0.042624	3.2
126	-0.211723	18.851543	1.502207	0.010952	3.2
127	-0.210742	19.851543	1.465435	0.015559	3.7
128	-0.228583	19.489502	1.478538	0.022653	4.8
129	-0.249780	18.510801	1.515162	0.026942	3.3
130	-0.233123	19.510801	1.477761	0.026971	3.7
131	-0.222105	18.532100	1.514346	0.010047	4.4
132	-0.232873	19.448989	1.480019	0.030521	4.0
133	-0.242762	20.448987	1.444312	0.011997	3.3
134	-0.236338	19.470287	1.479240	0.018325	3.2
135	-0.230677	20.470258	1.443571	0.025720	3.1
136	-0.221723	19.491557	1.478463	0.011902	3.3
137	-0.221947	20.271349	1.450529	0.020503	6.7
138	-0.234926	21.271209	1.416219	0.014368	4.5
139	-0.203500	22.265362	1.383677	0.020103	4.1
140	-0.242134	21.286663	1.415701	0.017205	6.4
141	-0.224861	22.286663	1.382996	0.021440	5.1
142	-0.237488	23.225980	1.353622	0.015459	3.2
143	-0.217676	24.225576	1.323704	0.013457	3.2
144	-0.232470	23.251057	1.352855	0.018527	3.3
145	-0.236397	22.272357	1.383453	0.003730	4.1
146	-0.233939	21.307489	1.415004	0.011857	3.9
147	-0.236317	22.220946	1.385099	0.014605	3.4
148	-0.217284	23.220620	1.353786	0.026619	5.4
149	-0.219423	24.165820	1.325455	0.011524	4.7
150	-0.219633	25.165820	1.296745	0.020245	3.8
151	-0.220912	24.723920	1.309277	0.014572	3.6
152	-0.258978	23.749862	1.337776	0.011400	3.4
153	-0.260601	24.749658	1.308540	0.012941	3.3
154	-0.228220	25.590900	1.284914	0.022151	3.8
155	-0.226190	26.084170	1.271452	0.012373	4.3
156	-0.239888	25.202044	1.295728	0.010480	3.3
157	-0.256898	26.198945	1.268360	0.022476	3.3
158	-0.235516	26.631416	1.256844	0.025753	3.3
159	-0.230097	25.652715	1.283211	0.024433	3.3
160	-0.239088	25.263349	1.294011	0.032416	3.6
161	-0.215701	25.827412	1.278424	0.025224	4.2
162	-0.239351	24.848711	1.305713	0.005083	3.7
163	-0.211725	23.933991	1.332294	0.018137	3.2
164	-0.225731	22.977190	1.361280	0.010235	3.4
165	-0.234798	22.625785	1.372245	0.027137	3.9
166	-0.212220	21.681995	1.402589	0.020554	4.5
167	-0.261317	22.681995	1.370479	0.020884	3.4
168	-0.230208	21.703294	1.401889	0.011645	3.2
169	-0.223646	20.724594	1.434772	0.006804	3.3
170	-0.223025	21.472515	1.409506	0.014580	3.2
171	-0.238183	22.211195	1.385411	0.018556	3.7
172	-0.241963	23.211138	1.354077	0.013041	4.3
173	-0.259553	22.308542	1.382297	0.018854	3.8
174	-0.222467	21.329844	1.414257	0.010849	3.5
175	-0.230457	21.734083	1.400879	0.012634	4.3
176	-0.241191	21.499008	1.408628	0.023391	4.4
177	-0.212767	20.521897	1.441776	0.016556	3.5
178	-0.217711	19.543202	1.476580	0.026209	3.2
179	-0.222905	19.023355	1.495759	0.016988	3.2
180	-0.251721	18.044654	1.533252	0.011501	4.8
181	-0.229852	19.044651	1.494963	0.025713	4.8
182	-0.234442	20.032246	1.458981	0.007333	3.4
183	-0.239505	21.030146	1.424341	0.028725	3.2
184	-0.224732	20.051664	1.458291	0.023975	3.2
185	-0.236077	21.051664	1.423613	0.015816	3.2
186	-0.242567	22.051663	1.390545	0.022046	3.3
187	-0.243802	21.073126	1.422886	0.018506	4.5
188	-0.227065	22.073126	1.389852	0.029037	3.7
189	-0.234922	21.094425	1.422166	0.010718	3.4
190	-0.220552	22.094425	1.389165	0.018990	3.8
191	-0.240914	22.735116	1.368815	0.024561	4.4
192	-0.220007	23.735116	1.338217	0.024407	3.4
193	-0.248468	24.735116	1.308956	0.020778	3.2
194	-0.228687	25.735116	1.280949	0.025297	3.1
195	-0.213606	26.735116	1.254114	0.015804	3.2
196	-0.222852	27.734946	1.228385	0.010418	4.2
197	-0.242600	26.756264	1.253559	0.012461	3.8
198	-0.225249	27.483279	1.234761	0.020728	3.3
199	-0.257267	28.483278	1.209808	0.023526	3.2
200	-0.232000	29.483278	1.185844	0.007269	3.1
201	-0.241344	28.504592	1.209287	0.011633	3.2
202	-0.210888	28.661203	1.205474	0.008091	4.2
203	-0.252752	29.658453	1.181743	0.009665	3.9
204	-0.238755	30.619792	1.159735	0.023403	3.2
205	-0.249301	31.619774	1.137695	0.007919	3.5
206	-0.224943	30.846991	1.154653	0.014081	3.4
207	-0.231894	31.422556	1.141976	0.032624	4.5
208	-0.238670	30.443855	1.163701	0.015123	4.1
209	-0.220979	31.443851	1.141512	0.012472	3.4
210	-0.238942	30.751827	1.156776	0.023437	3.4
211	-0.261788	31.751304	1.134859	0.022887	3.3
212	-0.248829	32.724276	1.114306	0.021565	3.3
213	-0.223302	33.724105	1.093947	0.011572	6.5
214	-0.223461	33.121176	1.106134	0.011826	4.2
215	-0.222493	34.112324	1.086241	0.006965	4.2
216	-0.242061	35.087578	1.067354	0.016450	3.4
217	-0.230198	36.084607	1.048711	0.018008	4.4
218	-0.243394	37.084607	1.030656	0.019511	4.4
219	-0.222128	38.084122	1.013221	0.015100	3.4
220	-0.276713	39.072679	0.996547	0.012181	3.3
221	-0.258329	40.072667	0.980230	0.017022	3.2
222	-0.223854	39.115068	0.995845	0.017748	4.3
223	-0.230080	38.136367	1.012326	0.009226	3.9
224	-0.250202	39.136120	0.995496	0.019891	3.7
225	-0.207188	40.131385	0.979289	0.007229	3.4
226	-0.251031	39.282420	0.993080	0.020074	3.2
227	-0.243177	38.304331	1.009459	0.025673	4.6
228	-0.251906	39.304313	0.992720	0.034071	4.0
229	-0.221419	39.366249	0.991701	0.025401	3.2
230	-0.223428	40.366249	0.975541	0.015162	3.2
231	-0.233260	39.387552	0.991351	0.002525	3.2
232	-0.232363	38.804909	1.001009	0.025450	4.3
233	-0.256567	39.273872	0.993221	0.029163	3.8
234	-0.218666	40.273872	0.977011	0.015724	3.4
235	-0.214559	41.273870	0.961323	0.006477	3.3
236	-0.255015	40.392102	0.975130	0.034361	3.3
237	-0.220686	41.392080	0.959501	0.029694	3.5
238	-0.221862	42.392080	0.944365	0.016886	4.5
239	-0.227851	41.413379	0.959174	0.016618	3.6
240	-0.212915	40.471529	0.973870	0.020039	3.3
241	-0.244206	41.471501	0.958281	0.024399	3.1
242	-0.224802	42.471501	0.943184	0.006706	3.2
243	-0.226628	41.494795	0.957924	0.019595	3.4
244	-0.230932	41.000620	0.965559	0.019474	4.5
245	-0.217691	40.021919	0.981045	0.007014	3.8
246	-0.215738	39.086350	0.996321	0.010216	3.5
247	-0.211824	40.070086	0.980272	0.021151	3.9
248	-0.239127	41.059138	0.964649	0.012839	4.4
249	-0.245601	40.080437	0.980106	0.008788	3.3
Time spent in resolution 2 (ITK initialization and iterating): 2.173 s.
Stopping condition: Maximum number of iterations has been reached.
Settings of AdaptiveStochasticGradientDescent in resolution 2:
( SP_a 59.865277 )
( SP_A 20.000000 )
( SP_alpha 1.000000 )
( SigmoidMax 1.000000 )
( SigmoidMin -0.978701 )
( SigmoidScale 0.000014 )


Resolution: 3
WARNING: The parameter "ShowExactMetricValue", requested at entry number 3, does not exist at all.
  The default value "false" is used instead.
WARNING: The parameter "CheckNumberOfSamples", requested at entry number 3, does not exist at all.
  The default value "true" is used instead.
WARNING: The parameter "UseMultiThreadingForMetrics", requested at entry number 3, does not exist at all.
  The default value "true" is used instead.
Setting the fixed masks took: 0 ms.
Setting the moving masks took: 0 ms.
WARNING: The parameter "NumberOfFixedHistogramBins", requested at entry number 3, does not exist at all.
  The default value "32" is used instead.
WARNING: The parameter "NumberOfMovingHistogramBins", requested at entry number 3, does not exist at all.
  The default value "32" is used instead.
WARNING: The parameter "FixedLimitRangeRatio", requested at entry number 3, does not exist at all.
  The default value "0.01" is used instead.
WARNING: The parameter "MovingLimitRangeRatio", requested at entry number 3, does not exist at all.
  The default value "0.01" is used instead.
WARNING: The parameter "FixedKernelBSplineOrder", requested at entry number 3, does not exist at all.
  The default value "0" is used instead.
WARNING: The parameter "MovingKernelBSplineOrder", requested at entry number 3, does not exist at all.
  The default value "3" is used instead.
WARNING: The parameter "UseFastAndLowMemoryVersion", requested at entry number 3, does not exist at all.
  The default value "true" is used instead.
WARNING: The parameter "UseJacobianPreconditioning", requested at entry number 3, does not exist at all.
  The default value "false" is used instead.
WARNING: The parameter "FiniteDifferenceDerivative", requested at entry number 3, does not exist at all.
  The default value "false" is used instead.
WARNING: The parameter "SP_A", requested at entry number 3, does not exist at all.
  The default value "20" is used instead.
WARNING: The parameter "MaximumNumberOfSamplingAttempts", requested at entry number 3, does not exist at all.
  The default value "0" is used instead.
WARNING: The parameter "SigmoidInitialTime", requested at entry number 3, does not exist at all.
  The default value "0" is used instead.
WARNING: The parameter "MaxBandCovSize", requested at entry number 3, does not exist at all.
  The default value "192" is used instead.
WARNING: The parameter "NumberOfBandStructureSamples", requested at entry number 3, does not exist at all.
  The default value "10" is used instead.
WARNING: The parameter "UseAdaptiveStepSizes", requested at entry number 3, does not exist at all.
  The default value "true" is used instead.
WARNING: The parameter "AutomaticParameterEstimation", requested at entry number 3, does not exist at all.
  The default value "true" is used instead.
WARNING: The parameter "UseConstantStep", requested at entry number 3, does not exist at all.
  The default value "false" is used instead.
WARNING: The parameter "MaximumStepLengthRatio", requested at entry number 3, does not exist at all.
  The default value "1" is used instead.
WARNING: The parameter "MaximumStepLength", requested at entry number 3, does not exist at all.
  The default value "1" is used instead.
WARNING: The parameter "NumberOfGradientMeasurements", requested at entry number 3, does not exist at all.
  The default value "0" is used instead.
WARNING: The parameter "NumberOfJacobianMeasurements", requested at entry number 3, does not exist at all.
  The default value "1000" is used instead.
WARNING: The parameter "NumberOfSamplesForExactGradient", requested at entry number 3, does not exist at all.
  The default value "100000" is used instead.
WARNING: The parameter "SigmoidScaleFactor", requested at entry number 3, does not exist at all.
  The default value "0.1" is used instead.
Elastix initialization of all components (for this resolution) took: 1 ms.
  Computing the fixed image extrema took 1 ms.
  Computing the moving image extrema took 1 ms.
Initialization of AdvancedMattesMutualInformation metric took: 9 ms.
Starting automatic parameter estimation for AdaptiveStochasticGradientDescent ...
WARNING: The parameter "ASGDParameterEstimationMethod", requested at entry number 0, does not exist at all.
  The default value "Original" is used instead.
  Computing JacobianTerms ...
  Computing the Jacobian terms took 0.001222s
  NumberOfGradientMeasurements to estimate sigma_i: 11
  Sampling gradients ...
  Sampling the gradients took 1.190018s
Automatic parameter estimation took 1.19s
1:ItNr	2:Metric	3a:Time	3b:StepSize	4:||Gradient||	Time[ms]
0	-0.162472	0.000000	0.659815	0.039340	1205.0
1	-0.155571	0.000000	0.659815	0.036788	3.3
2	-0.145643	1.000000	0.629823	0.023933	4.3
3	-0.142535	0.048243	0.658303	0.040580	4.6
4	-0.160319	0.000000	0.659815	0.031817	3.3
5	-0.153492	0.000000	0.659815	0.053933	3.4
6	-0.141997	0.000000	0.659815	0.056155	3.3
7	-0.172474	0.000000	0.659815	0.029389	3.3
8	-0.156844	1.000000	0.629823	0.028241	3.7
9	-0.154897	0.014404	0.659363	0.064487	4.4
10	-0.157985	0.000000	0.659815	0.024223	3.5
11	-0.162495	0.000000	0.659815	0.032473	3.4
12	-0.155081	0.000000	0.659815	0.017843	4.0
13	-0.135663	0.000000	0.659815	0.019335	4.6
14	-0.143106	0.000000	0.659815	0.053839	3.3
15	-0.142453	0.999557	0.629836	0.038700	3.3
16	-0.157260	1.999556	0.602451	0.031023	3.2
17	-0.151921	2.999553	0.577349	0.039231	4.2
18	-0.149773	3.180909	0.573019	0.069007	4.4
19	-0.152728	2.215282	0.596853	0.036330	3.3
20	-0.145757	1.229346	0.623325	0.014629	3.3
21	-0.167635	0.730793	0.637626	0.030538	3.4
22	-0.146213	0.262374	0.651673	0.042515	4.0
23	-0.156780	0.496436	0.644577	0.021750	4.2
24	-0.158142	1.496307	0.615928	0.020011	3.5
25	-0.152489	2.408351	0.591930	0.034594	3.4
26	-0.136633	3.390198	0.568102	0.050424	3.2
27	-0.160838	4.388306	0.545767	0.051088	3.3
28	-0.137212	5.387770	0.525096	0.047925	4.3
29	-0.156450	4.401376	0.545487	0.040389	4.0
30	-0.151965	5.192541	0.529010	0.020126	3.4
31	-0.144115	4.252267	0.548708	0.040695	3.3
32	-0.176185	4.770245	0.537679	0.062809	3.2
33	-0.156583	5.705054	0.518857	0.045382	4.5
34	-0.166963	4.718659	0.538757	0.010956	4.2
35	-0.143679	4.687784	0.539405	0.019473	3.4
36	-0.154746	5.482096	0.523226	0.050612	3.4
37	-0.161639	6.344539	0.506723	0.045420	3.4
38	-0.166958	7.334654	0.489016	0.029978	3.2
39	-0.138400	8.334653	0.472346	0.035031	3.9
40	-0.156478	7.348270	0.488782	0.037488	4.2
41	-0.164864	8.328335	0.472448	0.035204	3.5
42	-0.156583	9.328325	0.456870	0.017396	3.3
43	-0.154244	8.353789	0.472038	0.031204	4.0
44	-0.166703	9.304168	0.457235	0.032063	4.3
45	-0.150762	8.388779	0.471476	0.004882	3.3
46	-0.154618	8.014057	0.477565	0.012552	3.3
47	-0.158397	8.327005	0.472469	0.053320	3.6
48	-0.151926	9.055923	0.461011	0.006288	4.1
49	-0.153779	8.291243	0.473046	0.023159	4.4
50	-0.150642	7.653006	0.483583	0.018244	3.6
51	-0.137428	8.615462	0.467867	0.053052	3.5
52	-0.150749	9.615394	0.452586	0.030349	3.5
53	-0.176790	10.615379	0.438271	0.034478	3.4
54	-0.151323	11.544330	0.425761	0.026630	4.6
55	-0.136200	12.544281	0.413069	0.041629	4.0
56	-0.163934	11.558168	0.425580	0.031173	3.3
57	-0.143056	12.558040	0.412900	0.039619	3.3
58	-0.156133	11.571646	0.425404	0.036876	3.5
59	-0.146460	12.571646	0.412733	0.022870	4.3
60	-0.164980	13.570651	0.400806	0.040697	4.0
61	-0.159309	13.472025	0.401952	0.083861	3.2
62	-0.154424	12.485631	0.413793	0.035451	3.2
63	-0.156804	11.499252	0.426352	0.033274	3.3
64	-0.161129	12.499179	0.413625	0.045232	4.5
65	-0.154464	12.185848	0.417531	0.050095	3.9
66	-0.158144	13.185848	0.405317	0.014251	3.4
67	-0.177606	12.200036	0.417352	0.040578	3.4
68	-0.154247	13.197978	0.405173	0.019533	3.4
69	-0.176449	12.223573	0.417057	0.029207	3.5
70	-0.151481	13.217916	0.404937	0.030377	3.4
71	-0.158413	12.231744	0.416954	0.026670	4.5
72	-0.169596	11.245538	0.429706	0.053454	4.2
73	-0.154243	10.259144	0.443266	0.016045	3.4
74	-0.157581	11.249143	0.429658	0.059401	4.0
75	-0.153116	10.262808	0.443214	0.022614	4.5
76	-0.146125	9.276415	0.457654	0.036846	3.3
77	-0.171896	10.230797	0.443668	0.040268	3.4
78	-0.157741	9.244403	0.458138	0.033987	3.2
79	-0.185898	10.244374	0.443475	0.053388	4.3
80	-0.162928	11.243814	0.429729	0.092958	3.8
81	-0.137842	12.243814	0.416803	0.024718	3.5
82	-0.167633	13.243814	0.404631	0.021797	3.4
83	-0.150395	12.525363	0.413302	0.022262	3.5
84	-0.155000	13.350052	0.403380	0.022957	3.3
85	-0.144428	12.384757	0.415043	0.033450	4.5
86	-0.154354	13.384492	0.402976	0.023154	4.1
87	-0.159227	12.401765	0.414832	0.061405	3.2
88	-0.151332	13.339376	0.403505	0.030454	3.3
89	-0.166416	14.339373	0.392087	0.021239	3.2
90	-0.154278	13.622322	0.400207	0.042379	3.8
91	-0.139943	14.619786	0.389000	0.029254	4.4
92	-0.162105	13.633398	0.400079	0.053749	3.5
93	-0.157521	14.633398	0.388852	0.017889	3.4
94	-0.170580	14.219566	0.393421	0.028764	3.4
95	-0.168236	15.201229	0.382753	0.021557	3.4
96	-0.162280	16.134400	0.373134	0.006816	3.9
97	-0.154696	16.533461	0.369167	0.045466	4.5
98	-0.166867	15.608487	0.378495	0.027953	3.3
99	-0.138986	16.608057	0.368435	0.030908	3.3
100	-0.140838	15.622055	0.378354	0.021400	3.9
101	-0.150484	15.979044	0.374702	0.039800	4.5
102	-0.176556	14.993342	0.384963	0.034213	3.3
103	-0.163113	15.993341	0.374557	0.016924	3.4
104	-0.153759	15.017550	0.384704	0.031232	3.2
105	-0.167241	15.958066	0.374914	0.035592	3.3
106	-0.150581	16.956473	0.365053	0.047866	4.3
107	-0.162442	15.970134	0.374792	0.015614	4.1
108	-0.156871	15.252617	0.382210	0.055003	3.3
109	-0.172169	14.274763	0.392805	0.059368	3.2
110	-0.151154	13.443478	0.402286	0.015568	3.2
111	-0.153212	12.463923	0.414061	0.031748	4.3
112	-0.149703	12.004007	0.419831	0.033904	4.3
113	-0.150904	11.071706	0.432035	0.052510	3.5
114	-0.144926	10.085311	0.445745	0.026670	3.3
115	-0.161955	9.167195	0.459311	0.061000	3.4
116	-0.150809	8.180847	0.474836	0.053254	3.9
117	-0.159943	7.194452	0.491448	0.020267	4.8
118	-0.144273	6.540066	0.503126	0.047982	3.3
119	-0.157104	7.527054	0.485718	0.056502	3.3
120	-0.137582	6.540659	0.503115	0.054609	3.3
121	-0.146231	5.554517	0.521799	0.045064	4.7
122	-0.162689	4.568130	0.541929	0.029390	4.1
123	-0.146600	3.581742	0.563675	0.023262	3.4
124	-0.142065	4.020086	0.553800	0.026261	3.3
125	-0.143873	3.040700	0.576361	0.033902	3.7
126	-0.154776	3.966566	0.554987	0.023014	4.7
127	-0.151224	4.942242	0.534114	0.062671	3.7
128	-0.165795	3.955924	0.555223	0.037557	3.3
129	-0.161987	4.950614	0.533942	0.052722	3.4
130	-0.167593	3.964225	0.555039	0.031652	3.3
131	-0.160331	4.154857	0.550832	0.025407	3.2
132	-0.155618	3.311610	0.569938	0.067104	3.2
133	-0.166970	4.311600	0.547421	0.042001	3.2
134	-0.145910	5.268541	0.527479	0.035517	4.9
135	-0.161842	6.268312	0.508140	0.034179	3.9
136	-0.152209	5.281985	0.527209	0.017393	3.9
137	-0.173155	4.310250	0.547451	0.028318	4.3
138	-0.153233	4.274736	0.548220	0.050457	3.5
139	-0.147304	5.274693	0.527356	0.033875	3.3
140	-0.177461	4.897210	0.535043	0.053638	3.2
141	-0.149667	4.041818	0.553319	0.027268	3.5
142	-0.159767	5.041818	0.532072	0.021402	3.5
143	-0.148531	6.011524	0.512970	0.042932	4.4
144	-0.154212	6.728118	0.499713	0.062776	4.4
145	-0.158193	7.728096	0.482319	0.038758	3.4
146	-0.157253	8.728092	0.466095	0.048626	3.9
147	-0.172598	7.741697	0.482091	0.039288	4.3
148	-0.155759	8.741696	0.465882	0.074695	3.6
149	-0.169586	9.693195	0.451439	0.035315	3.2
150	-0.151800	9.570112	0.453257	0.013618	3.3
151	-0.164184	9.969389	0.447413	0.088052	3.4
152	-0.149954	10.969379	0.433418	0.054481	4.4
153	-0.163367	9.982984	0.447217	0.032787	3.6
154	-0.154136	10.982969	0.433234	0.050587	3.3
155	-0.152247	9.996575	0.447021	0.027354	3.4
156	-0.162751	9.010181	0.461714	0.052384	3.3
157	-0.134241	8.023787	0.477405	0.047894	3.4
158	-0.160179	7.037593	0.494198	0.023003	4.4
159	-0.151199	8.037585	0.477179	0.015825	3.9
160	-0.146516	7.132200	0.492536	0.024774	3.3
161	-0.150765	6.295764	0.507629	0.026936	3.2
162	-0.173628	7.294401	0.489712	0.051489	4.3
163	-0.151607	7.725922	0.482356	0.027837	4.0
164	-0.143015	6.739529	0.499508	0.024630	3.3
165	-0.159386	6.677656	0.500624	0.026496	3.3
166	-0.155069	7.555006	0.485243	0.020300	3.2
167	-0.143732	8.547808	0.468939	0.021114	3.3
168	-0.151414	7.697082	0.482840	0.019433	5.7
169	-0.142012	8.641101	0.467463	0.051104	4.5
170	-0.159638	7.655068	0.483548	0.041866	3.8
171	-0.142482	8.655068	0.467243	0.020678	3.5
172	-0.168190	7.791148	0.481263	0.011933	6.0
173	-0.161589	8.649362	0.467333	0.046424	4.4
174	-0.144334	9.638230	0.452249	0.028851	3.3
175	-0.136775	10.638155	0.437956	0.019340	3.3
176	-0.148309	9.741756	0.450726	0.025412	3.3
177	-0.133564	10.562387	0.439007	0.027435	3.8
178	-0.152685	11.480074	0.426603	0.036522	4.3
179	-0.154008	10.493707	0.439964	0.013629	3.7
180	-0.143252	9.631588	0.452347	0.028299	3.3
181	-0.145548	10.277803	0.443001	0.044406	3.3
182	-0.135122	9.566369	0.453312	0.024598	3.2
183	-0.148171	8.598518	0.468135	0.034703	3.5
184	-0.158068	7.612480	0.484268	0.040527	5.2
185	-0.157997	6.626088	0.501559	0.023232	4.7
186	-0.139944	5.682295	0.519300	0.041867	4.0
187	-0.152300	5.485403	0.523160	0.045693	4.5
188	-0.155932	4.499035	0.543398	0.044220	3.3
189	-0.157107	3.520109	0.565092	0.006842	3.3
190	-0.157516	2.592078	0.587321	0.033290	3.3
191	-0.157651	1.729930	0.609598	0.036714	3.4
192	-0.141804	0.751770	0.637011	0.066385	3.5
193	-0.162132	0.000000	0.659815	0.010240	4.5
194	-0.166193	0.950139	0.631254	0.041311	7.6
195	-0.145459	0.293590	0.650718	0.029353	4.4
196	-0.146731	1.291286	0.621593	0.035766	4.3
197	-0.154459	0.383687	0.647976	0.007891	3.5
198	-0.158401	1.253601	0.622646	0.023035	3.2
199	-0.155700	1.925243	0.604404	0.045200	3.4
200	-0.145623	2.423720	0.591542	0.054629	3.3
201	-0.144631	1.617261	0.612634	0.031525	3.2
202	-0.171948	0.754077	0.636943	0.010399	3.8
203	-0.155297	0.826287	0.634836	0.064710	4.7
204	-0.150002	0.000000	0.659815	0.023435	3.6
205	-0.150590	0.999573	0.629835	0.060423	3.5
206	-0.158791	1.999572	0.602451	0.047718	5.2
207	-0.163713	2.999480	0.577351	0.043321	4.4
208	-0.133314	3.990601	0.554453	0.040489	3.8
209	-0.157818	4.990601	0.533120	0.039880	3.3
210	-0.143748	5.990580	0.513368	0.013183	3.9
211	-0.140916	6.900521	0.496626	0.008678	4.3
212	-0.135457	7.430653	0.487365	0.051020	3.6
213	-0.144880	6.839384	0.497716	0.012341	3.3
214	-0.154189	7.408011	0.487754	0.005909	3.2
215	-0.162089	7.623586	0.484080	0.051230	3.3
216	-0.158629	7.219555	0.491011	0.017333	4.6
217	-0.153402	8.158505	0.475200	0.025427	4.0
218	-0.157416	7.406050	0.487787	0.022253	3.4
219	-0.141028	6.427953	0.505182	0.046769	3.4
220	-0.163164	5.441760	0.524024	0.059810	3.4
221	-0.144940	4.455365	0.544330	0.016893	4.0
222	-0.155317	3.469187	0.566268	0.056363	4.5
223	-0.181008	4.463345	0.544159	0.037691	3.4
224	-0.169241	5.463345	0.523596	0.021165	3.2
225	-0.144304	5.690944	0.519132	0.026951	3.4
226	-0.147189	6.688263	0.500433	0.034320	3.7
227	-0.151439	7.688216	0.482990	0.035382	4.3
228	-0.146697	8.682263	0.466815	0.011187	3.6
229	-0.150079	9.592816	0.452920	0.049753	3.4
230	-0.170434	9.934132	0.447923	0.002898	3.3
231	-0.158173	10.606909	0.438389	0.040596	3.3
232	-0.161780	10.186812	0.444294	0.015050	3.5
233	-0.161937	10.983761	0.433223	0.030796	4.6
234	-0.150900	11.954269	0.420465	0.044288	4.1
235	-0.154070	12.954265	0.408082	0.058827	3.3
236	-0.162165	11.967870	0.420291	0.027190	3.9
237	-0.144889	10.981476	0.433254	0.015565	4.4
238	-0.154342	10.445231	0.440643	0.028178	3.6
239	-0.150558	9.490548	0.454440	0.019321	3.4
240	-0.159673	8.514244	0.469472	0.033581	3.4
241	-0.156191	8.911080	0.463243	0.016047	3.4
242	-0.153325	9.703026	0.451295	0.025670	3.5
243	-0.152987	10.680065	0.437376	0.009940	4.3
244	-0.147363	10.156727	0.444723	0.026144	4.0
245	-0.148577	11.063085	0.432152	0.047683	3.3
246	-0.148640	12.031183	0.419486	0.043645	3.2
247	-0.147914	11.450963	0.426986	0.019000	4.6
248	-0.152894	12.450173	0.414231	0.032515	3.8
249	-0.144546	11.472491	0.426703	0.022912	3.3
Time spent in resolution 3 (ITK initialization and iterating): 2.179 s.
Stopping condition: Maximum number of iterations has been reached.
Settings of AdaptiveStochasticGradientDescent in resolution 3:
( SP_a 13.856112 )
( SP_A 20.000000 )
( SP_alpha 1.000000 )
( SigmoidMax 1.000000 )
( SigmoidMin -0.986395 )
( SigmoidScale 0.000083 )



=============== start of TransformParameterFile ===============
(Transform "EulerTransform")
(NumberOfParameters 3)
(TransformParameters 0.112826 -3.266715 7.822923)
(InitialTransformParametersFileName "NoInitialTransform")
(UseBinaryFormatForTransformationParameters "false")
(HowToCombineTransforms "Compose")

// Image specific
(FixedImageDimension 2)
(MovingImageDimension 2)
(FixedInternalImagePixelType "float")
(MovingInternalImagePixelType "float")
(Size 512 512)
(Index 0 0)
(Spacing 1.0000000000 1.0000000000)
(Origin 0.0000000000 0.0000000000)
(Direction 1.0000000000 0.0000000000 0.0000000000 1.0000000000)
(UseDirectionCosines "true")

// EulerTransform specific
(CenterOfRotationPoint 255.5000000000 255.5000000000)

// ResampleInterpolator specific
(ResampleInterpolator "FinalBSplineInterpolator")
(FinalBSplineInterpolationOrder 3)

// Resampler specific
(Resampler "DefaultResampler")
(DefaultPixelValue 0.000000)
(ResultImageFormat "mhd")
(ResultImagePixelType "short")
(CompressResultImage "false")

=============== end of TransformParameterFile ===============

Creating the TransformParameterFile took 0.00s

Registration result checksum: 1555349312

Applying final transform ...
  Applying final transform took 0.12s

Final metric value  = -0.144546
Settings of AdaptiveStochasticGradientDescent for all resolutions:
( SP_a 584.288803 360.764225 59.865277 13.856112 )
( SP_A 20.000000 20.000000 20.000000 20.000000 )
( SP_alpha 1.000000 1.000000 1.000000 1.000000 )
( SigmoidMax 1.000000 1.000000 1.000000 1.000000 )
( SigmoidMin -0.678178 -0.835456 -0.978701 -0.986395 )
( SigmoidScale 0.000003 0.000004 0.000014 0.000083 )

Time spent on saving the results, applying the final transform etc.: 116 ms.
Running elastix with parameter file 0: "output/Image62_Green_Channel/2D_Rigid_2D_BSpline/Elastix_2D_Rigid_Dir/Parameters_Rigid.txt", has finished.


Current time: Fri Jun  5 04:37:24 2020.
Time used for running elastix with this parameter file:
  7.1s.

-------------------------------------------------------------------------

Total time elapsed: 7.1s.

