
elastix is started at Fri Jun  5 04:37:09 2020.

which elastix:   /Users/abhijitc/Documents/Software/elastix-5.0.0-mac/bin/elastix
elastix runs at: Abhijits-MacBook-Air.local
  Mac OS X 10.15.4 (x64), 19E287
  with 8192 MB memory, and 2 cores @ 1600 MHz.
-------------------------------------------------------------------------

Running elastix with parameter file 0: "output/Image62_Green_Channel/2D_Rigid_2D_BSpline/Temp/Parameters_Rigid.txt".

Current time: Fri Jun  5 04:37:09 2020.
Reading the elastix parameters from file ...

Installing all components.
InstallingComponents was successful.

ELASTIX version: 5.000
Command line options from ElastixBase:
-f        output/Image62_Green_Channel/2D_Rigid_2D_BSpline/Temp/Temp_target.mhd
-m        output/Image62_Green_Channel/2D_Rigid_2D_BSpline/Temp/Temp_moving.mhd
-fMask    unspecified, so no fixed mask used
-mMask    unspecified, so no moving mask used
-out      output/Image62_Green_Channel/2D_Rigid_2D_BSpline/Temp/
-p        output/Image62_Green_Channel/2D_Rigid_2D_BSpline/Temp/Parameters_Rigid.txt
-threads  unspecified, so all available threads are used
Command line options from TransformBase:
-t0       unspecified, so no initial transform used

=============== start of ParameterFile: output/Image62_Green_Channel/2D_Rigid_2D_BSpline/Temp/Parameters_Rigid.txt ===============
// Example parameter file for rotation registration
// C-style comments: //

// The internal pixel type, used for internal computations
// Leave to float in general. 
// NB: this is not the type of the input images! The pixel 
// type of the input images is automatically read from the 
// images themselves.
// This setting can be changed to "short" to save some memory
// in case of very large 3D images.
(FixedInternalImagePixelType "float")
(MovingInternalImagePixelType "float")

// The dimensions of the fixed and moving image
// NB: This has to be specified by the user. The dimension of
// the images is currently NOT read from the images.
// Also note that some other settings may have to specified
// for each dimension separately.
(FixedImageDimension 2)
(MovingImageDimension 2)

// Specify whether you want to take into account the so-called
// direction cosines of the images. Recommended: true.
// In some cases, the direction cosines of the image are corrupt,
// due to image format conversions for example. In that case, you 
// may want to set this option to "false".
(UseDirectionCosines "true")

// **************** Main Components **************************

// The following components should usually be left as they are:
(Registration "MultiResolutionRegistration")
(Interpolator "BSplineInterpolator")
(ResampleInterpolator "FinalBSplineInterpolator")
(Resampler "DefaultResampler")

// These may be changed to Fixed/MovingSmoothingImagePyramid.
// See the manual.
(FixedImagePyramid "FixedRecursiveImagePyramid")
(MovingImagePyramid "MovingRecursiveImagePyramid")

// The following components are most important:
// The optimizer AdaptiveStochasticGradientDescent (ASGD) works
// quite ok in general. The Transform and Metric are important
// and need to be chosen careful for each application. See manual.
(Optimizer "AdaptiveStochasticGradientDescent")
(Transform "EulerTransform")
(Metric "AdvancedMattesMutualInformation")

// ***************** Transformation **************************

// Scales the rotations compared to the translations, to make
// sure they are in the same range. In general, it's best to  
// use automatic scales estimation:
(AutomaticScalesEstimation "true")

// Automatically guess an initial translation by aligning the
// geometric centers of the fixed and moving.
(AutomaticTransformInitialization "true")

// Whether transforms are combined by composition or by addition.
// In generally, Compose is the best option in most cases.
// It does not influence the results very much.
(HowToCombineTransforms "Compose")

// ******************* Similarity measure *********************

// Number of grey level bins in each resolution level,
// for the mutual information. 16 or 32 usually works fine.
// You could also employ a hierarchical strategy:
//(NumberOfHistogramBins 16 32 64)
(NumberOfHistogramBins 32)

// If you use a mask, this option is important. 
// If the mask serves as region of interest, set it to false.
// If the mask indicates which pixels are valid, then set it to true.
// If you do not use a mask, the option doesn't matter.
(ErodeMask "false")

// ******************** Multiresolution **********************

// The number of resolutions. 1 Is only enough if the expected
// deformations are small. 3 or 4 mostly works fine. For large
// images and large deformations, 5 or 6 may even be useful.
(NumberOfResolutions 4)

// The downsampling/blurring factors for the image pyramids.
// By default, the images are downsampled by a factor of 2
// compared to the next resolution.
// So, in 2D, with 4 resolutions, the following schedule is used:
//(ImagePyramidSchedule 8 8  4 4  2 2  1 1 )
// And in 3D:
//(ImagePyramidSchedule 8 8 8  4 4 4  2 2 2  1 1 1 )
// You can specify any schedule, for example:
//(ImagePyramidSchedule 4 4  4 3  2 1  1 1 )
// Make sure that the number of elements equals the number
// of resolutions times the image dimension.

// ******************* Optimizer ****************************

// Maximum number of iterations in each resolution level:
// 200-500 works usually fine for rigid registration.
// For more robustness, you may increase this to 1000-2000.
(MaximumNumberOfIterations 250)

// The step size of the optimizer, in mm. By default the voxel size is used.
// which usually works well. In case of unusual high-resolution images
// (eg histology) it is necessary to increase this value a bit, to the size
// of the "smallest visible structure" in the image:
//(MaximumStepLength 1.0)

// **************** Image sampling **********************

// Number of spatial samples used to compute the mutual
// information (and its derivative) in each iteration.
// With an AdaptiveStochasticGradientDescent optimizer,
// in combination with the two options below, around 2000
// samples may already suffice.
(NumberOfSpatialSamples 2048)

// Refresh these spatial samples in every iteration, and select
// them randomly. See the manual for information on other sampling
// strategies.
(NewSamplesEveryIteration "true")
(ImageSampler "Random")

// ************* Interpolation and Resampling ****************

// Order of B-Spline interpolation used during registration/optimisation.
// It may improve accuracy if you set this to 3. Never use 0.
// An order of 1 gives linear interpolation. This is in most 
// applications a good choice.
(BSplineInterpolationOrder 1)

// Order of B-Spline interpolation used for applying the final
// deformation.
// 3 gives good accuracy; recommended in most cases.
// 1 gives worse accuracy (linear interpolation)
// 0 gives worst accuracy, but is appropriate for binary images
// (masks, segmentations); equivalent to nearest neighbor interpolation.
(FinalBSplineInterpolationOrder 3)

//Default pixel value for pixels that come from outside the picture:
(DefaultPixelValue 0)

// Choose whether to generate the deformed moving image.
// You can save some time by setting this to false, if you are
// only interested in the final (nonrigidly) deformed moving image
// for example.
(WriteResultImage "true")

// The pixel type and format of the resulting deformed moving image
(ResultImagePixelType "short")
(ResultImageFormat "mhd")




=============== end of ParameterFile: output/Image62_Green_Channel/2D_Rigid_2D_BSpline/Temp/Parameters_Rigid.txt ===============


Reading images...
Reading images took 4 ms.

WARNING: the fixed pyramid schedule is not fully specified!
  A default pyramid schedule is used.
WARNING: the moving pyramid schedule is not fully specified!
  A default pyramid schedule is used.
WARNING: The parameter "AutomaticTransformInitializationMethod", requested at entry number 0, does not exist at all.
  The default value "GeometricalCenter" is used instead.
Transform parameters are initialized as: [0, 0, 0]
Scales are estimated automatically.
Scales for transform parameters are: [44200.5, 1, 1]
Initialization of all components (before registration) took: 9 ms.
Preparation of the image pyramids took: 25 ms.

Resolution: 0
WARNING: The parameter "ShowExactMetricValue", requested at entry number 0, does not exist at all.
  The default value "false" is used instead.
WARNING: The parameter "CheckNumberOfSamples", requested at entry number 0, does not exist at all.
  The default value "true" is used instead.
WARNING: The parameter "UseMultiThreadingForMetrics", requested at entry number 0, does not exist at all.
  The default value "true" is used instead.
Setting the fixed masks took: 0 ms.
Setting the moving masks took: 0 ms.
WARNING: The parameter "NumberOfFixedHistogramBins", requested at entry number 0, does not exist at all.
  The default value "32" is used instead.
WARNING: The parameter "NumberOfMovingHistogramBins", requested at entry number 0, does not exist at all.
  The default value "32" is used instead.
WARNING: The parameter "FixedLimitRangeRatio", requested at entry number 0, does not exist at all.
  The default value "0.01" is used instead.
WARNING: The parameter "MovingLimitRangeRatio", requested at entry number 0, does not exist at all.
  The default value "0.01" is used instead.
WARNING: The parameter "FixedKernelBSplineOrder", requested at entry number 0, does not exist at all.
  The default value "0" is used instead.
WARNING: The parameter "MovingKernelBSplineOrder", requested at entry number 0, does not exist at all.
  The default value "3" is used instead.
WARNING: The parameter "UseFastAndLowMemoryVersion", requested at entry number 0, does not exist at all.
  The default value "true" is used instead.
WARNING: The parameter "UseJacobianPreconditioning", requested at entry number 0, does not exist at all.
  The default value "false" is used instead.
WARNING: The parameter "FiniteDifferenceDerivative", requested at entry number 0, does not exist at all.
  The default value "false" is used instead.
WARNING: The parameter "SP_A", requested at entry number 0, does not exist at all.
  The default value "20" is used instead.
WARNING: The parameter "MaximumNumberOfSamplingAttempts", requested at entry number 0, does not exist at all.
  The default value "0" is used instead.
WARNING: The parameter "SigmoidInitialTime", requested at entry number 0, does not exist at all.
  The default value "0" is used instead.
WARNING: The parameter "MaxBandCovSize", requested at entry number 0, does not exist at all.
  The default value "192" is used instead.
WARNING: The parameter "NumberOfBandStructureSamples", requested at entry number 0, does not exist at all.
  The default value "10" is used instead.
WARNING: The parameter "UseAdaptiveStepSizes", requested at entry number 0, does not exist at all.
  The default value "true" is used instead.
WARNING: The parameter "AutomaticParameterEstimation", requested at entry number 0, does not exist at all.
  The default value "true" is used instead.
WARNING: The parameter "UseConstantStep", requested at entry number 0, does not exist at all.
  The default value "false" is used instead.
WARNING: The parameter "MaximumStepLengthRatio", requested at entry number 0, does not exist at all.
  The default value "1" is used instead.
WARNING: The parameter "MaximumStepLength", requested at entry number 0, does not exist at all.
  The default value "1" is used instead.
WARNING: The parameter "NumberOfGradientMeasurements", requested at entry number 0, does not exist at all.
  The default value "0" is used instead.
WARNING: The parameter "NumberOfJacobianMeasurements", requested at entry number 0, does not exist at all.
  The default value "1000" is used instead.
WARNING: The parameter "NumberOfSamplesForExactGradient", requested at entry number 0, does not exist at all.
  The default value "100000" is used instead.
WARNING: The parameter "SigmoidScaleFactor", requested at entry number 0, does not exist at all.
  The default value "0.1" is used instead.
Elastix initialization of all components (for this resolution) took: 1 ms.
  Computing the fixed image extrema took 0 ms.
  Computing the moving image extrema took 0 ms.
Initialization of AdvancedMattesMutualInformation metric took: 1 ms.
Starting automatic parameter estimation for AdaptiveStochasticGradientDescent ...
WARNING: The parameter "ASGDParameterEstimationMethod", requested at entry number 0, does not exist at all.
  The default value "Original" is used instead.
  Computing JacobianTerms ...
  Computing the Jacobian terms took 0.001368s
  NumberOfGradientMeasurements to estimate sigma_i: 11
  Sampling gradients ...
  Sampling the gradients took 0.111458s
Automatic parameter estimation took 0.11s
1:ItNr	2:Metric	3a:Time	3b:StepSize	4:||Gradient||	Time[ms]
0	-0.247307	0.000000	30.056848	0.006270	118.0
1	-0.262065	0.000000	30.056848	0.013745	3.6
2	-0.239405	0.000000	30.056848	0.006939	3.7
3	-0.272873	0.000000	30.056848	0.006623	3.5
4	-0.284221	0.733879	29.041932	0.006840	4.3
5	-0.263676	1.732924	27.765623	0.007808	3.6
6	-0.264650	2.732879	26.595754	0.008413	3.7
7	-0.262932	3.732879	25.520434	0.003466	4.2
8	-0.275871	4.725010	24.536194	0.004379	3.7
9	-0.266345	5.463233	23.851727	0.011438	3.5
10	-0.289785	6.463233	22.983230	0.002722	3.4
11	-0.255684	5.828261	23.527198	0.004723	3.8
12	-0.231539	6.559443	22.902996	0.005721	3.6
13	-0.271474	6.011096	23.367946	0.002316	3.5
14	-0.277684	5.782115	23.567736	0.005355	3.5
15	-0.255152	5.284223	24.014170	0.003460	3.5
16	-0.218855	5.095827	24.187539	0.005514	3.8
17	-0.278502	4.502163	24.750600	0.003040	3.8
18	-0.269319	5.431476	23.880385	0.003425	7.1
19	-0.259823	4.983766	24.291852	0.005476	4.8
20	-0.271468	5.968242	23.405078	0.005306	5.0
21	-0.263175	6.947117	22.585292	0.004890	3.5
22	-0.230391	6.843170	22.669610	0.005037	3.5
23	-0.267305	7.716752	21.979987	0.004443	3.5
24	-0.267212	8.715191	21.241453	0.002154	3.6
25	-0.285684	8.395238	21.472656	0.005854	4.4
26	-0.252395	7.969835	21.787967	0.008855	4.6
27	-0.283247	8.969835	21.060971	0.008396	4.3
28	-0.247151	8.334809	21.516889	0.007210	4.8
29	-0.254842	9.334809	20.807575	0.004432	6.7
30	-0.256514	9.148967	20.935836	0.005492	5.1
31	-0.250029	8.803615	21.178431	0.009474	4.4
32	-0.262652	9.803615	20.490901	0.008849	6.4
33	-0.264036	9.168660	20.922169	0.003904	4.7
34	-0.276119	10.058850	20.322511	0.002154	4.9
35	-0.286764	9.462485	20.720366	0.005979	4.6
36	-0.291854	8.964499	21.064722	0.002296	6.0
37	-0.249166	9.472338	20.713665	0.004989	5.4
38	-0.288965	8.938936	21.082707	0.002017	5.5
39	-0.260781	9.725122	20.543248	0.005657	6.8
40	-0.246352	10.439045	20.076749	0.005841	5.7
41	-0.251697	10.402650	20.100017	0.003972	4.3
42	-0.284602	11.118988	19.651734	0.004305	4.5
43	-0.267553	12.016902	19.117294	0.007087	4.7
44	-0.286093	11.381884	19.492189	0.007663	3.8
45	-0.240793	12.381883	18.908275	0.003240	3.5
46	-0.262098	11.751418	19.272259	0.009684	3.5
47	-0.244118	12.750118	18.701974	0.004494	3.8
48	-0.265123	13.016263	18.555648	0.006098	4.9
49	-0.265543	12.409551	18.892616	0.004995	4.2
50	-0.259989	13.408908	18.343907	0.005753	4.0
51	-0.291634	12.773900	18.688805	0.002312	3.4
52	-0.289655	13.488056	18.301809	0.006931	3.3
53	-0.267441	12.909663	18.613981	0.004428	3.4
54	-0.286424	13.909605	18.080807	0.004559	4.6
55	-0.268099	13.299923	18.402193	0.008680	3.8
56	-0.274959	12.665845	18.748789	0.005499	3.4
57	-0.245222	12.030820	19.109239	0.005180	4.4
58	-0.280503	12.992970	18.568363	0.004900	4.3
59	-0.271370	13.992695	18.037874	0.006793	3.7
60	-0.261650	14.992584	17.536774	0.008743	3.5
61	-0.282383	15.683813	17.206331	0.001506	3.4
62	-0.293342	15.317088	17.380078	0.004305	3.4
63	-0.273296	15.371342	17.354153	0.005251	4.7
64	-0.259156	14.847965	17.607522	0.009326	3.7
65	-0.258521	14.212939	17.925054	0.002762	3.3
66	-0.290184	15.176015	17.447854	0.006009	3.3
67	-0.272469	15.984167	17.066595	0.004137	4.5
68	-0.289825	15.356416	17.361277	0.005916	3.9
69	-0.286238	15.871638	17.118681	0.005314	3.6
70	-0.257530	15.237300	17.418346	0.010623	3.5
71	-0.256086	16.237300	16.950580	0.002245	3.5
72	-0.274734	15.647525	17.223368	0.006297	4.1
73	-0.256033	16.081049	17.022005	0.009321	4.7
74	-0.275325	17.081049	16.575011	0.002466	3.3
75	-0.265138	16.450099	16.854263	0.003849	3.4
76	-0.261399	17.165377	16.538388	0.002001	3.4
77	-0.262642	18.029981	16.172025	0.003468	4.0
78	-0.276370	18.722687	15.890008	0.007797	4.8
79	-0.246079	19.630049	15.535148	0.007122	3.4
80	-0.280027	19.012954	15.774737	0.007261	3.4
81	-0.260824	19.998446	15.395555	0.003076	3.4
82	-0.266627	20.098781	15.357969	0.008219	3.3
83	-0.273681	21.052860	15.009534	0.005373	3.9
84	-0.265979	22.052860	14.660903	0.006450	4.9
85	-0.252060	21.779149	14.754707	0.001501	3.5
86	-0.274492	21.186898	14.961845	0.002979	3.4
87	-0.265786	20.938938	15.050305	0.005094	4.6
88	-0.275515	21.769704	14.757965	0.004497	4.1
89	-0.263802	21.138472	14.979039	0.004486	3.4
90	-0.265384	20.933471	15.052267	0.004839	3.5
91	-0.248332	20.298612	15.283657	0.005568	3.4
92	-0.242579	20.050953	15.375863	0.004943	3.5
93	-0.246591	21.047580	15.011418	0.005801	4.3
94	-0.270533	20.417829	15.239665	0.008099	3.9
95	-0.265544	19.786131	15.475697	0.007530	3.6
96	-0.265023	20.786131	15.105343	0.004364	3.5
97	-0.270293	20.168254	15.332052	0.005237	4.6
98	-0.238507	19.534633	15.571717	0.002232	4.1
99	-0.275008	20.467502	15.221409	0.002471	3.5
100	-0.251339	21.054202	15.009055	0.002237	3.5
101	-0.242356	20.868112	15.075765	0.005634	4.4
102	-0.282472	21.058947	15.007361	0.005071	4.5
103	-0.270658	22.029965	14.668704	0.007248	3.5
104	-0.254190	23.029889	14.335576	0.003299	3.3
105	-0.269718	24.007590	14.024164	0.006052	3.4
106	-0.282396	23.621789	14.145417	0.007022	3.4
107	-0.259805	22.986762	14.349631	0.002269	5.1
108	-0.280983	23.972450	14.035122	0.004982	4.0
109	-0.277125	24.914693	13.747099	0.005621	3.6
110	-0.256696	24.279875	13.939831	0.003722	3.6
111	-0.258568	25.275395	13.639944	0.003051	3.5
112	-0.287151	24.681163	13.817376	0.003794	4.5
113	-0.278363	25.284067	13.637389	0.009627	4.2
114	-0.277428	26.284065	13.348975	0.006523	3.4
115	-0.247563	25.650401	13.530298	0.004034	3.5
116	-0.266844	26.649829	13.246507	0.005574	3.4
117	-0.271871	27.648130	12.974678	0.007331	4.2
118	-0.293760	27.093754	13.124237	0.002190	4.8
119	-0.269134	26.462877	13.298684	0.005409	3.6
120	-0.259951	26.390795	13.318912	0.005010	3.4
121	-0.269525	25.760460	13.498452	0.007093	3.5
122	-0.249535	25.130798	13.682699	0.005487	3.7
123	-0.250797	24.706218	13.809802	0.008606	4.4
124	-0.259893	24.071254	14.004355	0.004427	3.8
125	-0.279659	25.071251	13.700384	0.007000	3.3
126	-0.300878	25.906182	13.456517	0.003805	3.4
127	-0.261307	25.271176	13.641188	0.002863	3.3
128	-0.255484	24.659293	13.823995	0.004926	3.9
129	-0.301311	24.035029	14.015619	0.004850	4.9
130	-0.286653	23.458288	14.197439	0.011848	3.6
131	-0.272046	24.453716	13.886518	0.003639	3.3
132	-0.276493	23.818689	14.083273	0.002968	4.5
133	-0.278374	23.726698	14.112238	0.006308	4.0
134	-0.263959	24.717192	13.806487	0.001236	3.5
135	-0.264815	24.491029	13.875127	0.004382	3.6
136	-0.287430	25.158270	13.674555	0.007643	3.4
137	-0.262629	26.156165	13.385181	0.005185	3.6
138	-0.283112	27.149268	13.109105	0.005039	3.9
139	-0.271283	26.515385	13.283988	0.008379	4.7
140	-0.261044	27.515384	13.010179	0.009846	3.4
141	-0.247230	26.880358	13.182730	0.008686	3.3
142	-0.268056	27.880358	12.913036	0.003600	3.4
143	-0.263847	27.246377	13.082720	0.004042	4.1
144	-0.279521	28.239003	12.818980	0.004595	4.4
145	-0.278924	28.352102	12.789603	0.007079	3.3
146	-0.259941	27.717536	12.956194	0.005165	3.3
147	-0.276554	28.688138	12.703109	0.002495	3.4
148	-0.293896	29.656507	12.460271	0.001906	4.3
149	-0.260541	30.237640	12.318948	0.001837	3.9
150	-0.246260	30.601134	12.232169	0.003146	3.4
151	-0.264052	31.117505	12.110975	0.005901	3.7
152	-0.255390	32.097391	11.887473	0.001923	4.5
153	-0.276652	31.557773	12.009524	0.003269	4.1
154	-0.276108	31.725297	11.971366	0.004123	3.4
155	-0.261009	32.621270	11.771333	0.002552	3.5
156	-0.262861	33.548135	11.571318	0.005807	3.5
157	-0.278661	32.916768	11.706818	0.008726	3.5
158	-0.292769	32.300993	11.842065	0.003866	3.5
159	-0.261276	31.979760	11.913867	0.005740	4.5
160	-0.266616	32.978967	11.693329	0.005510	4.2
161	-0.254134	33.978861	11.480664	0.010005	3.3
162	-0.245279	33.343835	11.614819	0.009959	3.9
163	-0.304090	34.343835	11.404953	0.007453	4.5
164	-0.278947	33.708809	11.537334	0.005465	3.5
165	-0.267931	34.708808	11.330234	0.003899	3.4
166	-0.289482	34.074778	11.460669	0.004236	3.3
167	-0.255995	33.874896	11.502415	0.006685	3.3
168	-0.252299	34.032274	11.469521	0.004219	4.5
169	-0.271520	35.032228	11.264835	0.004531	4.4
170	-0.281632	36.026418	11.068446	0.005748	3.6
171	-0.263514	36.988772	10.884759	0.003319	3.5
172	-0.270439	36.531185	10.971333	0.008419	3.8
173	-0.229929	35.897496	11.093526	0.006484	4.1
174	-0.269053	36.897495	10.901919	0.002846	4.5
175	-0.284089	37.840083	10.727276	0.004265	3.3
176	-0.288134	37.579120	10.775065	0.006454	3.4
177	-0.252494	36.963292	10.889544	0.007229	3.3
178	-0.285942	36.328265	11.010168	0.002926	4.5
179	-0.247778	35.816712	11.109299	0.007757	4.3
180	-0.274221	36.805349	10.919298	0.004914	3.4
181	-0.267290	36.170324	11.040585	0.004973	3.3
182	-0.250614	37.169255	10.850987	0.007265	3.7
183	-0.233924	37.989498	10.700105	0.009545	7.7
184	-0.288508	38.989498	10.521739	0.008364	4.7
185	-0.269681	38.354471	10.634310	0.002149	3.3
186	-0.274483	39.346794	10.459442	0.008091	3.3
187	-0.269696	39.004864	10.519044	0.004579	4.6
188	-0.245019	40.004746	10.346635	0.002589	4.3
189	-0.264699	39.661932	10.405106	0.004118	3.4
190	-0.283245	40.390471	10.281625	0.004384	3.4
191	-0.271312	39.791500	10.382929	0.004248	3.4
192	-0.282803	40.788526	10.215389	0.005185	4.6
193	-0.281246	40.155127	10.321192	0.006498	4.1
194	-0.272105	39.520379	10.429443	0.003737	3.4
195	-0.280577	40.520043	10.259970	0.004732	3.3
196	-0.252355	40.201724	10.313334	0.008272	3.3
197	-0.276147	39.566701	10.421466	0.003069	3.5
198	-0.275910	40.566596	10.252212	0.002186	5.0
199	-0.301423	41.379180	10.118662	0.008507	3.5
200	-0.253167	40.752219	10.221395	0.007444	3.6
201	-0.268937	41.752219	10.058510	0.002519	4.2
202	-0.261826	41.118762	10.161082	0.003192	3.8
203	-0.269709	40.591559	10.248057	0.005275	4.6
204	-0.289631	41.488001	10.101040	0.005202	3.8
205	-0.264693	40.853842	10.204602	0.003979	3.5
206	-0.246498	41.852821	10.042410	0.007279	3.5
207	-0.251453	41.217818	10.144905	0.005071	3.5
208	-0.264369	40.582871	10.249503	0.003864	4.0
209	-0.290573	39.948218	10.356231	0.009832	4.7
210	-0.276956	39.313197	10.465269	0.003472	3.5
211	-0.254227	38.678172	10.576628	0.003563	3.5
212	-0.267038	39.544014	10.425371	0.001638	3.5
213	-0.252682	39.852262	10.372561	0.002149	4.1
214	-0.277798	39.775854	10.385602	0.006848	4.5
215	-0.268954	39.151247	10.493445	0.002696	3.5
216	-0.271277	38.860388	10.544433	0.004309	3.4
217	-0.254655	39.775094	10.385732	0.005125	3.6
218	-0.234847	40.477055	10.267145	0.002945	4.6
219	-0.252970	41.456704	10.106102	0.005567	4.1
220	-0.277873	42.338351	9.965429	0.003872	3.5
221	-0.285741	43.022185	9.858986	0.006593	3.5
222	-0.279343	42.395620	9.956426	0.005144	3.8
223	-0.264002	41.856668	10.041796	0.003832	5.1
224	-0.275388	42.269791	9.976227	0.004509	3.3
225	-0.244969	43.241537	9.825323	0.005945	3.3
226	-0.260792	44.240875	9.674821	0.008227	3.5
227	-0.281726	45.240712	9.528790	0.003873	3.6
228	-0.264557	46.239768	9.387210	0.007325	4.6
229	-0.258361	45.666803	9.467888	0.004249	3.7
230	-0.253430	45.480407	9.494434	0.002298	3.6
231	-0.276145	45.610928	9.475830	0.009494	3.4
232	-0.253986	45.849363	9.442032	0.002764	10.3
233	-0.303488	45.215178	9.532464	0.003306	5.0
234	-0.291150	46.117499	9.404311	0.005552	3.4
235	-0.264488	45.486130	9.493617	0.006771	4.0
236	-0.280370	44.851103	9.585167	0.009349	4.6
237	-0.281367	44.216077	9.678500	0.004066	3.5
238	-0.277693	43.583466	9.773304	0.003149	3.4
239	-0.283002	42.965287	9.867756	0.004940	3.5
240	-0.260665	43.946742	9.718637	0.004953	3.4
241	-0.283738	43.515925	9.783535	0.006662	4.1
242	-0.265049	44.486428	9.638544	0.003191	4.6
243	-0.271434	43.971416	9.714946	0.006486	3.5
244	-0.265566	43.338979	9.810442	0.004281	3.5
245	-0.267388	42.704270	9.908187	0.004588	4.8
246	-0.295588	43.703041	9.755242	0.007542	3.7
247	-0.255727	43.068125	9.851917	0.003194	3.4
248	-0.283157	44.067444	9.700609	0.002627	3.4
249	-0.250265	43.525290	9.782115	0.006212	3.5
Time spent in resolution 0 (ITK initialization and iterating): 1.152 s.
Stopping condition: Maximum number of iterations has been reached.
Settings of AdaptiveStochasticGradientDescent in resolution 0:
( SP_a 631.193818 )
( SP_A 20.000000 )
( SP_alpha 1.000000 )
( SigmoidMax 1.000000 )
( SigmoidMin -0.635026 )
( SigmoidScale 0.000002 )


Resolution: 1
WARNING: The parameter "ShowExactMetricValue", requested at entry number 1, does not exist at all.
  The default value "false" is used instead.
WARNING: The parameter "CheckNumberOfSamples", requested at entry number 1, does not exist at all.
  The default value "true" is used instead.
WARNING: The parameter "UseMultiThreadingForMetrics", requested at entry number 1, does not exist at all.
  The default value "true" is used instead.
Setting the fixed masks took: 0 ms.
Setting the moving masks took: 0 ms.
WARNING: The parameter "NumberOfFixedHistogramBins", requested at entry number 1, does not exist at all.
  The default value "32" is used instead.
WARNING: The parameter "NumberOfMovingHistogramBins", requested at entry number 1, does not exist at all.
  The default value "32" is used instead.
WARNING: The parameter "FixedLimitRangeRatio", requested at entry number 1, does not exist at all.
  The default value "0.01" is used instead.
WARNING: The parameter "MovingLimitRangeRatio", requested at entry number 1, does not exist at all.
  The default value "0.01" is used instead.
WARNING: The parameter "FixedKernelBSplineOrder", requested at entry number 1, does not exist at all.
  The default value "0" is used instead.
WARNING: The parameter "MovingKernelBSplineOrder", requested at entry number 1, does not exist at all.
  The default value "3" is used instead.
WARNING: The parameter "UseFastAndLowMemoryVersion", requested at entry number 1, does not exist at all.
  The default value "true" is used instead.
WARNING: The parameter "UseJacobianPreconditioning", requested at entry number 1, does not exist at all.
  The default value "false" is used instead.
WARNING: The parameter "FiniteDifferenceDerivative", requested at entry number 1, does not exist at all.
  The default value "false" is used instead.
WARNING: The parameter "SP_A", requested at entry number 1, does not exist at all.
  The default value "20" is used instead.
WARNING: The parameter "MaximumNumberOfSamplingAttempts", requested at entry number 1, does not exist at all.
  The default value "0" is used instead.
WARNING: The parameter "SigmoidInitialTime", requested at entry number 1, does not exist at all.
  The default value "0" is used instead.
WARNING: The parameter "MaxBandCovSize", requested at entry number 1, does not exist at all.
  The default value "192" is used instead.
WARNING: The parameter "NumberOfBandStructureSamples", requested at entry number 1, does not exist at all.
  The default value "10" is used instead.
WARNING: The parameter "UseAdaptiveStepSizes", requested at entry number 1, does not exist at all.
  The default value "true" is used instead.
WARNING: The parameter "AutomaticParameterEstimation", requested at entry number 1, does not exist at all.
  The default value "true" is used instead.
WARNING: The parameter "UseConstantStep", requested at entry number 1, does not exist at all.
  The default value "false" is used instead.
WARNING: The parameter "MaximumStepLengthRatio", requested at entry number 1, does not exist at all.
  The default value "1" is used instead.
WARNING: The parameter "MaximumStepLength", requested at entry number 1, does not exist at all.
  The default value "1" is used instead.
WARNING: The parameter "NumberOfGradientMeasurements", requested at entry number 1, does not exist at all.
  The default value "0" is used instead.
WARNING: The parameter "NumberOfJacobianMeasurements", requested at entry number 1, does not exist at all.
  The default value "1000" is used instead.
WARNING: The parameter "NumberOfSamplesForExactGradient", requested at entry number 1, does not exist at all.
  The default value "100000" is used instead.
WARNING: The parameter "SigmoidScaleFactor", requested at entry number 1, does not exist at all.
  The default value "0.1" is used instead.
Elastix initialization of all components (for this resolution) took: 0 ms.
  Computing the fixed image extrema took 0 ms.
  Computing the moving image extrema took 0 ms.
Initialization of AdvancedMattesMutualInformation metric took: 0 ms.
Starting automatic parameter estimation for AdaptiveStochasticGradientDescent ...
WARNING: The parameter "ASGDParameterEstimationMethod", requested at entry number 0, does not exist at all.
  The default value "Original" is used instead.
  Computing JacobianTerms ...
  Computing the Jacobian terms took 0.001198s
  NumberOfGradientMeasurements to estimate sigma_i: 11
  Sampling gradients ...
  Sampling the gradients took 0.333188s
Automatic parameter estimation took 0.33s
1:ItNr	2:Metric	3a:Time	3b:StepSize	4:||Gradient||	Time[ms]
0	-0.197636	0.000000	5.179885	0.007042	339.9
1	-0.175122	0.000000	5.179885	0.007512	5.4
2	-0.213092	0.767249	4.997306	0.015380	3.6
3	-0.188060	0.000000	5.179885	0.003776	3.3
4	-0.235871	0.523850	5.053817	0.010572	3.4
5	-0.212011	1.230709	4.893123	0.003936	3.4
6	-0.179590	0.262919	5.115835	0.009005	3.4
7	-0.184529	1.090241	4.924238	0.006698	4.5
8	-0.210359	0.296328	5.107810	0.002844	4.2
9	-0.193536	0.000000	5.179885	0.007903	3.4
10	-0.204756	0.000000	5.179885	0.004376	3.3
11	-0.188274	0.939593	4.958050	0.005270	4.3
12	-0.193437	1.844905	4.761569	0.003835	4.4
13	-0.192882	1.685297	4.795070	0.017929	3.5
14	-0.213609	0.719140	5.008375	0.011207	3.4
15	-0.188094	1.719140	4.787927	0.010377	3.6
16	-0.213114	0.776672	4.995143	0.007479	4.5
17	-0.197332	0.000000	5.179885	0.014383	3.8
18	-0.180109	1.000000	4.944436	0.006595	3.2
19	-0.168994	1.999994	4.729462	0.005201	3.4
20	-0.211566	2.946990	4.542433	0.005103	3.4
21	-0.206321	2.121465	4.704615	0.010220	4.6
22	-0.185862	1.152537	4.910390	0.012526	4.4
23	-0.186427	0.181004	5.135620	0.009083	3.4
24	-0.199545	1.181003	4.904088	0.009637	3.4
25	-0.216854	0.213090	5.127852	0.004963	3.3
26	-0.165765	0.000000	5.179885	0.013424	3.2
27	-0.204747	0.983947	4.948047	0.005715	3.8
28	-0.186820	0.083814	5.159294	0.002635	4.3
29	-0.204872	0.601954	5.035544	0.004376	3.5
30	-0.189405	0.989669	4.946759	0.007955	3.3
31	-0.197868	0.370281	5.090134	0.011643	3.5
32	-0.215479	0.000000	5.179885	0.009810	3.3
33	-0.194823	0.000000	5.179885	0.006399	4.5
34	-0.202284	0.624692	5.030249	0.012120	4.0
35	-0.209373	1.624637	4.807927	0.017309	3.4
36	-0.214818	0.670421	5.019635	0.005227	3.4
37	-0.186259	0.000000	5.179885	0.007384	4.0
38	-0.208671	0.000000	5.179885	0.003967	4.7
39	-0.197678	0.372347	5.089642	0.009749	3.4
40	-0.200454	0.000000	5.179885	0.008850	3.4
41	-0.197967	0.000000	5.179885	0.008998	3.4
42	-0.188042	0.995950	4.945346	0.005486	3.3
43	-0.196757	0.026182	5.173435	0.008706	4.3
44	-0.219688	0.000000	5.179885	0.005113	3.7
45	-0.192522	0.000000	5.179885	0.004834	3.4
46	-0.204943	0.000000	5.179885	0.007598	3.4
47	-0.202960	0.000000	5.179885	0.007407	7.4
48	-0.204804	0.861322	4.975801	0.013516	5.1
49	-0.188361	0.000000	5.179885	0.002574	4.3
50	-0.189640	0.657223	5.022693	0.007178	3.8
51	-0.191557	0.254520	5.117857	0.002629	4.2
52	-0.208865	0.000000	5.179885	0.005057	4.3
53	-0.200219	0.547893	5.048178	0.007740	3.5
54	-0.200859	1.000538	4.944315	0.016028	3.4
55	-0.214810	2.000537	4.729350	0.011000	3.4
56	-0.183208	3.000427	4.532319	0.017284	3.4
57	-0.202510	2.675633	4.594496	0.009600	4.7
58	-0.184928	1.711805	4.789474	0.008958	3.8
59	-0.204250	0.740189	5.003526	0.012054	3.5
60	-0.187758	1.740189	4.783496	0.011546	3.6
61	-0.190444	2.740189	4.582002	0.004802	4.8
62	-0.211945	3.737798	4.397222	0.009753	3.5
63	-0.186123	3.426742	4.453218	0.008727	3.4
64	-0.204283	4.369049	4.287807	0.012729	3.4
65	-0.201220	5.044438	4.176615	0.012457	3.7
66	-0.206461	4.072806	4.338469	0.011507	4.4
67	-0.180733	5.042731	4.176889	0.007790	3.9
68	-0.190203	4.078897	4.337415	0.011110	3.4
69	-0.182918	5.078892	4.171097	0.009905	3.7
70	-0.185259	6.078300	4.017150	0.005814	3.2
71	-0.202120	7.077675	3.874167	0.004780	4.3
72	-0.208168	7.978185	3.753775	0.008996	3.8
73	-0.202289	7.215148	3.855291	0.010506	3.3
74	-0.201031	6.247027	3.992274	0.007125	3.4
75	-0.200947	7.221531	3.854419	0.002826	3.3
76	-0.202509	8.029596	3.747127	0.005989	3.2
77	-0.221921	8.201397	3.725082	0.017366	3.6
78	-0.187699	9.201396	3.601741	0.014048	4.5
79	-0.202502	10.201396	3.486305	0.011697	3.9
80	-0.212634	11.201396	3.378040	0.007031	3.4
81	-0.206721	12.199467	3.276486	0.014392	3.4
82	-0.181752	13.194561	3.181137	0.010675	3.6
83	-0.186538	12.222957	3.274170	0.006063	4.4
84	-0.199964	11.262419	3.371650	0.014667	3.6
85	-0.196091	12.260597	3.270464	0.003979	3.3
86	-0.208519	12.924097	3.206499	0.004983	3.3
87	-0.211432	12.118433	3.284503	0.013081	4.6
88	-0.208495	11.451716	3.351983	0.005834	4.6
89	-0.208417	10.480535	3.455392	0.006814	3.5
90	-0.177750	11.448414	3.352324	0.009506	3.3
91	-0.211373	10.477516	3.455724	0.012808	4.3
92	-0.202932	11.477511	3.349320	0.011309	4.0
93	-0.178364	11.998776	3.296413	0.005631	3.3
94	-0.218231	11.128644	3.385689	0.008887	3.2
95	-0.197089	12.121378	3.284211	0.005127	3.4
96	-0.205580	11.202910	3.377881	0.008091	3.6
97	-0.187403	12.124867	3.283865	0.010458	4.3
98	-0.205833	13.124690	3.187651	0.009291	3.8
99	-0.192562	14.113152	3.097916	0.004104	3.6
100	-0.186814	15.097622	3.013428	0.003313	3.4
101	-0.210812	14.901968	3.029850	0.005064	3.4
102	-0.207670	15.608270	2.971394	0.013491	4.5
103	-0.199294	16.608174	2.892392	0.003842	4.0
104	-0.222646	17.606067	2.817630	0.017835	3.3
105	-0.211643	16.637390	2.890147	0.004879	3.3
106	-0.221191	17.634649	2.815545	0.006533	3.2
107	-0.188223	16.694125	2.885797	0.008398	4.2
108	-0.192502	17.550191	2.821714	0.015187	4.3
109	-0.196233	18.541663	2.750962	0.005406	3.4
110	-0.203355	19.418775	2.691264	0.001626	3.4
111	-0.206323	18.942568	2.723350	0.009743	3.3
112	-0.196284	18.940401	2.723498	0.005622	3.5
113	-0.210717	19.865280	2.661859	0.005581	4.5
114	-0.194896	20.819060	2.601149	0.009754	4.1
115	-0.174102	20.365529	2.629668	0.009495	3.4
116	-0.187935	19.394543	2.692878	0.005925	3.5
117	-0.206329	19.696372	2.672906	0.010706	4.5
118	-0.217173	20.691664	2.609097	0.004415	3.9
119	-0.201500	21.687124	2.548253	0.016702	3.4
120	-0.189418	20.744471	2.605796	0.011114	3.4
121	-0.200115	21.744471	2.544834	0.012309	3.4
122	-0.183215	20.772849	2.604026	0.012851	3.4
123	-0.193646	21.770410	2.543291	0.006638	3.4
124	-0.207024	22.765057	2.485490	0.008091	4.4
125	-0.216998	23.612442	2.438279	0.006995	4.1
126	-0.203948	24.235047	2.404719	0.013201	3.3
127	-0.185171	23.265745	2.457376	0.013329	4.3
128	-0.177641	24.265745	2.403089	0.001224	4.3
129	-0.220454	24.385751	2.396734	0.008801	3.5
130	-0.179299	24.836824	2.373149	0.014854	3.3
131	-0.189772	25.245932	2.352155	0.004287	3.4
132	-0.196046	24.315499	2.400450	0.014093	3.3
133	-0.192867	25.310900	2.348855	0.004700	3.3
134	-0.199592	26.014074	2.313724	0.009827	3.8
135	-0.190664	26.837257	2.273910	0.002880	4.5
136	-0.200671	27.327866	2.250826	0.008357	3.2
137	-0.200615	26.429720	2.293448	0.005025	3.3
138	-0.193409	26.906351	2.270630	0.007025	8.1
139	-0.192069	27.867948	2.225950	0.002963	4.3
140	-0.202166	28.679569	2.189584	0.008838	4.0
141	-0.189596	29.406765	2.157996	0.012985	3.8
142	-0.199315	30.406550	2.116026	0.007500	4.3
143	-0.175886	29.435816	2.156753	0.006462	3.5
144	-0.209442	30.267735	2.121755	0.014019	3.4
145	-0.182106	30.941068	2.094250	0.005743	3.5
146	-0.190772	31.780241	2.060953	0.016792	3.6
147	-0.195711	30.818606	2.099200	0.009236	4.4
148	-0.213593	31.818543	2.059458	0.007912	3.9
149	-0.198920	32.818453	2.021195	0.003529	3.7
150	-0.179874	33.731168	1.987489	0.001825	3.5
151	-0.182084	33.691933	1.988915	0.003568	3.4
152	-0.204163	33.663578	1.989946	0.006702	3.3
153	-0.197612	34.151217	1.972352	0.003243	4.1
154	-0.194574	33.464890	1.997206	0.006859	4.1
155	-0.181826	33.688801	1.989029	0.002478	3.5
156	-0.207442	33.063881	2.012020	0.004085	3.2
157	-0.197069	33.657476	1.990169	0.009355	4.6
158	-0.178394	34.626169	1.955511	0.004592	4.2
159	-0.213613	34.927794	1.944965	0.005590	3.4
160	-0.201075	35.815088	1.914590	0.004182	3.4
161	-0.185059	36.486811	1.892218	0.003550	3.4
162	-0.171603	37.036287	1.874303	0.007334	3.7
163	-0.194835	36.416939	1.894521	0.002966	7.8
164	-0.192249	35.608518	1.921576	0.017268	4.9
165	-0.189572	34.643488	1.954903	0.015616	4.4
166	-0.198446	35.643397	1.920393	0.012099	4.4
167	-0.178837	36.643245	1.887083	0.004810	3.3
168	-0.221851	35.672335	1.919413	0.006890	3.3
169	-0.189240	34.714712	1.952403	0.002856	3.4
170	-0.203643	34.129041	1.973145	0.003058	3.5
171	-0.206147	33.814024	1.984485	0.002514	4.4
172	-0.215865	33.325362	2.002335	0.009980	3.7
173	-0.205280	33.604748	1.992090	0.014242	4.1
174	-0.195638	34.604037	1.956290	0.003935	6.2
175	-0.192831	33.679462	1.989368	0.013432	4.1
176	-0.200801	34.551429	1.958142	0.006702	4.8
177	-0.199463	35.255412	1.933638	0.009413	4.1
178	-0.224983	34.284195	1.967607	0.005272	3.3
179	-0.198792	34.237526	1.969270	0.009061	3.2
180	-0.191860	35.230686	1.934488	0.002729	4.5
181	-0.194791	34.477017	1.960769	0.006545	4.1
182	-0.215307	35.224924	1.934686	0.009101	3.4
183	-0.199829	36.220579	1.901022	0.004066	3.3
184	-0.206346	36.585837	1.888964	0.010272	3.4
185	-0.215527	37.533313	1.858388	0.005747	3.9
186	-0.194726	38.531080	1.827240	0.011666	4.5
187	-0.184975	39.438109	1.799818	0.002736	3.6
188	-0.210851	38.497068	1.828285	0.005264	3.5
189	-0.217895	39.123871	1.809225	0.010086	3.6
190	-0.191271	39.256909	1.805230	0.008401	4.5
191	-0.183509	40.255036	1.775815	0.003854	3.5
192	-0.188126	41.083066	1.752130	0.007375	3.3
193	-0.200975	41.064213	1.752662	0.002840	3.3
194	-0.161399	41.710042	1.734612	0.008238	3.4
195	-0.183907	40.870359	1.758154	0.007915	4.1
196	-0.181129	40.117820	1.779802	0.009457	4.6
197	-0.207270	39.146223	1.808552	0.013856	3.4
198	-0.203068	38.174590	1.838248	0.013035	3.6
199	-0.188087	37.297939	1.865891	0.007686	3.4
200	-0.181751	38.289113	1.834698	0.005328	3.4
201	-0.212265	39.263684	1.805027	0.014455	3.6
202	-0.180368	38.292132	1.834604	0.008041	4.6
203	-0.208528	39.247326	1.805517	0.006796	3.5
204	-0.214999	40.182533	1.777919	0.008089	3.3
205	-0.187954	40.295736	1.774636	0.008757	3.3
206	-0.200341	41.295177	1.746164	0.006101	3.3
207	-0.195636	42.147223	1.722603	0.012738	4.4
208	-0.199170	41.213045	1.748469	0.014597	4.0
209	-0.196043	42.213045	1.720809	0.011246	3.3
210	-0.195049	43.213045	1.694011	0.007428	3.5
211	-0.205088	44.202189	1.668312	0.011399	4.6
212	-0.189030	43.232634	1.693494	0.005877	4.0
213	-0.195773	44.231942	1.667551	0.017106	3.4
214	-0.183353	43.260347	1.692764	0.009315	3.4
215	-0.212667	44.259616	1.666844	0.008442	3.4
216	-0.199083	43.288445	1.692024	0.013634	4.3
217	-0.209838	42.353024	1.717007	0.005875	3.6
218	-0.181800	43.352225	1.690347	0.013322	3.2
219	-0.208353	43.812274	1.678349	0.004888	3.6
220	-0.206569	43.716209	1.680840	0.012842	3.4
221	-0.200450	44.715288	1.655286	0.009497	4.2
222	-0.203696	45.267763	1.641486	0.011000	3.5
223	-0.197167	46.267715	1.617085	0.008319	3.4
224	-0.177334	46.929040	1.601342	0.005648	3.4
225	-0.201629	47.923080	1.578246	0.010370	3.3
226	-0.194267	48.883698	1.556552	0.011939	3.6
227	-0.202174	47.912065	1.578499	0.007688	3.4
228	-0.199317	46.940572	1.601070	0.008568	4.4
229	-0.191983	45.999300	1.623563	0.003716	4.1
230	-0.188220	46.962769	1.600547	0.010959	3.3
231	-0.194639	47.940409	1.577850	0.005879	4.4
232	-0.204397	48.322384	1.569155	0.008301	4.3
233	-0.217619	47.598486	1.585714	0.008293	3.7
234	-0.205266	46.637466	1.608245	0.017175	3.3
235	-0.185326	45.665833	1.631684	0.012651	3.3
236	-0.181832	44.694200	1.655817	0.008187	3.3
237	-0.203885	45.506896	1.635584	0.008691	3.3
238	-0.198276	46.496451	1.611605	0.010706	3.8
239	-0.204298	46.590235	1.609368	0.005347	4.5
240	-0.201051	45.621351	1.632774	0.006202	3.3
241	-0.166054	46.206524	1.618557	0.013400	3.4
242	-0.199516	45.265091	1.641552	0.011074	4.5
243	-0.201411	44.293458	1.665980	0.012465	4.1
244	-0.196910	45.293429	1.640850	0.010134	3.4
245	-0.184304	46.202284	1.618659	0.007310	3.5
246	-0.189396	45.235427	1.642287	0.013015	3.6
247	-0.200868	46.157323	1.619743	0.013235	4.3
248	-0.205887	47.157323	1.595978	0.008540	3.7
249	-0.201507	47.677198	1.583897	0.008237	3.4
Time spent in resolution 1 (ITK initialization and iterating): 1.333 s.
Stopping condition: Maximum number of iterations has been reached.
Settings of AdaptiveStochasticGradientDescent in resolution 1:
( SP_a 108.777594 )
( SP_A 20.000000 )
( SP_alpha 1.000000 )
( SigmoidMax 1.000000 )
( SigmoidMin -0.971633 )
( SigmoidScale 0.000007 )


Resolution: 2
WARNING: The parameter "ShowExactMetricValue", requested at entry number 2, does not exist at all.
  The default value "false" is used instead.
WARNING: The parameter "CheckNumberOfSamples", requested at entry number 2, does not exist at all.
  The default value "true" is used instead.
WARNING: The parameter "UseMultiThreadingForMetrics", requested at entry number 2, does not exist at all.
  The default value "true" is used instead.
Setting the fixed masks took: 0 ms.
Setting the moving masks took: 0 ms.
WARNING: The parameter "NumberOfFixedHistogramBins", requested at entry number 2, does not exist at all.
  The default value "32" is used instead.
WARNING: The parameter "NumberOfMovingHistogramBins", requested at entry number 2, does not exist at all.
  The default value "32" is used instead.
WARNING: The parameter "FixedLimitRangeRatio", requested at entry number 2, does not exist at all.
  The default value "0.01" is used instead.
WARNING: The parameter "MovingLimitRangeRatio", requested at entry number 2, does not exist at all.
  The default value "0.01" is used instead.
WARNING: The parameter "FixedKernelBSplineOrder", requested at entry number 2, does not exist at all.
  The default value "0" is used instead.
WARNING: The parameter "MovingKernelBSplineOrder", requested at entry number 2, does not exist at all.
  The default value "3" is used instead.
WARNING: The parameter "UseFastAndLowMemoryVersion", requested at entry number 2, does not exist at all.
  The default value "true" is used instead.
WARNING: The parameter "UseJacobianPreconditioning", requested at entry number 2, does not exist at all.
  The default value "false" is used instead.
WARNING: The parameter "FiniteDifferenceDerivative", requested at entry number 2, does not exist at all.
  The default value "false" is used instead.
WARNING: The parameter "SP_A", requested at entry number 2, does not exist at all.
  The default value "20" is used instead.
WARNING: The parameter "MaximumNumberOfSamplingAttempts", requested at entry number 2, does not exist at all.
  The default value "0" is used instead.
WARNING: The parameter "SigmoidInitialTime", requested at entry number 2, does not exist at all.
  The default value "0" is used instead.
WARNING: The parameter "MaxBandCovSize", requested at entry number 2, does not exist at all.
  The default value "192" is used instead.
WARNING: The parameter "NumberOfBandStructureSamples", requested at entry number 2, does not exist at all.
  The default value "10" is used instead.
WARNING: The parameter "UseAdaptiveStepSizes", requested at entry number 2, does not exist at all.
  The default value "true" is used instead.
WARNING: The parameter "AutomaticParameterEstimation", requested at entry number 2, does not exist at all.
  The default value "true" is used instead.
WARNING: The parameter "UseConstantStep", requested at entry number 2, does not exist at all.
  The default value "false" is used instead.
WARNING: The parameter "MaximumStepLengthRatio", requested at entry number 2, does not exist at all.
  The default value "1" is used instead.
WARNING: The parameter "MaximumStepLength", requested at entry number 2, does not exist at all.
  The default value "1" is used instead.
WARNING: The parameter "NumberOfGradientMeasurements", requested at entry number 2, does not exist at all.
  The default value "0" is used instead.
WARNING: The parameter "NumberOfJacobianMeasurements", requested at entry number 2, does not exist at all.
  The default value "1000" is used instead.
WARNING: The parameter "NumberOfSamplesForExactGradient", requested at entry number 2, does not exist at all.
  The default value "100000" is used instead.
WARNING: The parameter "SigmoidScaleFactor", requested at entry number 2, does not exist at all.
  The default value "0.1" is used instead.
Elastix initialization of all components (for this resolution) took: 0 ms.
  Computing the fixed image extrema took 0 ms.
  Computing the moving image extrema took 0 ms.
Initialization of AdvancedMattesMutualInformation metric took: 2 ms.
Starting automatic parameter estimation for AdaptiveStochasticGradientDescent ...
WARNING: The parameter "ASGDParameterEstimationMethod", requested at entry number 0, does not exist at all.
  The default value "Original" is used instead.
  Computing JacobianTerms ...
  Computing the Jacobian terms took 0.001213s
  NumberOfGradientMeasurements to estimate sigma_i: 11
  Sampling gradients ...
  Sampling the gradients took 1.182373s
Automatic parameter estimation took 1.18s
1:ItNr	2:Metric	3a:Time	3b:StepSize	4:||Gradient||	Time[ms]
0	-0.136080	0.000000	3.819805	0.012672	1191.2
1	-0.144587	0.000000	3.819805	0.030548	3.8
2	-0.151472	0.999721	3.646224	0.011498	3.8
3	-0.148751	0.028697	3.814592	0.017753	3.3
4	-0.149850	0.000000	3.819805	0.018805	3.3
5	-0.146910	0.000000	3.819805	0.012625	3.3
6	-0.155430	0.000000	3.819805	0.017595	4.4
7	-0.146918	0.000000	3.819805	0.011413	4.1
8	-0.152591	0.999012	3.646341	0.014174	3.4
9	-0.134264	0.028934	3.814549	0.011760	3.5
10	-0.160381	0.000000	3.819805	0.026798	4.3
11	-0.148014	0.000000	3.819805	0.016342	4.0
12	-0.140955	1.000000	3.646177	0.008486	3.4
13	-0.157287	0.029015	3.814534	0.018840	3.4
14	-0.151706	0.918021	3.659815	0.014871	3.3
15	-0.158127	1.918021	3.500123	0.004735	3.6
16	-0.151683	2.095175	3.473275	0.007665	4.4
17	-0.148695	1.742855	3.527081	0.022398	4.2
18	-0.142095	1.331252	3.592092	0.013471	3.5
19	-0.152238	0.367749	3.754064	0.012420	3.3
20	-0.148137	0.000000	3.819805	0.006362	4.6
21	-0.144301	0.000000	3.819805	0.015859	4.0
22	-0.166827	0.988618	3.648065	0.032521	3.3
23	-0.151586	1.988618	3.489375	0.014845	3.3
24	-0.146073	1.017594	3.643264	0.012840	3.5
25	-0.138933	0.984754	3.648706	0.017731	3.5
26	-0.149319	0.013730	3.817309	0.019220	4.0
27	-0.135641	1.011805	3.644222	0.007566	4.4
28	-0.154640	0.085581	3.804301	0.007792	3.8
29	-0.141108	0.000000	3.819805	0.008959	3.3
30	-0.149691	0.000000	3.819805	0.020301	3.3
31	-0.144705	0.000000	3.819805	0.001677	3.2
32	-0.149157	0.851016	3.671038	0.022129	4.0
33	-0.147386	0.076140	3.806005	0.012537	4.5
34	-0.141380	0.567936	3.719220	0.010963	3.4
35	-0.151014	1.562722	3.555240	0.025809	3.3
36	-0.137316	0.911765	3.660860	0.014313	4.3
37	-0.132141	1.910330	3.501298	0.014857	4.2
38	-0.153568	2.910280	3.354871	0.016091	3.3
39	-0.146437	2.397724	3.428363	0.007305	3.3
40	-0.147430	1.426906	3.576771	0.027454	3.3
41	-0.165850	0.456255	3.738579	0.016869	3.5
42	-0.140043	0.000000	3.819805	0.019650	4.5
43	-0.137933	0.000000	3.819805	0.013086	4.1
44	-0.139677	0.000000	3.819805	0.015209	3.4
45	-0.164799	0.000000	3.819805	0.006360	3.3
46	-0.140522	0.000000	3.819805	0.017841	4.5
47	-0.163446	0.000000	3.819805	0.028496	3.9
48	-0.156104	0.999989	3.646179	0.004238	3.4
49	-0.163641	0.029461	3.814454	0.022242	3.6
50	-0.159414	0.144808	3.793645	0.006472	3.4
51	-0.157445	1.013203	3.643990	0.007971	3.7
52	-0.145159	1.135289	3.623892	0.015632	5.7
53	-0.144773	0.164509	3.790114	0.018697	4.3
54	-0.151339	0.000000	3.819805	0.017181	4.3
55	-0.134966	0.867197	3.668321	0.030133	3.4
56	-0.144375	0.000000	3.819805	0.022778	3.9
57	-0.148436	0.000000	3.819805	0.014480	4.4
58	-0.155100	0.000000	3.819805	0.009176	4.0
59	-0.153646	0.999706	3.646226	0.009255	3.3
60	-0.141356	0.043213	3.811961	0.018139	3.7
61	-0.166249	1.035172	3.640357	0.013954	5.5
62	-0.166662	0.064170	3.808168	0.005545	3.5
63	-0.148224	0.776757	3.683556	0.018731	3.4
64	-0.151044	0.928334	3.658094	0.014313	3.4
65	-0.145846	0.000000	3.819805	0.004928	3.4
66	-0.158374	0.919691	3.659536	0.005660	3.9
67	-0.137258	0.336962	3.759481	0.017389	4.4
68	-0.143560	0.000000	3.819805	0.002488	3.5
69	-0.156642	0.679822	3.700026	0.014611	3.4
70	-0.143980	0.000000	3.819805	0.016173	3.8
71	-0.149672	1.000000	3.646177	0.020503	4.4
72	-0.148992	2.000000	3.487648	0.008886	3.9
73	-0.150045	2.808070	3.369274	0.018712	3.4
74	-0.170637	1.852773	3.510117	0.011762	3.4
75	-0.148217	0.881749	3.665882	0.021095	3.3
76	-0.144833	1.881749	3.505672	0.017262	3.3
77	-0.166401	2.877517	3.359474	0.016744	3.2
78	-0.154926	3.877515	3.224434	0.019139	4.0
79	-0.143221	4.877515	3.099830	0.008486	4.8
80	-0.155052	5.877481	2.984502	0.013907	3.5
81	-0.173477	6.871069	2.878106	0.016476	4.4
82	-0.139209	5.903061	2.981664	0.021625	4.1
83	-0.136309	4.932036	3.093313	0.018553	3.6
84	-0.163079	4.364159	3.162569	0.007144	3.4
85	-0.144167	3.397406	3.287887	0.015611	3.4
86	-0.161736	3.481539	3.276587	0.008856	3.3
87	-0.151666	4.481257	3.148035	0.020221	3.4
88	-0.148300	3.510295	3.272743	0.011856	4.5
89	-0.140092	4.497574	3.146021	0.020731	4.2
90	-0.128791	3.526970	3.270518	0.011329	3.4
91	-0.158398	2.556005	3.405327	0.008648	3.3
92	-0.139060	1.676222	3.537446	0.013514	4.5
93	-0.148277	1.997771	3.487986	0.011480	4.0
94	-0.159397	1.117483	3.626810	0.026247	3.3
95	-0.156099	2.117449	3.469929	0.027708	3.3
96	-0.164227	1.146424	3.622070	0.018232	3.4
97	-0.159486	0.175400	3.788165	0.019166	3.7
98	-0.138179	0.374177	3.752935	0.002728	4.7
99	-0.174075	0.000000	3.819805	0.018413	3.7
100	-0.141890	0.000000	3.819805	0.017596	3.6
101	-0.160514	0.998516	3.646423	0.009811	3.5
102	-0.139264	1.998443	3.487884	0.017597	4.6
103	-0.139081	1.027423	3.641638	0.018924	4.2
104	-0.145313	2.027420	3.483495	0.011088	3.4
105	-0.140215	1.067570	3.635013	0.023404	3.4
106	-0.160269	0.961949	3.652495	0.011169	3.3
107	-0.128657	0.007353	3.818468	0.013603	3.2
108	-0.141511	0.934831	3.657010	0.028505	4.1
109	-0.132751	1.934831	3.497558	0.008738	5.0
110	-0.147484	2.934789	3.351435	0.017720	3.3
111	-0.150298	1.963831	3.493141	0.019087	3.5
112	-0.180187	2.696849	3.385087	0.005034	5.6
113	-0.151870	1.863601	3.508454	0.024142	3.6
114	-0.157581	0.893377	3.663935	0.027876	3.3
115	-0.137312	0.000000	3.819805	0.021930	3.3
116	-0.151737	1.000000	3.646177	0.013365	4.8
117	-0.133280	0.032446	3.813912	0.011926	4.0
118	-0.158353	0.000000	3.819805	0.029769	3.4
119	-0.144241	0.999949	3.646186	0.012129	3.4
120	-0.154156	1.999949	3.487656	0.024963	3.7
121	-0.156815	1.028924	3.641390	0.026940	4.6
122	-0.143321	2.028924	3.483267	0.018024	3.8
123	-0.138232	1.057900	3.636606	0.023265	3.3
124	-0.168151	0.086875	3.804068	0.014816	3.5
125	-0.162913	0.000000	3.819805	0.014846	3.3
126	-0.143468	1.000000	3.646177	0.011851	3.3
127	-0.143600	0.029011	3.814535	0.006618	3.3
128	-0.145668	0.969664	3.651212	0.008482	4.3
129	-0.162390	1.878547	3.506162	0.024076	4.0
130	-0.150683	0.907522	3.661569	0.008892	3.3
131	-0.171371	1.516587	3.562525	0.014018	3.3
132	-0.158276	2.497424	3.413817	0.015296	4.4
133	-0.166902	3.497253	3.274486	0.011128	4.1
134	-0.143086	4.496109	3.146202	0.015432	3.5
135	-0.134625	5.491429	3.027994	0.015529	3.4
136	-0.151244	4.520405	3.143206	0.018983	3.5
137	-0.130367	3.549380	3.267533	0.013644	3.8
138	-0.149453	2.578356	3.402099	0.018085	4.4
139	-0.139692	3.578296	3.263688	0.016078	3.9
140	-0.142182	2.819760	3.367620	0.009541	3.3
141	-0.142426	3.819405	3.231983	0.014446	3.2
142	-0.162107	3.099949	3.328468	0.010131	4.3
143	-0.129587	2.133191	3.467568	0.009818	4.4
144	-0.147775	3.129463	3.324396	0.031977	3.5
145	-0.161268	2.158439	3.463787	0.007973	3.6
146	-0.147347	1.187414	3.615379	0.012624	3.5
147	-0.169310	1.464898	3.570722	0.017591	3.5
148	-0.144008	2.464896	3.418549	0.004215	4.4
149	-0.150671	1.500341	3.565097	0.014895	4.0
150	-0.162975	2.147366	3.465444	0.006024	3.5
151	-0.143107	1.215014	3.610887	0.015322	4.3
152	-0.167545	0.247235	3.775357	0.012510	4.5
153	-0.149981	0.000000	3.819805	0.010974	3.4
154	-0.149613	0.978998	3.649661	0.006901	3.5
155	-0.128278	1.629525	3.544745	0.014350	3.4
156	-0.145266	0.663975	3.702732	0.002264	3.4
157	-0.169370	1.503431	3.564608	0.021085	3.4
158	-0.155296	2.343339	3.436351	0.009769	4.5
159	-0.146312	2.585293	3.401098	0.029502	4.2
160	-0.148785	1.614269	3.547137	0.014035	3.4
161	-0.132659	2.613258	3.397071	0.011876	3.4
162	-0.161390	1.642294	3.542746	0.019291	4.4
163	-0.138022	0.671269	3.701486	0.025838	4.0
164	-0.153781	0.000000	3.819805	0.011667	3.4
165	-0.157288	0.000000	3.819805	0.022396	3.3
166	-0.147910	0.000000	3.819805	0.015013	3.5
167	-0.165040	0.000000	3.819805	0.003498	3.8
168	-0.161131	0.602593	3.713253	0.008432	4.6
169	-0.156274	1.264392	3.602879	0.016031	3.6
170	-0.140407	0.808691	3.678162	0.018010	3.3
171	-0.160408	0.000000	3.819805	0.010110	3.5
172	-0.157946	0.202397	3.783341	0.022391	4.6
173	-0.151050	0.000000	3.819805	0.014395	3.8
174	-0.150046	1.000000	3.646177	0.017167	3.4
175	-0.144471	0.028975	3.814542	0.012639	3.5
176	-0.159730	0.000000	3.819805	0.003613	3.4
177	-0.166270	0.000000	3.819805	0.012005	4.5
178	-0.140934	0.000000	3.819805	0.031588	4.3
179	-0.150870	0.999999	3.646178	0.016353	3.7
180	-0.144368	0.028974	3.814542	0.021263	3.2
181	-0.179942	1.028933	3.641388	0.017410	3.3
182	-0.161760	2.028933	3.483266	0.015234	3.2
183	-0.158209	1.057909	3.636605	0.022208	3.7
184	-0.145145	0.086884	3.804066	0.035989	4.5
185	-0.172222	0.000000	3.819805	0.007459	3.5
186	-0.154474	0.999979	3.646181	0.028322	3.2
187	-0.149066	1.999978	3.487651	0.018333	3.3
188	-0.156328	1.028953	3.641385	0.012672	4.8
189	-0.152712	0.940340	3.656092	0.013382	4.0
190	-0.149432	0.047387	3.811205	0.013806	3.3
191	-0.146751	1.047348	3.638347	0.015660	3.3
192	-0.137656	0.076328	3.805971	0.011148	3.3
193	-0.171588	1.065098	3.635420	0.021426	3.5
194	-0.172574	0.094076	3.802769	0.016484	4.5
195	-0.131584	0.000000	3.819805	0.024304	4.0
196	-0.153574	0.000000	3.819805	0.021078	3.4
197	-0.144778	0.925461	3.658573	0.005634	4.1
198	-0.166823	1.924848	3.499081	0.013620	4.7
199	-0.160640	0.969128	3.651301	0.010182	3.4
200	-0.157076	0.000000	3.819805	0.014054	3.3
201	-0.148195	0.000000	3.819805	0.018978	3.5
202	-0.143998	0.653840	3.704466	0.023650	3.4
203	-0.168718	1.653840	3.540941	0.022282	4.5
204	-0.153528	0.682815	3.699515	0.011771	3.8
205	-0.159954	1.663403	3.539447	0.023250	3.6
206	-0.132673	2.663368	3.389877	0.021358	3.3
207	-0.159339	3.663368	3.252431	0.013853	3.2
208	-0.149337	2.699742	3.384674	0.017409	3.3
209	-0.163069	3.699740	3.247642	0.014291	4.3
210	-0.159735	4.699534	3.121298	0.011085	4.1
211	-0.172182	5.699487	3.004399	0.009660	3.5
212	-0.155634	6.678178	2.898164	0.014598	3.4
213	-0.137201	6.434109	2.923948	0.027427	4.5
214	-0.162400	5.463084	3.031238	0.015674	4.1
215	-0.151663	4.492059	3.146702	0.006472	3.5
216	-0.139518	5.459297	3.031672	0.011881	3.3
217	-0.137204	4.879496	3.099593	0.023080	3.3
218	-0.148841	5.853773	2.987137	0.014132	3.6
219	-0.145387	4.882749	3.099203	0.019284	4.4
220	-0.165492	3.911724	3.220006	0.021535	3.7
221	-0.159906	4.911724	3.095738	0.003312	3.4
222	-0.136963	5.855630	2.986931	0.018370	3.6
223	-0.149693	5.039055	3.080600	0.004943	4.8
224	-0.143181	5.659573	3.008897	0.015331	3.5
225	-0.152193	4.913978	3.095468	0.022760	3.5
226	-0.162112	3.942974	3.215972	0.015338	3.8
227	-0.145054	4.929954	3.093561	0.012313	3.4
228	-0.160053	5.927838	2.978921	0.014243	3.4
229	-0.142573	6.898797	2.875246	0.016312	3.3
230	-0.139546	6.187858	2.950431	0.018846	4.5
231	-0.131949	5.216835	3.059710	0.009663	4.0
232	-0.157101	4.332563	3.166513	0.020594	3.3
233	-0.159107	3.361542	3.292727	0.022011	3.3
234	-0.151675	2.390518	3.429420	0.017757	4.3
235	-0.148548	1.419493	3.577953	0.015341	4.2
236	-0.145918	0.448468	3.739936	0.017818	3.3
237	-0.154328	1.442933	3.574216	0.021220	3.3
238	-0.155937	2.441054	3.422026	0.020660	3.4
239	-0.146761	1.470029	3.569906	0.014123	3.4
240	-0.160588	2.468320	3.418050	0.017640	4.4
241	-0.149275	1.497295	3.565580	0.016108	4.7
242	-0.151125	0.533026	3.725250	0.010055	3.3
243	-0.168060	0.000000	3.819805	0.010062	3.3
244	-0.146533	0.998255	3.646467	0.010674	4.7
245	-0.152421	0.098966	3.801888	0.021237	4.2
246	-0.162796	1.098965	3.629849	0.021428	3.4
247	-0.146108	2.098965	3.472705	0.018840	3.4
248	-0.163558	3.098495	3.328669	0.025051	4.1
249	-0.156830	2.127470	3.468425	0.021118	4.8
Time spent in resolution 2 (ITK initialization and iterating): 2.173 s.
Stopping condition: Maximum number of iterations has been reached.
Settings of AdaptiveStochasticGradientDescent in resolution 2:
( SP_a 80.215902 )
( SP_A 20.000000 )
( SP_alpha 1.000000 )
( SigmoidMax 1.000000 )
( SigmoidMin -0.971025 )
( SigmoidScale 0.000013 )


Resolution: 3
WARNING: The parameter "ShowExactMetricValue", requested at entry number 3, does not exist at all.
  The default value "false" is used instead.
WARNING: The parameter "CheckNumberOfSamples", requested at entry number 3, does not exist at all.
  The default value "true" is used instead.
WARNING: The parameter "UseMultiThreadingForMetrics", requested at entry number 3, does not exist at all.
  The default value "true" is used instead.
Setting the fixed masks took: 0 ms.
Setting the moving masks took: 0 ms.
WARNING: The parameter "NumberOfFixedHistogramBins", requested at entry number 3, does not exist at all.
  The default value "32" is used instead.
WARNING: The parameter "NumberOfMovingHistogramBins", requested at entry number 3, does not exist at all.
  The default value "32" is used instead.
WARNING: The parameter "FixedLimitRangeRatio", requested at entry number 3, does not exist at all.
  The default value "0.01" is used instead.
WARNING: The parameter "MovingLimitRangeRatio", requested at entry number 3, does not exist at all.
  The default value "0.01" is used instead.
WARNING: The parameter "FixedKernelBSplineOrder", requested at entry number 3, does not exist at all.
  The default value "0" is used instead.
WARNING: The parameter "MovingKernelBSplineOrder", requested at entry number 3, does not exist at all.
  The default value "3" is used instead.
WARNING: The parameter "UseFastAndLowMemoryVersion", requested at entry number 3, does not exist at all.
  The default value "true" is used instead.
WARNING: The parameter "UseJacobianPreconditioning", requested at entry number 3, does not exist at all.
  The default value "false" is used instead.
WARNING: The parameter "FiniteDifferenceDerivative", requested at entry number 3, does not exist at all.
  The default value "false" is used instead.
WARNING: The parameter "SP_A", requested at entry number 3, does not exist at all.
  The default value "20" is used instead.
WARNING: The parameter "MaximumNumberOfSamplingAttempts", requested at entry number 3, does not exist at all.
  The default value "0" is used instead.
WARNING: The parameter "SigmoidInitialTime", requested at entry number 3, does not exist at all.
  The default value "0" is used instead.
WARNING: The parameter "MaxBandCovSize", requested at entry number 3, does not exist at all.
  The default value "192" is used instead.
WARNING: The parameter "NumberOfBandStructureSamples", requested at entry number 3, does not exist at all.
  The default value "10" is used instead.
WARNING: The parameter "UseAdaptiveStepSizes", requested at entry number 3, does not exist at all.
  The default value "true" is used instead.
WARNING: The parameter "AutomaticParameterEstimation", requested at entry number 3, does not exist at all.
  The default value "true" is used instead.
WARNING: The parameter "UseConstantStep", requested at entry number 3, does not exist at all.
  The default value "false" is used instead.
WARNING: The parameter "MaximumStepLengthRatio", requested at entry number 3, does not exist at all.
  The default value "1" is used instead.
WARNING: The parameter "MaximumStepLength", requested at entry number 3, does not exist at all.
  The default value "1" is used instead.
WARNING: The parameter "NumberOfGradientMeasurements", requested at entry number 3, does not exist at all.
  The default value "0" is used instead.
WARNING: The parameter "NumberOfJacobianMeasurements", requested at entry number 3, does not exist at all.
  The default value "1000" is used instead.
WARNING: The parameter "NumberOfSamplesForExactGradient", requested at entry number 3, does not exist at all.
  The default value "100000" is used instead.
WARNING: The parameter "SigmoidScaleFactor", requested at entry number 3, does not exist at all.
  The default value "0.1" is used instead.
Elastix initialization of all components (for this resolution) took: 0 ms.
  Computing the fixed image extrema took 1 ms.
  Computing the moving image extrema took 1 ms.
Initialization of AdvancedMattesMutualInformation metric took: 9 ms.
Starting automatic parameter estimation for AdaptiveStochasticGradientDescent ...
WARNING: The parameter "ASGDParameterEstimationMethod", requested at entry number 0, does not exist at all.
  The default value "Original" is used instead.
  Computing JacobianTerms ...
  Computing the Jacobian terms took 0.001123s
  NumberOfGradientMeasurements to estimate sigma_i: 11
  Sampling gradients ...
  Sampling the gradients took 1.210471s
Automatic parameter estimation took 1.21s
1:ItNr	2:Metric	3a:Time	3b:StepSize	4:||Gradient||	Time[ms]
0	-0.116912	0.000000	0.475865	0.028813	1224.4
1	-0.122459	0.000000	0.475865	0.045603	3.4
2	-0.096016	0.957347	0.455117	0.047363	3.4
3	-0.106011	0.657751	0.461412	0.011304	3.3
4	-0.113647	1.360079	0.446919	0.014996	4.0
5	-0.112392	2.036923	0.433789	0.034296	4.8
6	-0.104172	2.952336	0.417210	0.052736	3.5
7	-0.104009	1.964108	0.435164	0.031405	3.3
8	-0.116006	0.975897	0.454733	0.026572	4.5
9	-0.097739	0.628012	0.462047	0.020226	4.7
10	-0.112861	1.156269	0.451031	0.022870	3.4
11	-0.104433	0.181480	0.471787	0.040366	3.4
12	-0.112790	1.179995	0.450548	0.031925	3.3
13	-0.111110	0.194729	0.471492	0.039372	3.5
14	-0.095865	0.000000	0.475865	0.014250	4.0
15	-0.106649	0.000000	0.475865	0.024364	4.4
16	-0.108868	0.878978	0.456747	0.026430	3.5
17	-0.109734	0.000000	0.475865	0.048894	3.5
18	-0.105061	0.999999	0.454234	0.023492	4.6
19	-0.110945	1.981442	0.434836	0.046584	4.1
20	-0.102365	2.981436	0.416704	0.023261	3.6
21	-0.113422	3.979030	0.400062	0.049845	3.5
22	-0.126231	3.045690	0.415590	0.049369	3.6
23	-0.122719	4.019871	0.399409	0.035322	3.6
24	-0.098477	3.031756	0.415831	0.047347	4.6
25	-0.112900	4.031754	0.399219	0.017879	4.0
26	-0.110863	3.135915	0.414037	0.041425	3.5
27	-0.116414	4.132073	0.397626	0.049256	3.3
28	-0.096720	4.374239	0.393831	0.042552	3.3
29	-0.108859	5.373023	0.378916	0.022290	7.5
30	-0.110450	5.198812	0.381435	0.025842	4.3
31	-0.113644	4.226042	0.396144	0.028872	4.5
32	-0.109429	5.074142	0.383259	0.025303	4.4
33	-0.106415	4.423605	0.393066	0.047007	4.3
34	-0.108397	4.499626	0.391894	0.034007	3.4
35	-0.112321	3.511401	0.407694	0.020281	3.4
36	-0.110303	4.467364	0.392391	0.027248	3.3
37	-0.094028	5.431707	0.378075	0.051400	3.9
38	-0.109647	4.443481	0.392759	0.038886	4.8
39	-0.102207	5.443481	0.377906	0.047102	3.5
40	-0.103072	4.455255	0.392577	0.063334	3.5
41	-0.121492	3.808005	0.402820	0.017165	3.3
42	-0.106072	2.819955	0.419529	0.018001	3.5
43	-0.103557	1.899580	0.436390	0.033118	4.4
44	-0.117236	0.915290	0.455990	0.027409	4.6
45	-0.100519	1.842392	0.437483	0.032973	3.4
46	-0.098403	0.858853	0.457167	0.008314	3.6
47	-0.116031	1.395721	0.446208	0.035890	4.6
48	-0.111573	0.484899	0.465125	0.033883	4.0
49	-0.119078	0.000000	0.475865	0.013975	3.5
50	-0.111871	0.000000	0.475865	0.025416	3.5
51	-0.106009	0.442692	0.466040	0.074148	3.4
52	-0.116217	0.000000	0.475865	0.049094	3.4
53	-0.126399	0.000000	0.475865	0.017778	3.9
54	-0.116572	0.999936	0.454236	0.035555	5.0
55	-0.114437	0.298867	0.469187	0.057351	3.6
56	-0.102757	0.000000	0.475865	0.016288	3.5
57	-0.119604	0.000000	0.475865	0.021849	4.4
58	-0.098612	0.741032	0.459645	0.031443	4.5
59	-0.107014	0.000000	0.475865	0.031940	3.6
60	-0.109076	0.000000	0.475865	0.014966	3.4
61	-0.102779	0.000000	0.475865	0.035371	3.4
62	-0.116990	0.287650	0.469434	0.057990	3.3
63	-0.104533	0.000000	0.475865	0.034457	4.5
64	-0.124354	0.000000	0.475865	0.038835	4.2
65	-0.118744	0.000000	0.475865	0.042403	3.6
66	-0.099677	0.000000	0.475865	0.015113	3.6
67	-0.105041	0.995670	0.454324	0.061735	4.3
68	-0.100044	0.013885	0.475550	0.054721	4.7
69	-0.108488	1.013885	0.453948	0.007588	3.5
70	-0.107115	1.999016	0.434504	0.033229	4.6
71	-0.098729	1.098462	0.452210	0.039993	11.6
72	-0.113211	2.098394	0.432634	0.018865	3.6
73	-0.120969	1.112849	0.451916	0.018435	3.4
74	-0.115492	2.081496	0.432951	0.027128	3.4
75	-0.105460	1.100449	0.452170	0.009598	3.3
76	-0.101207	0.361939	0.467802	0.047408	4.4
77	-0.102710	1.220086	0.449735	0.019958	4.2
78	-0.101034	0.307900	0.468988	0.021791	3.4
79	-0.110942	0.000000	0.475865	0.030400	4.0
80	-0.102808	0.000000	0.475865	0.045525	4.8
81	-0.102560	0.000000	0.475865	0.033293	3.5
82	-0.114482	0.000000	0.475865	0.034247	3.5
83	-0.114532	0.999969	0.454235	0.023945	3.3
84	-0.095683	1.999819	0.434488	0.022319	3.3
85	-0.118692	2.970821	0.416888	0.006720	4.4
86	-0.110498	2.272123	0.429405	0.038230	4.0
87	-0.103562	1.364100	0.446839	0.068163	3.4
88	-0.106298	2.364100	0.427714	0.030980	3.4
89	-0.110389	1.395196	0.446219	0.043568	3.7
90	-0.109601	2.395195	0.427146	0.046931	4.5
91	-0.098940	1.406967	0.445984	0.023272	3.8
92	-0.106851	0.420306	0.466527	0.009422	3.5
93	-0.102458	1.196914	0.450205	0.016455	3.3
94	-0.109761	1.721541	0.439810	0.024128	3.3
95	-0.092528	1.247100	0.449189	0.038013	3.5
96	-0.125461	0.860794	0.457127	0.041417	4.7
97	-0.136480	0.000000	0.475865	0.028834	4.0
98	-0.102102	0.254508	0.470166	0.041241	3.5
99	-0.102978	0.000000	0.475865	0.025794	3.4
100	-0.110800	0.999555	0.454243	0.029522	4.4
101	-0.092968	0.313992	0.468854	0.015205	3.7
102	-0.117533	0.000000	0.475865	0.023331	4.1
103	-0.095463	0.000000	0.475865	0.026501	3.5
104	-0.124992	0.000000	0.475865	0.025231	4.8
105	-0.100656	0.973218	0.454788	0.041884	4.2
106	-0.109601	1.946730	0.435494	0.015488	3.5
107	-0.098718	1.374263	0.446636	0.034779	3.5
108	-0.102619	1.241147	0.449309	0.021060	3.4
109	-0.123818	0.253305	0.470193	0.038931	4.0
110	-0.106679	1.252793	0.449074	0.036411	5.0
111	-0.100517	0.265728	0.469918	0.019314	3.5
112	-0.112545	0.724719	0.459990	0.036797	3.5
113	-0.112656	0.000000	0.475865	0.016459	3.4
114	-0.093026	0.000000	0.475865	0.029120	4.1
115	-0.107732	0.000000	0.475865	0.021832	4.6
116	-0.094514	0.000000	0.475865	0.055105	3.7
117	-0.104800	0.000000	0.475865	0.025194	3.4
118	-0.112386	0.999999	0.454234	0.027580	3.6
119	-0.106802	1.999213	0.434500	0.022704	4.0
120	-0.112968	2.975810	0.416802	0.019314	4.7
121	-0.105333	3.945773	0.400595	0.020728	3.4
122	-0.115820	3.073451	0.415111	0.005874	3.5
123	-0.102755	2.610510	0.423250	0.031287	3.3
124	-0.097553	3.236848	0.412312	0.041713	3.5
125	-0.111669	4.218046	0.396270	0.026445	4.2
126	-0.102102	3.229902	0.412431	0.026051	4.8
127	-0.111150	2.342711	0.428106	0.034751	3.6
128	-0.102210	1.354508	0.447031	0.019190	3.4
129	-0.110516	0.432862	0.466254	0.036675	3.4
130	-0.125531	0.000000	0.475865	0.023915	3.8
131	-0.122146	0.000000	0.475865	0.029706	4.8
132	-0.105106	0.000000	0.475865	0.038616	3.7
133	-0.112596	0.999989	0.454235	0.024395	3.4
134	-0.109988	1.971730	0.435020	0.043750	3.4
135	-0.115172	2.683308	0.421949	0.016819	3.8
136	-0.117859	3.682759	0.404864	0.063791	4.5
137	-0.105679	2.694553	0.421749	0.025018	3.7
138	-0.106858	1.706336	0.440104	0.023625	3.4
139	-0.106429	1.706388	0.440103	0.044553	3.8
140	-0.114195	0.748039	0.459497	0.042664	4.6
141	-0.102326	0.000000	0.475865	0.029379	3.9
142	-0.112843	0.000000	0.475865	0.037370	3.5
143	-0.119824	0.197222	0.471437	0.025957	3.6
144	-0.124747	0.000000	0.475865	0.014699	3.7
145	-0.119549	0.910444	0.456091	0.018885	4.4
146	-0.105436	1.391643	0.446289	0.030321	3.8
147	-0.110848	0.631330	0.461976	0.030876	3.5
148	-0.113054	0.853201	0.457286	0.022034	3.4
149	-0.104270	0.000000	0.475865	0.051809	4.0
150	-0.103663	0.000000	0.475865	0.017786	4.7
151	-0.108760	0.000000	0.475865	0.022207	3.6
152	-0.119846	0.000000	0.475865	0.082049	3.4
153	-0.108518	0.000000	0.475865	0.006438	3.5
154	-0.107693	0.000000	0.475865	0.013614	3.5
155	-0.110252	0.000000	0.475865	0.030331	4.5
156	-0.103974	0.000000	0.475865	0.055177	4.3
157	-0.108620	0.000000	0.475865	0.026672	3.6
158	-0.113364	0.000000	0.475865	0.021038	3.4
159	-0.110183	0.264080	0.469955	0.037765	3.5
160	-0.107151	1.182026	0.450507	0.019210	3.8
161	-0.113928	0.207229	0.471215	0.011936	4.5
162	-0.113629	0.593401	0.462787	0.032281	3.7
163	-0.102596	1.294422	0.448236	0.028368	3.5
164	-0.111164	2.172905	0.431243	0.064469	3.7
165	-0.112780	1.184681	0.450453	0.031350	4.1
166	-0.104697	2.184681	0.431024	0.038064	4.6
167	-0.101082	3.184675	0.413202	0.021589	3.4
168	-0.107887	4.184613	0.396796	0.015587	3.4
169	-0.118303	4.363251	0.394001	0.030687	3.8
170	-0.102297	3.650171	0.405399	0.020280	4.8
171	-0.095151	4.053787	0.398868	0.018539	4.1
172	-0.106181	3.971796	0.400178	0.022915	3.3
173	-0.109376	3.025345	0.415942	0.024443	3.4
174	-0.100053	3.339331	0.410576	0.034551	3.3
175	-0.101131	2.351943	0.427937	0.038587	3.6
176	-0.101270	3.351919	0.410364	0.041421	4.5
177	-0.102939	4.351908	0.394178	0.019401	4.2
178	-0.097134	5.309449	0.379831	0.031188	3.5
179	-0.102592	5.254809	0.380622	0.037035	3.3
180	-0.109138	4.297641	0.395023	0.039279	4.5
181	-0.113152	3.432630	0.409009	0.039118	4.0
182	-0.111540	4.432630	0.392927	0.054775	3.4
183	-0.120053	5.432630	0.378061	0.015847	3.4
184	-0.112095	4.446723	0.392709	0.046453	3.3
185	-0.100836	3.725905	0.404157	0.019694	3.6
186	-0.109017	2.737740	0.420982	0.029621	5.0
187	-0.101838	3.307749	0.411110	0.016507	3.8
188	-0.107962	4.302942	0.394940	0.013135	3.4
189	-0.113839	4.171845	0.396997	0.031811	3.4
190	-0.108183	3.462985	0.408501	0.044195	3.6
191	-0.100969	4.462982	0.392458	0.025392	4.7
192	-0.099855	3.525094	0.407467	0.037017	4.2
193	-0.114759	2.546616	0.424399	0.051347	3.5
194	-0.128133	3.544256	0.407148	0.018514	3.5
195	-0.103970	2.556118	0.424228	0.018595	5.0
196	-0.110471	3.509113	0.407732	0.028776	3.9
197	-0.122759	4.421932	0.393092	0.052582	3.5
198	-0.100727	5.421932	0.378214	0.011998	3.4
199	-0.114549	6.417688	0.364478	0.007228	4.0
200	-0.116608	6.417178	0.364485	0.033066	5.1
201	-0.120409	6.982864	0.357117	0.031988	3.4
202	-0.116301	7.393572	0.351951	0.035584	3.4
203	-0.105990	8.370022	0.340250	0.026948	3.4
204	-0.096816	7.750584	0.347581	0.034395	3.3
205	-0.117404	7.794706	0.347048	0.033297	4.5
206	-0.113722	6.862692	0.358657	0.015854	3.9
207	-0.106731	7.214592	0.354184	0.028711	3.5
208	-0.096207	6.334419	0.365589	0.041075	3.5
209	-0.112468	5.346205	0.379301	0.019979	3.5
210	-0.107127	6.247400	0.366756	0.076814	5.4
211	-0.110483	5.412225	0.378353	0.023143	4.0
212	-0.098113	6.408128	0.364606	0.037467	3.8
213	-0.095876	7.380140	0.352118	0.007635	3.4
214	-0.122634	6.487553	0.363552	0.050445	3.6
215	-0.111147	5.573447	0.376058	0.027998	4.5
216	-0.120846	4.585238	0.390583	0.041725	3.7
217	-0.094861	5.585129	0.375893	0.032316	3.4
218	-0.104353	6.584917	0.362269	0.038421	3.7
219	-0.098470	5.596873	0.375727	0.041741	3.5
220	-0.113155	4.608645	0.390226	0.035787	4.2
221	-0.103038	3.620426	0.405889	0.022521	4.6
222	-0.097704	2.632383	0.422859	0.018611	3.6
223	-0.103991	1.692620	0.440370	0.025480	3.4
224	-0.128287	2.660282	0.422360	0.041008	3.3
225	-0.119771	2.925962	0.417670	0.036576	3.3
226	-0.103351	3.918458	0.401034	0.016503	4.5
227	-0.100563	3.994597	0.399813	0.029888	4.0
228	-0.109007	4.988488	0.384522	0.029553	3.7
229	-0.111989	5.968057	0.370555	0.047088	3.6
230	-0.093022	6.968056	0.357306	0.009758	4.6
231	-0.112450	7.946839	0.345224	0.010113	4.1
232	-0.102729	7.397194	0.351906	0.025082	3.4
233	-0.103176	6.726849	0.360414	0.020066	3.3
234	-0.116267	5.756724	0.373482	0.031608	3.3
235	-0.093496	6.717531	0.360536	0.041829	4.5
236	-0.110093	5.729303	0.373865	0.019769	4.0
237	-0.114110	5.498094	0.377127	0.043297	3.3
238	-0.111561	4.509956	0.391735	0.025878	3.3
239	-0.099230	3.524279	0.407480	0.031302	3.3
240	-0.123506	4.524082	0.391519	0.021769	3.3
241	-0.116968	4.287819	0.395177	0.035804	4.5
242	-0.116859	4.586289	0.390567	0.033590	4.0
243	-0.111277	3.598091	0.406257	0.036124	3.4
244	-0.110127	4.598078	0.390387	0.030160	3.7
245	-0.111872	5.526563	0.376723	0.050803	4.7
246	-0.097228	6.526245	0.363041	0.026391	3.9
247	-0.115905	5.617659	0.375433	0.038611	3.4
248	-0.119200	6.587677	0.362233	0.039953	6.8
249	-0.100985	7.587673	0.349562	0.028365	4.0
Time spent in resolution 3 (ITK initialization and iterating): 2.237 s.
Stopping condition: Maximum number of iterations has been reached.
Settings of AdaptiveStochasticGradientDescent in resolution 3:
( SP_a 9.993155 )
( SP_A 20.000000 )
( SP_alpha 1.000000 )
( SigmoidMax 1.000000 )
( SigmoidMin -0.988228 )
( SigmoidScale 0.000079 )



=============== start of TransformParameterFile ===============
(Transform "EulerTransform")
(NumberOfParameters 3)
(TransformParameters 0.022765 0.786549 0.689929)
(InitialTransformParametersFileName "NoInitialTransform")
(UseBinaryFormatForTransformationParameters "false")
(HowToCombineTransforms "Compose")

// Image specific
(FixedImageDimension 2)
(MovingImageDimension 2)
(FixedInternalImagePixelType "float")
(MovingInternalImagePixelType "float")
(Size 512 512)
(Index 0 0)
(Spacing 1.0000000000 1.0000000000)
(Origin 0.0000000000 0.0000000000)
(Direction 1.0000000000 0.0000000000 0.0000000000 1.0000000000)
(UseDirectionCosines "true")

// EulerTransform specific
(CenterOfRotationPoint 255.5000000000 255.5000000000)

// ResampleInterpolator specific
(ResampleInterpolator "FinalBSplineInterpolator")
(FinalBSplineInterpolationOrder 3)

// Resampler specific
(Resampler "DefaultResampler")
(DefaultPixelValue 0.000000)
(ResultImageFormat "mhd")
(ResultImagePixelType "short")
(CompressResultImage "false")

=============== end of TransformParameterFile ===============

Creating the TransformParameterFile took 0.00s

Registration result checksum: 1309672346

Applying final transform ...
  Applying final transform took 0.12s

Final metric value  = -0.100985
Settings of AdaptiveStochasticGradientDescent for all resolutions:
( SP_a 631.193818 108.777594 80.215902 9.993155 )
( SP_A 20.000000 20.000000 20.000000 20.000000 )
( SP_alpha 1.000000 1.000000 1.000000 1.000000 )
( SigmoidMax 1.000000 1.000000 1.000000 1.000000 )
( SigmoidMin -0.635026 -0.971633 -0.971025 -0.988228 )
( SigmoidScale 0.000002 0.000007 0.000013 0.000079 )

Time spent on saving the results, applying the final transform etc.: 122 ms.
Running elastix with parameter file 0: "output/Image62_Green_Channel/2D_Rigid_2D_BSpline/Temp/Parameters_Rigid.txt", has finished.


Current time: Fri Jun  5 04:37:16 2020.
Time used for running elastix with this parameter file:
  7.1s.

-------------------------------------------------------------------------

Total time elapsed: 7.1s.

